{"total": {"lines":{"total":7232,"covered":2662,"skipped":0,"pct":36.8},"statements":{"total":7414,"covered":2706,"skipped":0,"pct":36.49},"functions":{"total":1158,"covered":359,"skipped":0,"pct":31},"branches":{"total":4533,"covered":986,"skipped":0,"pct":21.75},"branchesTrue":{"total":0,"covered":0,"skipped":0,"pct":100}}
,"E:\\BorgoVercelli-postgres\\BorgoVercelli\\src\\app.js": {"lines":{"total":216,"covered":127,"skipped":0,"pct":58.79},"functions":{"total":30,"covered":5,"skipped":0,"pct":16.66},"statements":{"total":226,"covered":128,"skipped":0,"pct":56.63},"branches":{"total":69,"covered":21,"skipped":0,"pct":30.43}}
,"E:\\BorgoVercelli-postgres\\BorgoVercelli\\src\\core\\config\\database.js": {"lines":{"total":55,"covered":24,"skipped":0,"pct":43.63},"functions":{"total":17,"covered":3,"skipped":0,"pct":17.64},"statements":{"total":57,"covered":24,"skipped":0,"pct":42.1},"branches":{"total":35,"covered":8,"skipped":0,"pct":22.85}}
,"E:\\BorgoVercelli-postgres\\BorgoVercelli\\src\\core\\config\\multer.js": {"lines":{"total":24,"covered":13,"skipped":0,"pct":54.16},"functions":{"total":5,"covered":0,"skipped":0,"pct":0},"statements":{"total":24,"covered":13,"skipped":0,"pct":54.16},"branches":{"total":6,"covered":2,"skipped":0,"pct":33.33}}
,"E:\\BorgoVercelli-postgres\\BorgoVercelli\\src\\core\\config\\passport-oauth.js": {"lines":{"total":68,"covered":19,"skipped":0,"pct":27.94},"functions":{"total":9,"covered":4,"skipped":0,"pct":44.44},"statements":{"total":69,"covered":19,"skipped":0,"pct":27.53},"branches":{"total":55,"covered":8,"skipped":0,"pct":14.54}}
,"E:\\BorgoVercelli-postgres\\BorgoVercelli\\src\\core\\config\\redis.js": {"lines":{"total":104,"covered":0,"skipped":0,"pct":0},"functions":{"total":20,"covered":0,"skipped":0,"pct":0},"statements":{"total":106,"covered":0,"skipped":0,"pct":0},"branches":{"total":45,"covered":0,"skipped":0,"pct":0}}
,"E:\\BorgoVercelli-postgres\\BorgoVercelli\\src\\core\\middlewares\\auth.js": {"lines":{"total":123,"covered":12,"skipped":0,"pct":9.75},"functions":{"total":13,"covered":0,"skipped":0,"pct":0},"statements":{"total":124,"covered":12,"skipped":0,"pct":9.67},"branches":{"total":165,"covered":0,"skipped":0,"pct":0}}
,"E:\\BorgoVercelli-postgres\\BorgoVercelli\\src\\core\\middlewares\\getUser.js": {"lines":{"total":4,"covered":1,"skipped":0,"pct":25},"functions":{"total":1,"covered":0,"skipped":0,"pct":0},"statements":{"total":4,"covered":1,"skipped":0,"pct":25},"branches":{"total":5,"covered":0,"skipped":0,"pct":0}}
,"E:\\BorgoVercelli-postgres\\BorgoVercelli\\src\\core\\middlewares\\jwt.js": {"lines":{"total":34,"covered":31,"skipped":0,"pct":91.17},"functions":{"total":4,"covered":4,"skipped":0,"pct":100},"statements":{"total":34,"covered":31,"skipped":0,"pct":91.17},"branches":{"total":16,"covered":16,"skipped":0,"pct":100}}
,"E:\\BorgoVercelli-postgres\\BorgoVercelli\\src\\core\\middlewares\\normalizeUser.js": {"lines":{"total":22,"covered":22,"skipped":0,"pct":100},"functions":{"total":1,"covered":1,"skipped":0,"pct":100},"statements":{"total":24,"covered":24,"skipped":0,"pct":100},"branches":{"total":27,"covered":27,"skipped":0,"pct":100}}
,"E:\\BorgoVercelli-postgres\\BorgoVercelli\\src\\core\\middlewares\\validators.js": {"lines":{"total":76,"covered":50,"skipped":0,"pct":65.78},"functions":{"total":11,"covered":6,"skipped":0,"pct":54.54},"statements":{"total":78,"covered":52,"skipped":0,"pct":66.66},"branches":{"total":43,"covered":10,"skipped":0,"pct":23.25}}
,"E:\\BorgoVercelli-postgres\\BorgoVercelli\\src\\core\\models\\campionato.js": {"lines":{"total":29,"covered":2,"skipped":0,"pct":6.89},"functions":{"total":3,"covered":0,"skipped":0,"pct":0},"statements":{"total":29,"covered":2,"skipped":0,"pct":6.89},"branches":{"total":28,"covered":0,"skipped":0,"pct":0}}
,"E:\\BorgoVercelli-postgres\\BorgoVercelli\\src\\core\\models\\campo.js": {"lines":{"total":25,"covered":17,"skipped":0,"pct":68},"functions":{"total":3,"covered":1,"skipped":0,"pct":33.33},"statements":{"total":25,"covered":17,"skipped":0,"pct":68},"branches":{"total":8,"covered":2,"skipped":0,"pct":25}}
,"E:\\BorgoVercelli-postgres\\BorgoVercelli\\src\\core\\models\\dirigenteSquadra.js": {"lines":{"total":26,"covered":1,"skipped":0,"pct":3.84},"functions":{"total":3,"covered":0,"skipped":0,"pct":0},"statements":{"total":26,"covered":1,"skipped":0,"pct":3.84},"branches":{"total":10,"covered":0,"skipped":0,"pct":0}}
,"E:\\BorgoVercelli-postgres\\BorgoVercelli\\src\\core\\models\\evento.js": {"lines":{"total":54,"covered":22,"skipped":0,"pct":40.74},"functions":{"total":4,"covered":1,"skipped":0,"pct":25},"statements":{"total":54,"covered":22,"skipped":0,"pct":40.74},"branches":{"total":22,"covered":4,"skipped":0,"pct":18.18}}
,"E:\\BorgoVercelli-postgres\\BorgoVercelli\\src\\core\\models\\giocatore.js": {"lines":{"total":31,"covered":2,"skipped":0,"pct":6.45},"functions":{"total":3,"covered":0,"skipped":0,"pct":0},"statements":{"total":31,"covered":2,"skipped":0,"pct":6.45},"branches":{"total":12,"covered":0,"skipped":0,"pct":0}}
,"E:\\BorgoVercelli-postgres\\BorgoVercelli\\src\\core\\models\\immagine.js": {"lines":{"total":18,"covered":10,"skipped":0,"pct":55.55},"functions":{"total":3,"covered":1,"skipped":0,"pct":33.33},"statements":{"total":18,"covered":10,"skipped":0,"pct":55.55},"branches":{"total":4,"covered":0,"skipped":0,"pct":0}}
,"E:\\BorgoVercelli-postgres\\BorgoVercelli\\src\\core\\models\\notizia.js": {"lines":{"total":54,"covered":16,"skipped":0,"pct":29.62},"functions":{"total":4,"covered":1,"skipped":0,"pct":25},"statements":{"total":56,"covered":16,"skipped":0,"pct":28.57},"branches":{"total":32,"covered":7,"skipped":0,"pct":21.87}}
,"E:\\BorgoVercelli-postgres\\BorgoVercelli\\src\\core\\models\\prenotazione.js": {"lines":{"total":26,"covered":14,"skipped":0,"pct":53.84},"functions":{"total":3,"covered":1,"skipped":0,"pct":33.33},"statements":{"total":26,"covered":14,"skipped":0,"pct":53.84},"branches":{"total":8,"covered":2,"skipped":0,"pct":25}}
,"E:\\BorgoVercelli-postgres\\BorgoVercelli\\src\\core\\models\\recensione.js": {"lines":{"total":19,"covered":0,"skipped":0,"pct":0},"functions":{"total":3,"covered":0,"skipped":0,"pct":0},"statements":{"total":19,"covered":0,"skipped":0,"pct":0},"branches":{"total":10,"covered":0,"skipped":0,"pct":0}}
,"E:\\BorgoVercelli-postgres\\BorgoVercelli\\src\\core\\models\\squadra.js": {"lines":{"total":16,"covered":1,"skipped":0,"pct":6.25},"functions":{"total":3,"covered":0,"skipped":0,"pct":0},"statements":{"total":16,"covered":1,"skipped":0,"pct":6.25},"branches":{"total":10,"covered":0,"skipped":0,"pct":0}}
,"E:\\BorgoVercelli-postgres\\BorgoVercelli\\src\\core\\models\\user.js": {"lines":{"total":24,"covered":11,"skipped":0,"pct":45.83},"functions":{"total":8,"covered":2,"skipped":0,"pct":25},"statements":{"total":26,"covered":11,"skipped":0,"pct":42.3},"branches":{"total":12,"covered":3,"skipped":0,"pct":25}}
,"E:\\BorgoVercelli-postgres\\BorgoVercelli\\src\\features\\admin\\controllers\\ExportStatisticheController.js": {"lines":{"total":829,"covered":820,"skipped":0,"pct":98.91},"functions":{"total":77,"covered":75,"skipped":0,"pct":97.4},"statements":{"total":845,"covered":834,"skipped":0,"pct":98.69},"branches":{"total":586,"covered":396,"skipped":0,"pct":67.57}}
,"E:\\BorgoVercelli-postgres\\BorgoVercelli\\src\\features\\admin\\routes\\admin.js": {"lines":{"total":681,"covered":113,"skipped":0,"pct":16.59},"functions":{"total":63,"covered":8,"skipped":0,"pct":12.69},"statements":{"total":683,"covered":113,"skipped":0,"pct":16.54},"branches":{"total":258,"covered":9,"skipped":0,"pct":3.48}}
,"E:\\BorgoVercelli-postgres\\BorgoVercelli\\src\\features\\admin\\services\\dao-admin.js": {"lines":{"total":57,"covered":2,"skipped":0,"pct":3.5},"functions":{"total":14,"covered":0,"skipped":0,"pct":0},"statements":{"total":58,"covered":2,"skipped":0,"pct":3.44},"branches":{"total":23,"covered":0,"skipped":0,"pct":0}}
,"E:\\BorgoVercelli-postgres\\BorgoVercelli\\src\\features\\auth\\routes\\login_register.js": {"lines":{"total":266,"covered":32,"skipped":0,"pct":12.03},"functions":{"total":19,"covered":0,"skipped":0,"pct":0},"statements":{"total":279,"covered":32,"skipped":0,"pct":11.46},"branches":{"total":182,"covered":0,"skipped":0,"pct":0}}
,"E:\\BorgoVercelli-postgres\\BorgoVercelli\\src\\features\\auth\\routes\\oauth.js": {"lines":{"total":31,"covered":10,"skipped":0,"pct":32.25},"functions":{"total":9,"covered":0,"skipped":0,"pct":0},"statements":{"total":34,"covered":10,"skipped":0,"pct":29.41},"branches":{"total":18,"covered":0,"skipped":0,"pct":0}}
,"E:\\BorgoVercelli-postgres\\BorgoVercelli\\src\\features\\campionati\\routes\\campionati.js": {"lines":{"total":38,"covered":6,"skipped":0,"pct":15.78},"functions":{"total":3,"covered":0,"skipped":0,"pct":0},"statements":{"total":39,"covered":6,"skipped":0,"pct":15.38},"branches":{"total":16,"covered":0,"skipped":0,"pct":0}}
,"E:\\BorgoVercelli-postgres\\BorgoVercelli\\src\\features\\campionati\\services\\dao-campionati.js": {"lines":{"total":154,"covered":15,"skipped":0,"pct":9.74},"functions":{"total":40,"covered":0,"skipped":0,"pct":0},"statements":{"total":154,"covered":15,"skipped":0,"pct":9.74},"branches":{"total":202,"covered":0,"skipped":0,"pct":0}}
,"E:\\BorgoVercelli-postgres\\BorgoVercelli\\src\\features\\eventi\\routes\\eventi.js": {"lines":{"total":142,"covered":23,"skipped":0,"pct":16.19},"functions":{"total":14,"covered":0,"skipped":0,"pct":0},"statements":{"total":142,"covered":23,"skipped":0,"pct":16.19},"branches":{"total":68,"covered":0,"skipped":0,"pct":0}}
,"E:\\BorgoVercelli-postgres\\BorgoVercelli\\src\\features\\eventi\\services\\dao-eventi.js": {"lines":{"total":140,"covered":56,"skipped":0,"pct":40},"functions":{"total":40,"covered":18,"skipped":0,"pct":45},"statements":{"total":140,"covered":56,"skipped":0,"pct":40},"branches":{"total":76,"covered":21,"skipped":0,"pct":27.63}}
,"E:\\BorgoVercelli-postgres\\BorgoVercelli\\src\\features\\galleria\\routes\\galleria.js": {"lines":{"total":52,"covered":12,"skipped":0,"pct":23.07},"functions":{"total":7,"covered":0,"skipped":0,"pct":0},"statements":{"total":52,"covered":12,"skipped":0,"pct":23.07},"branches":{"total":22,"covered":0,"skipped":0,"pct":0}}
,"E:\\BorgoVercelli-postgres\\BorgoVercelli\\src\\features\\galleria\\services\\dao-galleria.js": {"lines":{"total":99,"covered":11,"skipped":0,"pct":11.11},"functions":{"total":27,"covered":0,"skipped":0,"pct":0},"statements":{"total":100,"covered":11,"skipped":0,"pct":11},"branches":{"total":50,"covered":0,"skipped":0,"pct":0}}
,"E:\\BorgoVercelli-postgres\\BorgoVercelli\\src\\features\\notizie\\routes\\notizie.js": {"lines":{"total":193,"covered":25,"skipped":0,"pct":12.95},"functions":{"total":20,"covered":0,"skipped":0,"pct":0},"statements":{"total":196,"covered":25,"skipped":0,"pct":12.75},"branches":{"total":96,"covered":0,"skipped":0,"pct":0}}
,"E:\\BorgoVercelli-postgres\\BorgoVercelli\\src\\features\\notizie\\services\\dao-notizie.js": {"lines":{"total":156,"covered":41,"skipped":0,"pct":26.28},"functions":{"total":45,"covered":12,"skipped":0,"pct":26.66},"statements":{"total":161,"covered":42,"skipped":0,"pct":26.08},"branches":{"total":150,"covered":54,"skipped":0,"pct":36}}
,"E:\\BorgoVercelli-postgres\\BorgoVercelli\\src\\features\\prenotazioni\\routes\\prenotazione.js": {"lines":{"total":337,"covered":27,"skipped":0,"pct":8.01},"functions":{"total":30,"covered":0,"skipped":0,"pct":0},"statements":{"total":339,"covered":27,"skipped":0,"pct":7.96},"branches":{"total":175,"covered":0,"skipped":0,"pct":0}}
,"E:\\BorgoVercelli-postgres\\BorgoVercelli\\src\\features\\prenotazioni\\services\\dao-campi.js": {"lines":{"total":127,"covered":14,"skipped":0,"pct":11.02},"functions":{"total":36,"covered":0,"skipped":0,"pct":0},"statements":{"total":128,"covered":14,"skipped":0,"pct":10.93},"branches":{"total":98,"covered":0,"skipped":0,"pct":0}}
,"E:\\BorgoVercelli-postgres\\BorgoVercelli\\src\\features\\prenotazioni\\services\\dao-prenotazione.js": {"lines":{"total":223,"covered":133,"skipped":0,"pct":59.64},"functions":{"total":67,"covered":36,"skipped":0,"pct":53.73},"statements":{"total":238,"covered":136,"skipped":0,"pct":57.14},"branches":{"total":163,"covered":64,"skipped":0,"pct":39.26}}
,"E:\\BorgoVercelli-postgres\\BorgoVercelli\\src\\features\\recensioni\\routes\\recensioni.js": {"lines":{"total":70,"covered":13,"skipped":0,"pct":18.57},"functions":{"total":7,"covered":0,"skipped":0,"pct":0},"statements":{"total":70,"covered":13,"skipped":0,"pct":18.57},"branches":{"total":29,"covered":0,"skipped":0,"pct":0}}
,"E:\\BorgoVercelli-postgres\\BorgoVercelli\\src\\features\\recensioni\\services\\dao-recensioni.js": {"lines":{"total":77,"covered":46,"skipped":0,"pct":59.74},"functions":{"total":30,"covered":18,"skipped":0,"pct":60},"statements":{"total":77,"covered":46,"skipped":0,"pct":59.74},"branches":{"total":38,"covered":15,"skipped":0,"pct":39.47}}
,"E:\\BorgoVercelli-postgres\\BorgoVercelli\\src\\features\\squadre\\routes\\squadre.js": {"lines":{"total":316,"covered":38,"skipped":0,"pct":12.02},"functions":{"total":31,"covered":0,"skipped":0,"pct":0},"statements":{"total":318,"covered":38,"skipped":0,"pct":11.94},"branches":{"total":155,"covered":0,"skipped":0,"pct":0}}
,"E:\\BorgoVercelli-postgres\\BorgoVercelli\\src\\features\\squadre\\services\\dao-dirigenti-squadre.js": {"lines":{"total":124,"covered":14,"skipped":0,"pct":11.29},"functions":{"total":34,"covered":0,"skipped":0,"pct":0},"statements":{"total":127,"covered":14,"skipped":0,"pct":11.02},"branches":{"total":137,"covered":0,"skipped":0,"pct":0}}
,"E:\\BorgoVercelli-postgres\\BorgoVercelli\\src\\features\\squadre\\services\\dao-membri-societa.js": {"lines":{"total":22,"covered":2,"skipped":0,"pct":9.09},"functions":{"total":6,"covered":0,"skipped":0,"pct":0},"statements":{"total":22,"covered":2,"skipped":0,"pct":9.09},"branches":{"total":8,"covered":0,"skipped":0,"pct":0}}
,"E:\\BorgoVercelli-postgres\\BorgoVercelli\\src\\features\\squadre\\services\\dao-squadre.js": {"lines":{"total":199,"covered":23,"skipped":0,"pct":11.55},"functions":{"total":59,"covered":0,"skipped":0,"pct":0},"statements":{"total":199,"covered":23,"skipped":0,"pct":11.55},"branches":{"total":121,"covered":0,"skipped":0,"pct":0}}
,"E:\\BorgoVercelli-postgres\\BorgoVercelli\\src\\features\\users\\routes\\users.js": {"lines":{"total":25,"covered":10,"skipped":0,"pct":40},"functions":{"total":2,"covered":0,"skipped":0,"pct":0},"statements":{"total":25,"covered":10,"skipped":0,"pct":40},"branches":{"total":8,"covered":0,"skipped":0,"pct":0}}
,"E:\\BorgoVercelli-postgres\\BorgoVercelli\\src\\features\\users\\services\\dao-dati-personali.js": {"lines":{"total":21,"covered":21,"skipped":0,"pct":100},"functions":{"total":9,"covered":9,"skipped":0,"pct":100},"statements":{"total":24,"covered":21,"skipped":0,"pct":87.5},"branches":{"total":12,"covered":6,"skipped":0,"pct":50}}
,"E:\\BorgoVercelli-postgres\\BorgoVercelli\\src\\features\\users\\services\\dao-preferenze.js": {"lines":{"total":21,"covered":12,"skipped":0,"pct":57.14},"functions":{"total":9,"covered":3,"skipped":0,"pct":33.33},"statements":{"total":24,"covered":12,"skipped":0,"pct":50},"branches":{"total":12,"covered":3,"skipped":0,"pct":25}}
,"E:\\BorgoVercelli-postgres\\BorgoVercelli\\src\\features\\users\\services\\dao-reset-token.js": {"lines":{"total":21,"covered":5,"skipped":0,"pct":23.8},"functions":{"total":9,"covered":0,"skipped":0,"pct":0},"statements":{"total":24,"covered":5,"skipped":0,"pct":20.83},"branches":{"total":8,"covered":0,"skipped":0,"pct":0}}
,"E:\\BorgoVercelli-postgres\\BorgoVercelli\\src\\features\\users\\services\\dao-sospensioni.js": {"lines":{"total":94,"covered":60,"skipped":0,"pct":63.82},"functions":{"total":34,"covered":22,"skipped":0,"pct":64.7},"statements":{"total":111,"covered":62,"skipped":0,"pct":55.85},"branches":{"total":70,"covered":17,"skipped":0,"pct":24.28}}
,"E:\\BorgoVercelli-postgres\\BorgoVercelli\\src\\features\\users\\services\\dao-user.js": {"lines":{"total":372,"covered":255,"skipped":0,"pct":68.54},"functions":{"total":107,"covered":80,"skipped":0,"pct":74.76},"statements":{"total":401,"covered":261,"skipped":0,"pct":65.08},"branches":{"total":196,"covered":83,"skipped":0,"pct":42.34}}
,"E:\\BorgoVercelli-postgres\\BorgoVercelli\\src\\server\\create-admin.js": {"lines":{"total":28,"covered":0,"skipped":0,"pct":0},"functions":{"total":6,"covered":0,"skipped":0,"pct":0},"statements":{"total":28,"covered":0,"skipped":0,"pct":0},"branches":{"total":4,"covered":0,"skipped":0,"pct":0}}
,"E:\\BorgoVercelli-postgres\\BorgoVercelli\\src\\server\\workers\\booking-reminder-worker.js": {"lines":{"total":83,"covered":0,"skipped":0,"pct":0},"functions":{"total":12,"covered":0,"skipped":0,"pct":0},"statements":{"total":84,"covered":0,"skipped":0,"pct":0},"branches":{"total":22,"covered":0,"skipped":0,"pct":0}}
,"E:\\BorgoVercelli-postgres\\BorgoVercelli\\src\\server\\workers\\notifications-worker.js": {"lines":{"total":134,"covered":12,"skipped":0,"pct":8.95},"functions":{"total":18,"covered":0,"skipped":0,"pct":0},"statements":{"total":141,"covered":12,"skipped":0,"pct":8.51},"branches":{"total":56,"covered":1,"skipped":0,"pct":1.78}}
,"E:\\BorgoVercelli-postgres\\BorgoVercelli\\src\\shared\\routes\\email.js": {"lines":{"total":14,"covered":6,"skipped":0,"pct":42.85},"functions":{"total":1,"covered":0,"skipped":0,"pct":0},"statements":{"total":14,"covered":6,"skipped":0,"pct":42.85},"branches":{"total":4,"covered":0,"skipped":0,"pct":0}}
,"E:\\BorgoVercelli-postgres\\BorgoVercelli\\src\\shared\\routes\\index.js": {"lines":{"total":209,"covered":32,"skipped":0,"pct":15.31},"functions":{"total":25,"covered":0,"skipped":0,"pct":0},"statements":{"total":211,"covered":32,"skipped":0,"pct":15.16},"branches":{"total":154,"covered":0,"skipped":0,"pct":0}}
,"E:\\BorgoVercelli-postgres\\BorgoVercelli\\src\\shared\\routes\\push.js": {"lines":{"total":166,"covered":18,"skipped":0,"pct":10.84},"functions":{"total":19,"covered":0,"skipped":0,"pct":0},"statements":{"total":170,"covered":18,"skipped":0,"pct":10.58},"branches":{"total":155,"covered":0,"skipped":0,"pct":0}}
,"E:\\BorgoVercelli-postgres\\BorgoVercelli\\src\\shared\\routes\\search.js": {"lines":{"total":25,"covered":0,"skipped":0,"pct":0},"functions":{"total":1,"covered":0,"skipped":0,"pct":0},"statements":{"total":25,"covered":0,"skipped":0,"pct":0},"branches":{"total":26,"covered":0,"skipped":0,"pct":0}}
,"E:\\BorgoVercelli-postgres\\BorgoVercelli\\src\\shared\\routes\\session.js": {"lines":{"total":87,"covered":13,"skipped":0,"pct":14.94},"functions":{"total":13,"covered":0,"skipped":0,"pct":0},"statements":{"total":90,"covered":13,"skipped":0,"pct":14.44},"branches":{"total":53,"covered":0,"skipped":0,"pct":0}}
,"E:\\BorgoVercelli-postgres\\BorgoVercelli\\src\\shared\\routes\\sitemap.js": {"lines":{"total":39,"covered":9,"skipped":0,"pct":23.07},"functions":{"total":5,"covered":0,"skipped":0,"pct":0},"statements":{"total":39,"covered":9,"skipped":0,"pct":23.07},"branches":{"total":19,"covered":0,"skipped":0,"pct":0}}
,"E:\\BorgoVercelli-postgres\\BorgoVercelli\\src\\shared\\services\\email-service.js": {"lines":{"total":205,"covered":93,"skipped":0,"pct":45.36},"functions":{"total":15,"covered":6,"skipped":0,"pct":40},"statements":{"total":209,"covered":94,"skipped":0,"pct":44.97},"branches":{"total":279,"covered":94,"skipped":0,"pct":33.69}}
,"E:\\BorgoVercelli-postgres\\BorgoVercelli\\src\\shared\\services\\notifications.js": {"lines":{"total":51,"covered":47,"skipped":0,"pct":92.15},"functions":{"total":4,"covered":4,"skipped":0,"pct":100},"statements":{"total":51,"covered":47,"skipped":0,"pct":92.15},"branches":{"total":13,"covered":13,"skipped":0,"pct":100}}
,"E:\\BorgoVercelli-postgres\\BorgoVercelli\\src\\shared\\services\\webpush.js": {"lines":{"total":229,"covered":171,"skipped":0,"pct":74.67},"functions":{"total":38,"covered":36,"skipped":0,"pct":94.73},"statements":{"total":240,"covered":180,"skipped":0,"pct":75},"branches":{"total":131,"covered":86,"skipped":0,"pct":65.64}}
,"E:\\BorgoVercelli-postgres\\BorgoVercelli\\src\\shared\\utils\\file-helper.js": {"lines":{"total":27,"covered":27,"skipped":0,"pct":100},"functions":{"total":2,"covered":2,"skipped":0,"pct":100},"statements":{"total":30,"covered":30,"skipped":0,"pct":100},"branches":{"total":18,"covered":14,"skipped":0,"pct":77.77}}
}
