{"E:\\BorgoVercelli-postgres\\BorgoVercelli\\src\\core\\config\\database.js": {"path":"E:\\BorgoVercelli-postgres\\BorgoVercelli\\src\\core\\config\\database.js","statementMap":{"0":{"start":{"line":11,"column":0},"end":{"line":26,"column":1}},"1":{"start":{"line":12,"column":2},"end":{"line":12,"column":79}},"2":{"start":{"line":13,"column":2},"end":{"line":15,"column":4}},"3":{"start":{"line":16,"column":2},"end":{"line":18,"column":4}},"4":{"start":{"line":23,"column":2},"end":{"line":25,"column":4}},"5":{"start":{"line":29,"column":18},"end":{"line":29,"column":72}},"6":{"start":{"line":30,"column":0},"end":{"line":30,"column":65}},"7":{"start":{"line":32,"column":17},"end":{"line":32,"column":30}},"8":{"start":{"line":36,"column":18},"end":{"line":36,"column":31}},"9":{"start":{"line":37,"column":0},"end":{"line":37,"column":40}},"10":{"start":{"line":37,"column":35},"end":{"line":37,"column":38}},"11":{"start":{"line":39,"column":25},"end":{"line":39,"column":49}},"12":{"start":{"line":41,"column":2},"end":{"line":41,"column":78}},"13":{"start":{"line":43,"column":13},"end":{"line":50,"column":2}},"14":{"start":{"line":52,"column":0},"end":{"line":52,"column":58}},"15":{"start":{"line":53,"column":0},"end":{"line":53,"column":64}},"16":{"start":{"line":54,"column":0},"end":{"line":54,"column":75}},"17":{"start":{"line":57,"column":0},"end":{"line":60,"column":3}},"18":{"start":{"line":58,"column":2},"end":{"line":58,"column":67}},"19":{"start":{"line":66,"column":14},"end":{"line":84,"column":4}},"20":{"start":{"line":71,"column":4},"end":{"line":71,"column":79}},"21":{"start":{"line":72,"column":4},"end":{"line":72,"column":16}},"22":{"start":{"line":75,"column":4},"end":{"line":78,"column":6}},"23":{"start":{"line":79,"column":4},"end":{"line":81,"column":6}},"24":{"start":{"line":83,"column":4},"end":{"line":83,"column":14}},"25":{"start":{"line":88,"column":14},"end":{"line":88,"column":15}},"26":{"start":{"line":89,"column":2},"end":{"line":92,"column":5}},"27":{"start":{"line":90,"column":4},"end":{"line":90,"column":15}},"28":{"start":{"line":91,"column":4},"end":{"line":91,"column":23}},"29":{"start":{"line":95,"column":11},"end":{"line":142,"column":1}},"30":{"start":{"line":97,"column":4},"end":{"line":100,"column":5}},"31":{"start":{"line":98,"column":6},"end":{"line":98,"column":18}},"32":{"start":{"line":99,"column":6},"end":{"line":99,"column":18}},"33":{"start":{"line":101,"column":18},"end":{"line":101,"column":50}},"34":{"start":{"line":102,"column":4},"end":{"line":108,"column":37}},"35":{"start":{"line":106,"column":10},"end":{"line":106,"column":75}},"36":{"start":{"line":108,"column":22},"end":{"line":108,"column":35}},"37":{"start":{"line":111,"column":4},"end":{"line":114,"column":5}},"38":{"start":{"line":112,"column":6},"end":{"line":112,"column":18}},"39":{"start":{"line":113,"column":6},"end":{"line":113,"column":18}},"40":{"start":{"line":115,"column":18},"end":{"line":115,"column":50}},"41":{"start":{"line":116,"column":4},"end":{"line":119,"column":37}},"42":{"start":{"line":118,"column":21},"end":{"line":118,"column":45}},"43":{"start":{"line":119,"column":22},"end":{"line":119,"column":35}},"44":{"start":{"line":122,"column":4},"end":{"line":125,"column":5}},"45":{"start":{"line":123,"column":6},"end":{"line":123,"column":18}},"46":{"start":{"line":124,"column":6},"end":{"line":124,"column":18}},"47":{"start":{"line":126,"column":18},"end":{"line":126,"column":50}},"48":{"start":{"line":127,"column":4},"end":{"line":132,"column":37}},"49":{"start":{"line":130,"column":8},"end":{"line":130,"column":69}},"50":{"start":{"line":130,"column":16},"end":{"line":130,"column":69}},"51":{"start":{"line":132,"column":22},"end":{"line":132,"column":35}},"52":{"start":{"line":136,"column":18},"end":{"line":136,"column":50}},"53":{"start":{"line":137,"column":4},"end":{"line":137,"column":37}},"54":{"start":{"line":139,"column":15},"end":{"line":139,"column":25}},"55":{"start":{"line":145,"column":0},"end":{"line":145,"column":17}},"56":{"start":{"line":147,"column":0},"end":{"line":147,"column":20}}},"fnMap":{"0":{"name":"(anonymous_0)","decl":{"start":{"line":37,"column":26},"end":{"line":37,"column":27}},"loc":{"start":{"line":37,"column":35},"end":{"line":37,"column":38}},"line":37},"1":{"name":"(anonymous_1)","decl":{"start":{"line":57,"column":17},"end":{"line":57,"column":18}},"loc":{"start":{"line":57,"column":34},"end":{"line":60,"column":1}},"line":57},"2":{"name":"(anonymous_2)","decl":{"start":{"line":70,"column":8},"end":{"line":70,"column":9}},"loc":{"start":{"line":70,"column":14},"end":{"line":73,"column":3}},"line":70},"3":{"name":"(anonymous_3)","decl":{"start":{"line":74,"column":9},"end":{"line":74,"column":10}},"loc":{"start":{"line":74,"column":18},"end":{"line":84,"column":3}},"line":74},"4":{"name":"convertQuestionPlaceholders","decl":{"start":{"line":87,"column":9},"end":{"line":87,"column":36}},"loc":{"start":{"line":87,"column":42},"end":{"line":93,"column":1}},"line":87},"5":{"name":"(anonymous_5)","decl":{"start":{"line":89,"column":28},"end":{"line":89,"column":29}},"loc":{"start":{"line":89,"column":34},"end":{"line":92,"column":3}},"line":89},"6":{"name":"(anonymous_6)","decl":{"start":{"line":96,"column":7},"end":{"line":96,"column":8}},"loc":{"start":{"line":96,"column":28},"end":{"line":109,"column":3}},"line":96},"7":{"name":"(anonymous_7)","decl":{"start":{"line":105,"column":8},"end":{"line":105,"column":9}},"loc":{"start":{"line":106,"column":10},"end":{"line":106,"column":75}},"line":106},"8":{"name":"(anonymous_8)","decl":{"start":{"line":108,"column":13},"end":{"line":108,"column":14}},"loc":{"start":{"line":108,"column":22},"end":{"line":108,"column":35}},"line":108},"9":{"name":"(anonymous_9)","decl":{"start":{"line":110,"column":7},"end":{"line":110,"column":8}},"loc":{"start":{"line":110,"column":28},"end":{"line":120,"column":3}},"line":110},"10":{"name":"(anonymous_10)","decl":{"start":{"line":118,"column":12},"end":{"line":118,"column":13}},"loc":{"start":{"line":118,"column":21},"end":{"line":118,"column":45}},"line":118},"11":{"name":"(anonymous_11)","decl":{"start":{"line":119,"column":13},"end":{"line":119,"column":14}},"loc":{"start":{"line":119,"column":22},"end":{"line":119,"column":35}},"line":119},"12":{"name":"(anonymous_12)","decl":{"start":{"line":121,"column":7},"end":{"line":121,"column":8}},"loc":{"start":{"line":121,"column":28},"end":{"line":133,"column":3}},"line":121},"13":{"name":"(anonymous_13)","decl":{"start":{"line":129,"column":12},"end":{"line":129,"column":13}},"loc":{"start":{"line":129,"column":21},"end":{"line":131,"column":7}},"line":129},"14":{"name":"(anonymous_14)","decl":{"start":{"line":132,"column":13},"end":{"line":132,"column":14}},"loc":{"start":{"line":132,"column":22},"end":{"line":132,"column":35}},"line":132},"15":{"name":"(anonymous_15)","decl":{"start":{"line":135,"column":9},"end":{"line":135,"column":10}},"loc":{"start":{"line":135,"column":31},"end":{"line":138,"column":3}},"line":135},"16":{"name":"(anonymous_16)","decl":{"start":{"line":139,"column":9},"end":{"line":139,"column":10}},"loc":{"start":{"line":139,"column":15},"end":{"line":139,"column":25}},"line":139}},"branchMap":{"0":{"loc":{"start":{"line":11,"column":0},"end":{"line":26,"column":1}},"type":"if","locations":[{"start":{"line":11,"column":0},"end":{"line":26,"column":1}},{"start":{},"end":{}}],"line":11},"1":{"loc":{"start":{"line":41,"column":2},"end":{"line":41,"column":78}},"type":"binary-expr","locations":[{"start":{"line":41,"column":2},"end":{"line":41,"column":39}},{"start":{"line":41,"column":43},"end":{"line":41,"column":78}}],"line":41},"2":{"loc":{"start":{"line":45,"column":7},"end":{"line":45,"column":53}},"type":"cond-expr","locations":[{"start":{"line":45,"column":16},"end":{"line":45,"column":45}},{"start":{"line":45,"column":48},"end":{"line":45,"column":53}}],"line":45},"3":{"loc":{"start":{"line":53,"column":31},"end":{"line":53,"column":62}},"type":"cond-expr","locations":[{"start":{"line":53,"column":40},"end":{"line":53,"column":49}},{"start":{"line":53,"column":52},"end":{"line":53,"column":62}}],"line":53},"4":{"loc":{"start":{"line":54,"column":36},"end":{"line":54,"column":73}},"type":"binary-expr","locations":[{"start":{"line":54,"column":36},"end":{"line":54,"column":56}},{"start":{"line":54,"column":60},"end":{"line":54,"column":73}}],"line":54},"5":{"loc":{"start":{"line":66,"column":14},"end":{"line":84,"column":4}},"type":"cond-expr","locations":[{"start":{"line":67,"column":4},"end":{"line":67,"column":25}},{"start":{"line":68,"column":4},"end":{"line":84,"column":4}}],"line":66},"6":{"loc":{"start":{"line":97,"column":4},"end":{"line":100,"column":5}},"type":"if","locations":[{"start":{"line":97,"column":4},"end":{"line":100,"column":5}},{"start":{},"end":{}}],"line":97},"7":{"loc":{"start":{"line":106,"column":10},"end":{"line":106,"column":75}},"type":"binary-expr","locations":[{"start":{"line":106,"column":10},"end":{"line":106,"column":12}},{"start":{"line":106,"column":16},"end":{"line":106,"column":75}}],"line":106},"8":{"loc":{"start":{"line":106,"column":25},"end":{"line":106,"column":74}},"type":"cond-expr","locations":[{"start":{"line":106,"column":51},"end":{"line":106,"column":62}},{"start":{"line":106,"column":65},"end":{"line":106,"column":74}}],"line":106},"9":{"loc":{"start":{"line":106,"column":25},"end":{"line":106,"column":48}},"type":"binary-expr","locations":[{"start":{"line":106,"column":25},"end":{"line":106,"column":33}},{"start":{"line":106,"column":37},"end":{"line":106,"column":48}}],"line":106},"10":{"loc":{"start":{"line":108,"column":22},"end":{"line":108,"column":35}},"type":"binary-expr","locations":[{"start":{"line":108,"column":22},"end":{"line":108,"column":24}},{"start":{"line":108,"column":28},"end":{"line":108,"column":35}}],"line":108},"11":{"loc":{"start":{"line":111,"column":4},"end":{"line":114,"column":5}},"type":"if","locations":[{"start":{"line":111,"column":4},"end":{"line":114,"column":5}},{"start":{},"end":{}}],"line":111},"12":{"loc":{"start":{"line":118,"column":21},"end":{"line":118,"column":45}},"type":"binary-expr","locations":[{"start":{"line":118,"column":21},"end":{"line":118,"column":23}},{"start":{"line":118,"column":27},"end":{"line":118,"column":45}}],"line":118},"13":{"loc":{"start":{"line":119,"column":22},"end":{"line":119,"column":35}},"type":"binary-expr","locations":[{"start":{"line":119,"column":22},"end":{"line":119,"column":24}},{"start":{"line":119,"column":28},"end":{"line":119,"column":35}}],"line":119},"14":{"loc":{"start":{"line":122,"column":4},"end":{"line":125,"column":5}},"type":"if","locations":[{"start":{"line":122,"column":4},"end":{"line":125,"column":5}},{"start":{},"end":{}}],"line":122},"15":{"loc":{"start":{"line":130,"column":8},"end":{"line":130,"column":69}},"type":"if","locations":[{"start":{"line":130,"column":8},"end":{"line":130,"column":69}},{"start":{},"end":{}}],"line":130},"16":{"loc":{"start":{"line":132,"column":22},"end":{"line":132,"column":35}},"type":"binary-expr","locations":[{"start":{"line":132,"column":22},"end":{"line":132,"column":24}},{"start":{"line":132,"column":28},"end":{"line":132,"column":35}}],"line":132},"17":{"loc":{"start":{"line":135,"column":15},"end":{"line":135,"column":26}},"type":"default-arg","locations":[{"start":{"line":135,"column":24},"end":{"line":135,"column":26}}],"line":135}},"s":{"0":2,"1":0,"2":0,"3":0,"4":0,"5":2,"6":2,"7":2,"8":2,"9":2,"10":0,"11":2,"12":2,"13":2,"14":2,"15":2,"16":2,"17":2,"18":0,"19":2,"20":0,"21":0,"22":0,"23":0,"24":0,"25":1,"26":1,"27":1,"28":1,"29":2,"30":0,"31":0,"32":0,"33":0,"34":0,"35":0,"36":0,"37":1,"38":0,"39":0,"40":1,"41":1,"42":0,"43":0,"44":0,"45":0,"46":0,"47":0,"48":0,"49":0,"50":0,"51":0,"52":0,"53":0,"54":0,"55":2,"56":2},"f":{"0":0,"1":0,"2":0,"3":0,"4":1,"5":1,"6":0,"7":0,"8":0,"9":1,"10":0,"11":0,"12":0,"13":0,"14":0,"15":0,"16":0},"b":{"0":[0,2],"1":[2,2],"2":[0,2],"3":[0,2],"4":[2,0],"5":[2,0],"6":[0,0],"7":[0,0],"8":[0,0],"9":[0,0],"10":[0,0],"11":[0,1],"12":[0,0],"13":[0,0],"14":[0,0],"15":[0,0],"16":[0,0],"17":[0]},"_coverageSchema":"1a1c01bbd47fc00a2c39e90264f33305004495a9","hash":"9cea2148c60b15a23005a82ccdf881d99e928a7b"}
,"E:\\BorgoVercelli-postgres\\BorgoVercelli\\src\\core\\config\\multer.js": {"path":"E:\\BorgoVercelli-postgres\\BorgoVercelli\\src\\core\\config\\multer.js","statementMap":{"0":{"start":{"line":1,"column":15},"end":{"line":1,"column":32}},"1":{"start":{"line":2,"column":13},"end":{"line":2,"column":28}},"2":{"start":{"line":3,"column":11},"end":{"line":3,"column":24}},"3":{"start":{"line":8,"column":18},"end":{"line":10,"column":56}},"4":{"start":{"line":12,"column":0},"end":{"line":12,"column":53}},"5":{"start":{"line":15,"column":0},"end":{"line":18,"column":1}},"6":{"start":{"line":16,"column":2},"end":{"line":16,"column":64}},"7":{"start":{"line":17,"column":2},"end":{"line":17,"column":47}},"8":{"start":{"line":20,"column":16},"end":{"line":29,"column":2}},"9":{"start":{"line":22,"column":4},"end":{"line":22,"column":24}},"10":{"start":{"line":26,"column":6},"end":{"line":26,"column":73}},"11":{"start":{"line":27,"column":4},"end":{"line":27,"column":25}},"12":{"start":{"line":31,"column":23},"end":{"line":43,"column":2}},"13":{"start":{"line":33,"column":4},"end":{"line":33,"column":24}},"14":{"start":{"line":37,"column":6},"end":{"line":40,"column":54}},"15":{"start":{"line":41,"column":4},"end":{"line":41,"column":25}},"16":{"start":{"line":45,"column":19},"end":{"line":51,"column":1}},"17":{"start":{"line":46,"column":2},"end":{"line":50,"column":3}},"18":{"start":{"line":47,"column":4},"end":{"line":47,"column":19}},"19":{"start":{"line":49,"column":4},"end":{"line":49,"column":61}},"20":{"start":{"line":53,"column":21},"end":{"line":58,"column":1}},"21":{"start":{"line":61,"column":15},"end":{"line":64,"column":2}},"22":{"start":{"line":67,"column":22},"end":{"line":70,"column":2}},"23":{"start":{"line":72,"column":0},"end":{"line":76,"column":2}}},"fnMap":{"0":{"name":"(anonymous_0)","decl":{"start":{"line":21,"column":15},"end":{"line":21,"column":16}},"loc":{"start":{"line":21,"column":34},"end":{"line":23,"column":3}},"line":21},"1":{"name":"(anonymous_1)","decl":{"start":{"line":24,"column":12},"end":{"line":24,"column":13}},"loc":{"start":{"line":24,"column":31},"end":{"line":28,"column":3}},"line":24},"2":{"name":"(anonymous_2)","decl":{"start":{"line":32,"column":15},"end":{"line":32,"column":16}},"loc":{"start":{"line":32,"column":34},"end":{"line":34,"column":3}},"line":32},"3":{"name":"(anonymous_3)","decl":{"start":{"line":35,"column":12},"end":{"line":35,"column":13}},"loc":{"start":{"line":35,"column":31},"end":{"line":42,"column":3}},"line":35},"4":{"name":"(anonymous_4)","decl":{"start":{"line":45,"column":19},"end":{"line":45,"column":20}},"loc":{"start":{"line":45,"column":38},"end":{"line":51,"column":1}},"line":45}},"branchMap":{"0":{"loc":{"start":{"line":8,"column":18},"end":{"line":10,"column":56}},"type":"cond-expr","locations":[{"start":{"line":9,"column":4},"end":{"line":9,"column":19}},{"start":{"line":10,"column":4},"end":{"line":10,"column":56}}],"line":8},"1":{"loc":{"start":{"line":15,"column":0},"end":{"line":18,"column":1}},"type":"if","locations":[{"start":{"line":15,"column":0},"end":{"line":18,"column":1}},{"start":{},"end":{}}],"line":15},"2":{"loc":{"start":{"line":46,"column":2},"end":{"line":50,"column":3}},"type":"if","locations":[{"start":{"line":46,"column":2},"end":{"line":50,"column":3}},{"start":{"line":48,"column":9},"end":{"line":50,"column":3}}],"line":46}},"s":{"0":2,"1":2,"2":2,"3":2,"4":2,"5":2,"6":0,"7":0,"8":2,"9":0,"10":0,"11":0,"12":2,"13":0,"14":0,"15":0,"16":2,"17":0,"18":0,"19":0,"20":2,"21":2,"22":2,"23":2},"f":{"0":0,"1":0,"2":0,"3":0,"4":0},"b":{"0":[0,2],"1":[0,2],"2":[0,0]},"_coverageSchema":"1a1c01bbd47fc00a2c39e90264f33305004495a9","hash":"26907eb8e5e173c66f7592a7b7ed073b7cde9210"}
,"E:\\BorgoVercelli-postgres\\BorgoVercelli\\src\\core\\config\\passport-oauth.js": {"path":"E:\\BorgoVercelli-postgres\\BorgoVercelli\\src\\core\\config\\passport-oauth.js","statementMap":{"0":{"start":{"line":13,"column":17},"end":{"line":13,"column":36}},"1":{"start":{"line":14,"column":23},"end":{"line":14,"column":66}},"2":{"start":{"line":15,"column":25},"end":{"line":15,"column":62}},"3":{"start":{"line":16,"column":22},"end":{"line":16,"column":47}},"4":{"start":{"line":17,"column":11},"end":{"line":17,"column":32}},"5":{"start":{"line":19,"column":22},"end":{"line":21,"column":21}},"6":{"start":{"line":29,"column":2},"end":{"line":29,"column":23}},"7":{"start":{"line":29,"column":16},"end":{"line":29,"column":23}},"8":{"start":{"line":30,"column":2},"end":{"line":49,"column":3}},"9":{"start":{"line":32,"column":4},"end":{"line":35,"column":6}},"10":{"start":{"line":37,"column":16},"end":{"line":37,"column":40}},"11":{"start":{"line":38,"column":4},"end":{"line":41,"column":6}},"12":{"start":{"line":42,"column":4},"end":{"line":46,"column":6}},"13":{"start":{"line":48,"column":4},"end":{"line":48,"column":73}},"14":{"start":{"line":57,"column":18},"end":{"line":57,"column":28}},"15":{"start":{"line":58,"column":16},"end":{"line":60,"column":17}},"16":{"start":{"line":61,"column":15},"end":{"line":61,"column":67}},"17":{"start":{"line":62,"column":18},"end":{"line":62,"column":48}},"18":{"start":{"line":64,"column":4},"end":{"line":64,"column":72}},"19":{"start":{"line":67,"column":19},"end":{"line":70,"column":3}},"20":{"start":{"line":72,"column":2},"end":{"line":76,"column":3}},"21":{"start":{"line":74,"column":4},"end":{"line":74,"column":52}},"22":{"start":{"line":75,"column":4},"end":{"line":75,"column":28}},"23":{"start":{"line":79,"column":2},"end":{"line":95,"column":3}},"24":{"start":{"line":80,"column":20},"end":{"line":83,"column":5}},"25":{"start":{"line":85,"column":4},"end":{"line":94,"column":5}},"26":{"start":{"line":87,"column":6},"end":{"line":90,"column":8}},"27":{"start":{"line":92,"column":6},"end":{"line":92,"column":53}},"28":{"start":{"line":93,"column":6},"end":{"line":93,"column":29}},"29":{"start":{"line":98,"column":14},"end":{"line":98,"column":38}},"30":{"start":{"line":99,"column":17},"end":{"line":118,"column":3}},"31":{"start":{"line":120,"column":18},"end":{"line":120,"column":32}},"32":{"start":{"line":122,"column":2},"end":{"line":122,"column":41}},"33":{"start":{"line":124,"column":2},"end":{"line":124,"column":17}},"34":{"start":{"line":130,"column":2},"end":{"line":135,"column":3}},"35":{"start":{"line":131,"column":4},"end":{"line":133,"column":6}},"36":{"start":{"line":134,"column":4},"end":{"line":134,"column":11}},"37":{"start":{"line":137,"column":2},"end":{"line":155,"column":4}},"38":{"start":{"line":146,"column":8},"end":{"line":152,"column":9}},"39":{"start":{"line":147,"column":23},"end":{"line":147,"column":69}},"40":{"start":{"line":148,"column":10},"end":{"line":148,"column":34}},"41":{"start":{"line":150,"column":10},"end":{"line":150,"column":55}},"42":{"start":{"line":151,"column":10},"end":{"line":151,"column":33}},"43":{"start":{"line":157,"column":2},"end":{"line":157,"column":56}},"44":{"start":{"line":163,"column":2},"end":{"line":168,"column":3}},"45":{"start":{"line":164,"column":4},"end":{"line":166,"column":6}},"46":{"start":{"line":167,"column":4},"end":{"line":167,"column":11}},"47":{"start":{"line":170,"column":2},"end":{"line":188,"column":4}},"48":{"start":{"line":179,"column":8},"end":{"line":185,"column":9}},"49":{"start":{"line":180,"column":23},"end":{"line":180,"column":71}},"50":{"start":{"line":181,"column":10},"end":{"line":181,"column":34}},"51":{"start":{"line":183,"column":10},"end":{"line":183,"column":57}},"52":{"start":{"line":184,"column":10},"end":{"line":184,"column":33}},"53":{"start":{"line":190,"column":2},"end":{"line":190,"column":58}},"54":{"start":{"line":196,"column":2},"end":{"line":206,"column":3}},"55":{"start":{"line":202,"column":4},"end":{"line":204,"column":6}},"56":{"start":{"line":205,"column":4},"end":{"line":205,"column":11}},"57":{"start":{"line":208,"column":2},"end":{"line":243,"column":4}},"58":{"start":{"line":220,"column":8},"end":{"line":240,"column":9}},"59":{"start":{"line":222,"column":31},"end":{"line":234,"column":11}},"60":{"start":{"line":235,"column":23},"end":{"line":235,"column":73}},"61":{"start":{"line":236,"column":10},"end":{"line":236,"column":34}},"62":{"start":{"line":238,"column":10},"end":{"line":238,"column":54}},"63":{"start":{"line":239,"column":10},"end":{"line":239,"column":33}},"64":{"start":{"line":245,"column":2},"end":{"line":245,"column":55}},"65":{"start":{"line":249,"column":2},"end":{"line":249,"column":20}},"66":{"start":{"line":250,"column":2},"end":{"line":250,"column":22}},"67":{"start":{"line":251,"column":2},"end":{"line":251,"column":19}},"68":{"start":{"line":254,"column":0},"end":{"line":254,"column":31}}},"fnMap":{"0":{"name":"saveOAuthPhoto","decl":{"start":{"line":28,"column":15},"end":{"line":28,"column":29}},"loc":{"start":{"line":28,"column":47},"end":{"line":50,"column":1}},"line":28},"1":{"name":"findOrCreateOAuthUser","decl":{"start":{"line":56,"column":15},"end":{"line":56,"column":36}},"loc":{"start":{"line":56,"column":56},"end":{"line":125,"column":1}},"line":56},"2":{"name":"configureGoogle","decl":{"start":{"line":129,"column":9},"end":{"line":129,"column":24}},"loc":{"start":{"line":129,"column":27},"end":{"line":158,"column":1}},"line":129},"3":{"name":"(anonymous_3)","decl":{"start":{"line":145,"column":6},"end":{"line":145,"column":7}},"loc":{"start":{"line":145,"column":58},"end":{"line":153,"column":7}},"line":145},"4":{"name":"configureFacebook","decl":{"start":{"line":162,"column":9},"end":{"line":162,"column":26}},"loc":{"start":{"line":162,"column":29},"end":{"line":191,"column":1}},"line":162},"5":{"name":"(anonymous_5)","decl":{"start":{"line":178,"column":6},"end":{"line":178,"column":7}},"loc":{"start":{"line":178,"column":58},"end":{"line":186,"column":7}},"line":178},"6":{"name":"configureApple","decl":{"start":{"line":195,"column":9},"end":{"line":195,"column":23}},"loc":{"start":{"line":195,"column":26},"end":{"line":246,"column":1}},"line":195},"7":{"name":"(anonymous_7)","decl":{"start":{"line":219,"column":6},"end":{"line":219,"column":7}},"loc":{"start":{"line":219,"column":67},"end":{"line":241,"column":7}},"line":219},"8":{"name":"initOAuth","decl":{"start":{"line":248,"column":9},"end":{"line":248,"column":18}},"loc":{"start":{"line":248,"column":21},"end":{"line":252,"column":1}},"line":248}},"branchMap":{"0":{"loc":{"start":{"line":20,"column":2},"end":{"line":20,"column":64}},"type":"binary-expr","locations":[{"start":{"line":20,"column":2},"end":{"line":20,"column":37}},{"start":{"line":20,"column":41},"end":{"line":20,"column":64}}],"line":20},"1":{"loc":{"start":{"line":29,"column":2},"end":{"line":29,"column":23}},"type":"if","locations":[{"start":{"line":29,"column":2},"end":{"line":29,"column":23}},{"start":{},"end":{}}],"line":29},"2":{"loc":{"start":{"line":59,"column":4},"end":{"line":59,"column":70}},"type":"cond-expr","locations":[{"start":{"line":59,"column":42},"end":{"line":59,"column":65}},{"start":{"line":59,"column":68},"end":{"line":59,"column":70}}],"line":59},"3":{"loc":{"start":{"line":59,"column":4},"end":{"line":59,"column":39}},"type":"binary-expr","locations":[{"start":{"line":59,"column":4},"end":{"line":59,"column":18}},{"start":{"line":59,"column":22},"end":{"line":59,"column":39}}],"line":59},"4":{"loc":{"start":{"line":61,"column":15},"end":{"line":61,"column":67}},"type":"binary-expr","locations":[{"start":{"line":61,"column":15},"end":{"line":61,"column":38}},{"start":{"line":61,"column":42},"end":{"line":61,"column":61}},{"start":{"line":61,"column":65},"end":{"line":61,"column":67}}],"line":61},"5":{"loc":{"start":{"line":62,"column":18},"end":{"line":62,"column":48}},"type":"binary-expr","locations":[{"start":{"line":62,"column":18},"end":{"line":62,"column":42}},{"start":{"line":62,"column":46},"end":{"line":62,"column":48}}],"line":62},"6":{"loc":{"start":{"line":64,"column":4},"end":{"line":64,"column":72}},"type":"cond-expr","locations":[{"start":{"line":64,"column":42},"end":{"line":64,"column":65}},{"start":{"line":64,"column":68},"end":{"line":64,"column":72}}],"line":64},"7":{"loc":{"start":{"line":64,"column":4},"end":{"line":64,"column":39}},"type":"binary-expr","locations":[{"start":{"line":64,"column":4},"end":{"line":64,"column":18}},{"start":{"line":64,"column":22},"end":{"line":64,"column":39}}],"line":64},"8":{"loc":{"start":{"line":72,"column":2},"end":{"line":76,"column":3}},"type":"if","locations":[{"start":{"line":72,"column":2},"end":{"line":76,"column":3}},{"start":{},"end":{}}],"line":72},"9":{"loc":{"start":{"line":79,"column":2},"end":{"line":95,"column":3}},"type":"if","locations":[{"start":{"line":79,"column":2},"end":{"line":95,"column":3}},{"start":{},"end":{}}],"line":79},"10":{"loc":{"start":{"line":85,"column":4},"end":{"line":94,"column":5}},"type":"if","locations":[{"start":{"line":85,"column":4},"end":{"line":94,"column":5}},{"start":{},"end":{}}],"line":85},"11":{"loc":{"start":{"line":130,"column":2},"end":{"line":135,"column":3}},"type":"if","locations":[{"start":{"line":130,"column":2},"end":{"line":135,"column":3}},{"start":{},"end":{}}],"line":130},"12":{"loc":{"start":{"line":130,"column":6},"end":{"line":130,"column":72}},"type":"binary-expr","locations":[{"start":{"line":130,"column":6},"end":{"line":130,"column":35}},{"start":{"line":130,"column":39},"end":{"line":130,"column":72}}],"line":130},"13":{"loc":{"start":{"line":163,"column":2},"end":{"line":168,"column":3}},"type":"if","locations":[{"start":{"line":163,"column":2},"end":{"line":168,"column":3}},{"start":{},"end":{}}],"line":163},"14":{"loc":{"start":{"line":163,"column":6},"end":{"line":163,"column":70}},"type":"binary-expr","locations":[{"start":{"line":163,"column":6},"end":{"line":163,"column":34}},{"start":{"line":163,"column":38},"end":{"line":163,"column":70}}],"line":163},"15":{"loc":{"start":{"line":196,"column":2},"end":{"line":206,"column":3}},"type":"if","locations":[{"start":{"line":196,"column":2},"end":{"line":206,"column":3}},{"start":{},"end":{}}],"line":196},"16":{"loc":{"start":{"line":197,"column":4},"end":{"line":200,"column":43}},"type":"binary-expr","locations":[{"start":{"line":197,"column":4},"end":{"line":197,"column":32}},{"start":{"line":198,"column":4},"end":{"line":198,"column":30}},{"start":{"line":199,"column":4},"end":{"line":199,"column":29}},{"start":{"line":200,"column":4},"end":{"line":200,"column":43}}],"line":197},"17":{"loc":{"start":{"line":224,"column":20},"end":{"line":224,"column":67}},"type":"cond-expr","locations":[{"start":{"line":224,"column":36},"end":{"line":224,"column":62}},{"start":{"line":224,"column":65},"end":{"line":224,"column":67}}],"line":224},"18":{"loc":{"start":{"line":226,"column":25},"end":{"line":226,"column":78}},"type":"cond-expr","locations":[{"start":{"line":226,"column":51},"end":{"line":226,"column":73}},{"start":{"line":226,"column":76},"end":{"line":226,"column":78}}],"line":226},"19":{"loc":{"start":{"line":226,"column":25},"end":{"line":226,"column":48}},"type":"binary-expr","locations":[{"start":{"line":226,"column":25},"end":{"line":226,"column":32}},{"start":{"line":226,"column":36},"end":{"line":226,"column":48}}],"line":226},"20":{"loc":{"start":{"line":227,"column":26},"end":{"line":227,"column":78}},"type":"cond-expr","locations":[{"start":{"line":227,"column":52},"end":{"line":227,"column":73}},{"start":{"line":227,"column":76},"end":{"line":227,"column":78}}],"line":227},"21":{"loc":{"start":{"line":227,"column":26},"end":{"line":227,"column":49}},"type":"binary-expr","locations":[{"start":{"line":227,"column":26},"end":{"line":227,"column":33}},{"start":{"line":227,"column":37},"end":{"line":227,"column":49}}],"line":227},"22":{"loc":{"start":{"line":230,"column":14},"end":{"line":232,"column":20}},"type":"cond-expr","locations":[{"start":{"line":231,"column":18},"end":{"line":231,"column":89}},{"start":{"line":232,"column":18},"end":{"line":232,"column":20}}],"line":230},"23":{"loc":{"start":{"line":230,"column":14},"end":{"line":230,"column":37}},"type":"binary-expr","locations":[{"start":{"line":230,"column":14},"end":{"line":230,"column":21}},{"start":{"line":230,"column":25},"end":{"line":230,"column":37}}],"line":230},"24":{"loc":{"start":{"line":231,"column":21},"end":{"line":231,"column":49}},"type":"binary-expr","locations":[{"start":{"line":231,"column":21},"end":{"line":231,"column":43}},{"start":{"line":231,"column":47},"end":{"line":231,"column":49}}],"line":231},"25":{"loc":{"start":{"line":231,"column":53},"end":{"line":231,"column":80}},"type":"binary-expr","locations":[{"start":{"line":231,"column":53},"end":{"line":231,"column":74}},{"start":{"line":231,"column":78},"end":{"line":231,"column":80}}],"line":231}},"s":{"0":1,"1":1,"2":1,"3":1,"4":1,"5":1,"6":0,"7":0,"8":0,"9":0,"10":0,"11":0,"12":0,"13":0,"14":0,"15":0,"16":0,"17":0,"18":0,"19":0,"20":0,"21":0,"22":0,"23":0,"24":0,"25":0,"26":0,"27":0,"28":0,"29":0,"30":0,"31":0,"32":0,"33":0,"34":1,"35":0,"36":0,"37":1,"38":0,"39":0,"40":0,"41":0,"42":0,"43":1,"44":1,"45":1,"46":1,"47":0,"48":0,"49":0,"50":0,"51":0,"52":0,"53":0,"54":1,"55":1,"56":1,"57":0,"58":0,"59":0,"60":0,"61":0,"62":0,"63":0,"64":0,"65":1,"66":1,"67":1,"68":1},"f":{"0":0,"1":0,"2":1,"3":0,"4":1,"5":0,"6":1,"7":0,"8":1},"b":{"0":[1,0],"1":[0,0],"2":[0,0],"3":[0,0],"4":[0,0,0],"5":[0,0],"6":[0,0],"7":[0,0],"8":[0,0],"9":[0,0],"10":[0,0],"11":[0,1],"12":[1,1],"13":[1,0],"14":[1,0],"15":[1,0],"16":[1,0,0,0],"17":[0,0],"18":[0,0],"19":[0,0],"20":[0,0],"21":[0,0],"22":[0,0],"23":[0,0],"24":[0,0],"25":[0,0]},"_coverageSchema":"1a1c01bbd47fc00a2c39e90264f33305004495a9","hash":"0356a5276654a3b90421df11e552c43aa677ca46"}
,"E:\\BorgoVercelli-postgres\\BorgoVercelli\\src\\core\\config\\redis.js": {"path":"E:\\BorgoVercelli-postgres\\BorgoVercelli\\src\\core\\config\\redis.js","statementMap":{"0":{"start":{"line":12,"column":25},"end":{"line":12,"column":41}},"1":{"start":{"line":13,"column":16},"end":{"line":13,"column":34}},"2":{"start":{"line":17,"column":19},"end":{"line":17,"column":56}},"3":{"start":{"line":18,"column":19},"end":{"line":18,"column":57}},"4":{"start":{"line":19,"column":17},"end":{"line":19,"column":50}},"5":{"start":{"line":21,"column":2},"end":{"line":23,"column":15}},"6":{"start":{"line":26,"column":18},"end":{"line":30,"column":55}},"7":{"start":{"line":32,"column":0},"end":{"line":32,"column":141}},"8":{"start":{"line":38,"column":20},"end":{"line":46,"column":2}},"9":{"start":{"line":42,"column":20},"end":{"line":42,"column":48}},"10":{"start":{"line":43,"column":6},"end":{"line":43,"column":19}},"11":{"start":{"line":49,"column":0},"end":{"line":53,"column":3}},"12":{"start":{"line":50,"column":2},"end":{"line":52,"column":4}},"13":{"start":{"line":55,"column":0},"end":{"line":57,"column":3}},"14":{"start":{"line":56,"column":2},"end":{"line":56,"column":57}},"15":{"start":{"line":59,"column":0},"end":{"line":61,"column":3}},"16":{"start":{"line":60,"column":2},"end":{"line":60,"column":61}},"17":{"start":{"line":65,"column":23},"end":{"line":87,"column":5}},"18":{"start":{"line":68,"column":22},"end":{"line":68,"column":48}},"19":{"start":{"line":69,"column":8},"end":{"line":69,"column":21}},"20":{"start":{"line":81,"column":22},"end":{"line":81,"column":48}},"21":{"start":{"line":82,"column":8},"end":{"line":82,"column":21}},"22":{"start":{"line":93,"column":26},"end":{"line":95,"column":31}},"23":{"start":{"line":100,"column":25},"end":{"line":102,"column":31}},"24":{"start":{"line":104,"column":0},"end":{"line":106,"column":3}},"25":{"start":{"line":105,"column":2},"end":{"line":105,"column":42}},"26":{"start":{"line":108,"column":0},"end":{"line":110,"column":3}},"27":{"start":{"line":109,"column":2},"end":{"line":109,"column":56}},"28":{"start":{"line":119,"column":2},"end":{"line":150,"column":3}},"29":{"start":{"line":121,"column":4},"end":{"line":123,"column":5}},"30":{"start":{"line":122,"column":6},"end":{"line":122,"column":34}},"31":{"start":{"line":126,"column":4},"end":{"line":131,"column":5}},"32":{"start":{"line":130,"column":6},"end":{"line":130,"column":40}},"33":{"start":{"line":132,"column":4},"end":{"line":137,"column":5}},"34":{"start":{"line":136,"column":6},"end":{"line":136,"column":39}},"35":{"start":{"line":140,"column":17},"end":{"line":140,"column":41}},"36":{"start":{"line":141,"column":4},"end":{"line":143,"column":5}},"37":{"start":{"line":142,"column":6},"end":{"line":142,"column":44}},"38":{"start":{"line":145,"column":4},"end":{"line":145,"column":56}},"39":{"start":{"line":146,"column":4},"end":{"line":146,"column":16}},"40":{"start":{"line":148,"column":4},"end":{"line":148,"column":67}},"41":{"start":{"line":149,"column":4},"end":{"line":149,"column":17}},"42":{"start":{"line":158,"column":2},"end":{"line":167,"column":3}},"43":{"start":{"line":159,"column":4},"end":{"line":163,"column":7}},"44":{"start":{"line":164,"column":4},"end":{"line":164,"column":46}},"45":{"start":{"line":166,"column":4},"end":{"line":166,"column":59}},"46":{"start":{"line":177,"column":2},"end":{"line":187,"column":3}},"47":{"start":{"line":178,"column":20},"end":{"line":178,"column":40}},"48":{"start":{"line":179,"column":24},"end":{"line":179,"column":73}},"49":{"start":{"line":180,"column":4},"end":{"line":182,"column":6}},"50":{"start":{"line":183,"column":4},"end":{"line":183,"column":23}},"51":{"start":{"line":185,"column":4},"end":{"line":185,"column":63}},"52":{"start":{"line":186,"column":4},"end":{"line":186,"column":14}},"53":{"start":{"line":197,"column":2},"end":{"line":215,"column":3}},"54":{"start":{"line":198,"column":4},"end":{"line":198,"column":47}},"55":{"start":{"line":200,"column":4},"end":{"line":209,"column":7}},"56":{"start":{"line":201,"column":6},"end":{"line":208,"column":7}},"57":{"start":{"line":202,"column":8},"end":{"line":207,"column":9}},"58":{"start":{"line":203,"column":23},"end":{"line":203,"column":42}},"59":{"start":{"line":204,"column":10},"end":{"line":204,"column":25}},"60":{"start":{"line":206,"column":10},"end":{"line":206,"column":75}},"61":{"start":{"line":211,"column":4},"end":{"line":211,"column":58}},"62":{"start":{"line":213,"column":4},"end":{"line":213,"column":56}},"63":{"start":{"line":214,"column":4},"end":{"line":214,"column":14}},"64":{"start":{"line":225,"column":2},"end":{"line":232,"column":3}},"65":{"start":{"line":226,"column":18},"end":{"line":226,"column":46}},"66":{"start":{"line":227,"column":19},"end":{"line":227,"column":65}},"67":{"start":{"line":228,"column":4},"end":{"line":228,"column":18}},"68":{"start":{"line":230,"column":4},"end":{"line":230,"column":68}},"69":{"start":{"line":231,"column":4},"end":{"line":231,"column":14}},"70":{"start":{"line":241,"column":2},"end":{"line":248,"column":3}},"71":{"start":{"line":242,"column":18},"end":{"line":242,"column":56}},"72":{"start":{"line":243,"column":4},"end":{"line":243,"column":28}},"73":{"start":{"line":243,"column":16},"end":{"line":243,"column":28}},"74":{"start":{"line":244,"column":4},"end":{"line":244,"column":29}},"75":{"start":{"line":246,"column":4},"end":{"line":246,"column":67}},"76":{"start":{"line":247,"column":4},"end":{"line":247,"column":14}},"77":{"start":{"line":257,"column":2},"end":{"line":262,"column":3}},"78":{"start":{"line":258,"column":4},"end":{"line":258,"column":50}},"79":{"start":{"line":260,"column":4},"end":{"line":260,"column":69}},"80":{"start":{"line":261,"column":4},"end":{"line":261,"column":14}},"81":{"start":{"line":273,"column":2},"end":{"line":284,"column":3}},"82":{"start":{"line":275,"column":6},"end":{"line":275,"column":63}},"83":{"start":{"line":277,"column":4},"end":{"line":279,"column":5}},"84":{"start":{"line":278,"column":6},"end":{"line":278,"column":69}},"85":{"start":{"line":280,"column":4},"end":{"line":280,"column":50}},"86":{"start":{"line":282,"column":4},"end":{"line":282,"column":56}},"87":{"start":{"line":283,"column":4},"end":{"line":283,"column":14}},"88":{"start":{"line":293,"column":2},"end":{"line":305,"column":3}},"89":{"start":{"line":294,"column":18},"end":{"line":294,"column":44}},"90":{"start":{"line":295,"column":4},"end":{"line":295,"column":28}},"91":{"start":{"line":295,"column":16},"end":{"line":295,"column":28}},"92":{"start":{"line":297,"column":4},"end":{"line":301,"column":5}},"93":{"start":{"line":298,"column":6},"end":{"line":298,"column":31}},"94":{"start":{"line":300,"column":6},"end":{"line":300,"column":19}},"95":{"start":{"line":303,"column":4},"end":{"line":303,"column":56}},"96":{"start":{"line":304,"column":4},"end":{"line":304,"column":14}},"97":{"start":{"line":314,"column":2},"end":{"line":319,"column":3}},"98":{"start":{"line":315,"column":4},"end":{"line":315,"column":38}},"99":{"start":{"line":317,"column":4},"end":{"line":317,"column":56}},"100":{"start":{"line":318,"column":4},"end":{"line":318,"column":14}},"101":{"start":{"line":328,"column":2},"end":{"line":333,"column":3}},"102":{"start":{"line":329,"column":4},"end":{"line":329,"column":41}},"103":{"start":{"line":331,"column":4},"end":{"line":331,"column":59}},"104":{"start":{"line":332,"column":4},"end":{"line":332,"column":14}},"105":{"start":{"line":336,"column":0},"end":{"line":351,"column":2}}},"fnMap":{"0":{"name":"(anonymous_0)","decl":{"start":{"line":41,"column":23},"end":{"line":41,"column":24}},"loc":{"start":{"line":41,"column":36},"end":{"line":44,"column":5}},"line":41},"1":{"name":"(anonymous_1)","decl":{"start":{"line":49,"column":26},"end":{"line":49,"column":27}},"loc":{"start":{"line":49,"column":32},"end":{"line":53,"column":1}},"line":49},"2":{"name":"(anonymous_2)","decl":{"start":{"line":55,"column":24},"end":{"line":55,"column":25}},"loc":{"start":{"line":55,"column":33},"end":{"line":57,"column":1}},"line":55},"3":{"name":"(anonymous_3)","decl":{"start":{"line":59,"column":31},"end":{"line":59,"column":32}},"loc":{"start":{"line":59,"column":37},"end":{"line":61,"column":1}},"line":59},"4":{"name":"(anonymous_4)","decl":{"start":{"line":67,"column":21},"end":{"line":67,"column":22}},"loc":{"start":{"line":67,"column":32},"end":{"line":70,"column":7}},"line":67},"5":{"name":"(anonymous_5)","decl":{"start":{"line":80,"column":21},"end":{"line":80,"column":22}},"loc":{"start":{"line":80,"column":32},"end":{"line":83,"column":7}},"line":80},"6":{"name":"(anonymous_6)","decl":{"start":{"line":104,"column":32},"end":{"line":104,"column":33}},"loc":{"start":{"line":104,"column":38},"end":{"line":106,"column":1}},"line":104},"7":{"name":"(anonymous_7)","decl":{"start":{"line":108,"column":30},"end":{"line":108,"column":31}},"loc":{"start":{"line":108,"column":39},"end":{"line":110,"column":1}},"line":108},"8":{"name":"initRedis","decl":{"start":{"line":118,"column":15},"end":{"line":118,"column":24}},"loc":{"start":{"line":118,"column":27},"end":{"line":151,"column":1}},"line":118},"9":{"name":"closeRedis","decl":{"start":{"line":157,"column":15},"end":{"line":157,"column":25}},"loc":{"start":{"line":157,"column":28},"end":{"line":168,"column":1}},"line":157},"10":{"name":"publishNotification","decl":{"start":{"line":176,"column":15},"end":{"line":176,"column":34}},"loc":{"start":{"line":176,"column":50},"end":{"line":188,"column":1}},"line":176},"11":{"name":"subscribeNotification","decl":{"start":{"line":196,"column":15},"end":{"line":196,"column":36}},"loc":{"start":{"line":196,"column":56},"end":{"line":216,"column":1}},"line":196},"12":{"name":"(anonymous_12)","decl":{"start":{"line":200,"column":36},"end":{"line":200,"column":37}},"loc":{"start":{"line":200,"column":53},"end":{"line":209,"column":5}},"line":200},"13":{"name":"pushNotificationToQueue","decl":{"start":{"line":224,"column":15},"end":{"line":224,"column":38}},"loc":{"start":{"line":224,"column":64},"end":{"line":233,"column":1}},"line":224},"14":{"name":"popNotificationFromQueue","decl":{"start":{"line":240,"column":15},"end":{"line":240,"column":39}},"loc":{"start":{"line":240,"column":51},"end":{"line":249,"column":1}},"line":240},"15":{"name":"getQueueLength","decl":{"start":{"line":256,"column":15},"end":{"line":256,"column":29}},"loc":{"start":{"line":256,"column":41},"end":{"line":263,"column":1}},"line":256},"16":{"name":"set","decl":{"start":{"line":272,"column":15},"end":{"line":272,"column":18}},"loc":{"start":{"line":272,"column":53},"end":{"line":285,"column":1}},"line":272},"17":{"name":"get","decl":{"start":{"line":292,"column":15},"end":{"line":292,"column":18}},"loc":{"start":{"line":292,"column":24},"end":{"line":306,"column":1}},"line":292},"18":{"name":"del","decl":{"start":{"line":313,"column":15},"end":{"line":313,"column":18}},"loc":{"start":{"line":313,"column":24},"end":{"line":320,"column":1}},"line":313},"19":{"name":"exists","decl":{"start":{"line":327,"column":15},"end":{"line":327,"column":21}},"loc":{"start":{"line":327,"column":27},"end":{"line":334,"column":1}},"line":327}},"branchMap":{"0":{"loc":{"start":{"line":17,"column":19},"end":{"line":17,"column":56}},"type":"binary-expr","locations":[{"start":{"line":17,"column":19},"end":{"line":17,"column":41}},{"start":{"line":17,"column":45},"end":{"line":17,"column":56}}],"line":17},"1":{"loc":{"start":{"line":18,"column":19},"end":{"line":18,"column":57}},"type":"binary-expr","locations":[{"start":{"line":18,"column":19},"end":{"line":18,"column":49}},{"start":{"line":18,"column":53},"end":{"line":18,"column":57}}],"line":18},"2":{"loc":{"start":{"line":19,"column":17},"end":{"line":19,"column":50}},"type":"binary-expr","locations":[{"start":{"line":19,"column":17},"end":{"line":19,"column":45}},{"start":{"line":19,"column":49},"end":{"line":19,"column":50}}],"line":19},"3":{"loc":{"start":{"line":21,"column":2},"end":{"line":23,"column":15}},"type":"cond-expr","locations":[{"start":{"line":22,"column":6},"end":{"line":22,"column":32}},{"start":{"line":23,"column":6},"end":{"line":23,"column":15}}],"line":21},"4":{"loc":{"start":{"line":21,"column":2},"end":{"line":21,"column":72}},"type":"binary-expr","locations":[{"start":{"line":21,"column":2},"end":{"line":21,"column":28}},{"start":{"line":21,"column":32},"end":{"line":21,"column":72}}],"line":21},"5":{"loc":{"start":{"line":26,"column":18},"end":{"line":30,"column":55}},"type":"cond-expr","locations":[{"start":{"line":27,"column":4},"end":{"line":27,"column":25}},{"start":{"line":28,"column":4},"end":{"line":30,"column":55}}],"line":26},"6":{"loc":{"start":{"line":28,"column":4},"end":{"line":30,"column":55}},"type":"cond-expr","locations":[{"start":{"line":29,"column":6},"end":{"line":29,"column":74}},{"start":{"line":30,"column":6},"end":{"line":30,"column":55}}],"line":28},"7":{"loc":{"start":{"line":32,"column":35},"end":{"line":32,"column":137}},"type":"cond-expr","locations":[{"start":{"line":32,"column":59},"end":{"line":32,"column":80}},{"start":{"line":32,"column":83},"end":{"line":32,"column":137}}],"line":32},"8":{"loc":{"start":{"line":65,"column":23},"end":{"line":87,"column":5}},"type":"cond-expr","locations":[{"start":{"line":66,"column":4},"end":{"line":74,"column":5}},{"start":{"line":75,"column":4},"end":{"line":87,"column":5}}],"line":65},"9":{"loc":{"start":{"line":93,"column":26},"end":{"line":95,"column":31}},"type":"cond-expr","locations":[{"start":{"line":94,"column":4},"end":{"line":94,"column":54}},{"start":{"line":95,"column":4},"end":{"line":95,"column":31}}],"line":93},"10":{"loc":{"start":{"line":100,"column":25},"end":{"line":102,"column":31}},"type":"cond-expr","locations":[{"start":{"line":101,"column":4},"end":{"line":101,"column":54}},{"start":{"line":102,"column":4},"end":{"line":102,"column":31}}],"line":100},"11":{"loc":{"start":{"line":121,"column":4},"end":{"line":123,"column":5}},"type":"if","locations":[{"start":{"line":121,"column":4},"end":{"line":123,"column":5}},{"start":{},"end":{}}],"line":121},"12":{"loc":{"start":{"line":126,"column":4},"end":{"line":131,"column":5}},"type":"if","locations":[{"start":{"line":126,"column":4},"end":{"line":131,"column":5}},{"start":{},"end":{}}],"line":126},"13":{"loc":{"start":{"line":127,"column":6},"end":{"line":128,"column":42}},"type":"binary-expr","locations":[{"start":{"line":127,"column":6},"end":{"line":127,"column":41}},{"start":{"line":128,"column":6},"end":{"line":128,"column":42}}],"line":127},"14":{"loc":{"start":{"line":132,"column":4},"end":{"line":137,"column":5}},"type":"if","locations":[{"start":{"line":132,"column":4},"end":{"line":137,"column":5}},{"start":{},"end":{}}],"line":132},"15":{"loc":{"start":{"line":133,"column":6},"end":{"line":134,"column":41}},"type":"binary-expr","locations":[{"start":{"line":133,"column":6},"end":{"line":133,"column":40}},{"start":{"line":134,"column":6},"end":{"line":134,"column":41}}],"line":133},"16":{"loc":{"start":{"line":141,"column":4},"end":{"line":143,"column":5}},"type":"if","locations":[{"start":{"line":141,"column":4},"end":{"line":143,"column":5}},{"start":{},"end":{}}],"line":141},"17":{"loc":{"start":{"line":201,"column":6},"end":{"line":208,"column":7}},"type":"if","locations":[{"start":{"line":201,"column":6},"end":{"line":208,"column":7}},{"start":{},"end":{}}],"line":201},"18":{"loc":{"start":{"line":243,"column":4},"end":{"line":243,"column":28}},"type":"if","locations":[{"start":{"line":243,"column":4},"end":{"line":243,"column":28}},{"start":{},"end":{}}],"line":243},"19":{"loc":{"start":{"line":272,"column":31},"end":{"line":272,"column":51}},"type":"default-arg","locations":[{"start":{"line":272,"column":47},"end":{"line":272,"column":51}}],"line":272},"20":{"loc":{"start":{"line":275,"column":6},"end":{"line":275,"column":63}},"type":"cond-expr","locations":[{"start":{"line":275,"column":34},"end":{"line":275,"column":39}},{"start":{"line":275,"column":42},"end":{"line":275,"column":63}}],"line":275},"21":{"loc":{"start":{"line":277,"column":4},"end":{"line":279,"column":5}},"type":"if","locations":[{"start":{"line":277,"column":4},"end":{"line":279,"column":5}},{"start":{},"end":{}}],"line":277},"22":{"loc":{"start":{"line":295,"column":4},"end":{"line":295,"column":28}},"type":"if","locations":[{"start":{"line":295,"column":4},"end":{"line":295,"column":28}},{"start":{},"end":{}}],"line":295}},"s":{"0":0,"1":0,"2":0,"3":0,"4":0,"5":0,"6":0,"7":0,"8":0,"9":0,"10":0,"11":0,"12":0,"13":0,"14":0,"15":0,"16":0,"17":0,"18":0,"19":0,"20":0,"21":0,"22":0,"23":0,"24":0,"25":0,"26":0,"27":0,"28":0,"29":0,"30":0,"31":0,"32":0,"33":0,"34":0,"35":0,"36":0,"37":0,"38":0,"39":0,"40":0,"41":0,"42":0,"43":0,"44":0,"45":0,"46":0,"47":0,"48":0,"49":0,"50":0,"51":0,"52":0,"53":0,"54":0,"55":0,"56":0,"57":0,"58":0,"59":0,"60":0,"61":0,"62":0,"63":0,"64":0,"65":0,"66":0,"67":0,"68":0,"69":0,"70":0,"71":0,"72":0,"73":0,"74":0,"75":0,"76":0,"77":0,"78":0,"79":0,"80":0,"81":0,"82":0,"83":0,"84":0,"85":0,"86":0,"87":0,"88":0,"89":0,"90":0,"91":0,"92":0,"93":0,"94":0,"95":0,"96":0,"97":0,"98":0,"99":0,"100":0,"101":0,"102":0,"103":0,"104":0,"105":0},"f":{"0":0,"1":0,"2":0,"3":0,"4":0,"5":0,"6":0,"7":0,"8":0,"9":0,"10":0,"11":0,"12":0,"13":0,"14":0,"15":0,"16":0,"17":0,"18":0,"19":0},"b":{"0":[0,0],"1":[0,0],"2":[0,0],"3":[0,0],"4":[0,0],"5":[0,0],"6":[0,0],"7":[0,0],"8":[0,0],"9":[0,0],"10":[0,0],"11":[0,0],"12":[0,0],"13":[0,0],"14":[0,0],"15":[0,0],"16":[0,0],"17":[0,0],"18":[0,0],"19":[0],"20":[0,0],"21":[0,0],"22":[0,0]}}
,"E:\\BorgoVercelli-postgres\\BorgoVercelli\\src\\core\\middlewares\\auth.js": {"path":"E:\\BorgoVercelli-postgres\\BorgoVercelli\\src\\core\\middlewares\\auth.js","statementMap":{"0":{"start":{"line":8,"column":12},"end":{"line":8,"column":66}},"1":{"start":{"line":9,"column":15},"end":{"line":9,"column":32}},"2":{"start":{"line":26,"column":19},"end":{"line":134,"column":1}},"3":{"start":{"line":27,"column":2},"end":{"line":123,"column":3}},"4":{"start":{"line":30,"column":4},"end":{"line":44,"column":5}},"5":{"start":{"line":31,"column":6},"end":{"line":31,"column":79}},"6":{"start":{"line":32,"column":6},"end":{"line":37,"column":7}},"7":{"start":{"line":36,"column":8},"end":{"line":36,"column":63}},"8":{"start":{"line":38,"column":6},"end":{"line":43,"column":11}},"9":{"start":{"line":46,"column":4},"end":{"line":68,"column":5}},"10":{"start":{"line":47,"column":6},"end":{"line":51,"column":9}},"11":{"start":{"line":48,"column":8},"end":{"line":50,"column":9}},"12":{"start":{"line":49,"column":10},"end":{"line":49,"column":47}},"13":{"start":{"line":52,"column":6},"end":{"line":67,"column":7}},"14":{"start":{"line":56,"column":8},"end":{"line":60,"column":11}},"15":{"start":{"line":62,"column":8},"end":{"line":66,"column":11}},"16":{"start":{"line":70,"column":4},"end":{"line":120,"column":5}},"17":{"start":{"line":72,"column":29},"end":{"line":72,"column":85}},"18":{"start":{"line":73,"column":6},"end":{"line":119,"column":7}},"19":{"start":{"line":74,"column":28},"end":{"line":74,"column":75}},"20":{"start":{"line":75,"column":28},"end":{"line":75,"column":70}},"21":{"start":{"line":78,"column":8},"end":{"line":85,"column":9}},"22":{"start":{"line":80,"column":10},"end":{"line":82,"column":13}},"23":{"start":{"line":81,"column":12},"end":{"line":81,"column":67}},"24":{"start":{"line":84,"column":10},"end":{"line":84,"column":24}},"25":{"start":{"line":87,"column":8},"end":{"line":91,"column":11}},"26":{"start":{"line":88,"column":10},"end":{"line":90,"column":11}},"27":{"start":{"line":89,"column":12},"end":{"line":89,"column":49}},"28":{"start":{"line":93,"column":25},"end":{"line":95,"column":29}},"29":{"start":{"line":96,"column":23},"end":{"line":96,"column":79}},"30":{"start":{"line":98,"column":8},"end":{"line":111,"column":9}},"31":{"start":{"line":102,"column":10},"end":{"line":105,"column":13}},"32":{"start":{"line":107,"column":10},"end":{"line":110,"column":13}},"33":{"start":{"line":113,"column":8},"end":{"line":113,"column":76}},"34":{"start":{"line":115,"column":8},"end":{"line":118,"column":11}},"35":{"start":{"line":122,"column":4},"end":{"line":122,"column":18}},"36":{"start":{"line":124,"column":2},"end":{"line":133,"column":3}},"37":{"start":{"line":125,"column":4},"end":{"line":125,"column":52}},"38":{"start":{"line":127,"column":4},"end":{"line":132,"column":9}},"39":{"start":{"line":146,"column":16},"end":{"line":165,"column":1}},"40":{"start":{"line":147,"column":2},"end":{"line":153,"column":3}},"41":{"start":{"line":152,"column":4},"end":{"line":152,"column":18}},"42":{"start":{"line":155,"column":2},"end":{"line":164,"column":3}},"43":{"start":{"line":156,"column":4},"end":{"line":156,"column":49}},"44":{"start":{"line":158,"column":4},"end":{"line":163,"column":9}},"45":{"start":{"line":177,"column":20},"end":{"line":196,"column":1}},"46":{"start":{"line":178,"column":2},"end":{"line":184,"column":3}},"47":{"start":{"line":183,"column":4},"end":{"line":183,"column":18}},"48":{"start":{"line":186,"column":2},"end":{"line":195,"column":3}},"49":{"start":{"line":187,"column":4},"end":{"line":187,"column":49}},"50":{"start":{"line":189,"column":4},"end":{"line":194,"column":9}},"51":{"start":{"line":208,"column":27},"end":{"line":226,"column":1}},"52":{"start":{"line":209,"column":2},"end":{"line":215,"column":3}},"53":{"start":{"line":214,"column":4},"end":{"line":214,"column":18}},"54":{"start":{"line":216,"column":2},"end":{"line":225,"column":3}},"55":{"start":{"line":217,"column":4},"end":{"line":217,"column":49}},"56":{"start":{"line":219,"column":4},"end":{"line":224,"column":9}},"57":{"start":{"line":228,"column":27},"end":{"line":302,"column":1}},"58":{"start":{"line":229,"column":2},"end":{"line":241,"column":3}},"59":{"start":{"line":230,"column":4},"end":{"line":239,"column":5}},"60":{"start":{"line":231,"column":6},"end":{"line":231,"column":54}},"61":{"start":{"line":233,"column":6},"end":{"line":238,"column":11}},"62":{"start":{"line":240,"column":4},"end":{"line":240,"column":11}},"63":{"start":{"line":244,"column":2},"end":{"line":251,"column":3}},"64":{"start":{"line":250,"column":4},"end":{"line":250,"column":18}},"65":{"start":{"line":254,"column":2},"end":{"line":266,"column":3}},"66":{"start":{"line":255,"column":4},"end":{"line":264,"column":5}},"67":{"start":{"line":256,"column":6},"end":{"line":256,"column":51}},"68":{"start":{"line":258,"column":6},"end":{"line":263,"column":11}},"69":{"start":{"line":265,"column":4},"end":{"line":265,"column":11}},"70":{"start":{"line":268,"column":2},"end":{"line":301,"column":3}},"71":{"start":{"line":269,"column":25},"end":{"line":269,"column":89}},"72":{"start":{"line":270,"column":22},"end":{"line":270,"column":74}},"73":{"start":{"line":273,"column":6},"end":{"line":273,"column":71}},"74":{"start":{"line":273,"column":41},"end":{"line":273,"column":70}},"75":{"start":{"line":275,"column":4},"end":{"line":291,"column":5}},"76":{"start":{"line":276,"column":6},"end":{"line":276,"column":20}},"77":{"start":{"line":278,"column":6},"end":{"line":290,"column":7}},"78":{"start":{"line":282,"column":8},"end":{"line":282,"column":53}},"79":{"start":{"line":284,"column":8},"end":{"line":289,"column":13}},"80":{"start":{"line":293,"column":4},"end":{"line":293,"column":55}},"81":{"start":{"line":294,"column":4},"end":{"line":300,"column":5}},"82":{"start":{"line":295,"column":6},"end":{"line":295,"column":63}},"83":{"start":{"line":297,"column":6},"end":{"line":299,"column":78}},"84":{"start":{"line":304,"column":23},"end":{"line":359,"column":1}},"85":{"start":{"line":305,"column":2},"end":{"line":316,"column":3}},"86":{"start":{"line":306,"column":4},"end":{"line":315,"column":5}},"87":{"start":{"line":307,"column":6},"end":{"line":307,"column":61}},"88":{"start":{"line":309,"column":6},"end":{"line":314,"column":11}},"89":{"start":{"line":318,"column":15},"end":{"line":318,"column":23}},"90":{"start":{"line":320,"column":2},"end":{"line":327,"column":3}},"91":{"start":{"line":326,"column":4},"end":{"line":326,"column":18}},"92":{"start":{"line":330,"column":2},"end":{"line":345,"column":3}},"93":{"start":{"line":331,"column":4},"end":{"line":344,"column":5}},"94":{"start":{"line":332,"column":17},"end":{"line":332,"column":44}},"95":{"start":{"line":333,"column":6},"end":{"line":341,"column":7}},"96":{"start":{"line":334,"column":8},"end":{"line":334,"column":68}},"97":{"start":{"line":336,"column":24},"end":{"line":336,"column":52}},"98":{"start":{"line":337,"column":8},"end":{"line":339,"column":9}},"99":{"start":{"line":338,"column":10},"end":{"line":338,"column":24}},"100":{"start":{"line":340,"column":8},"end":{"line":340,"column":67}},"101":{"start":{"line":343,"column":6},"end":{"line":343,"column":72}},"102":{"start":{"line":348,"column":2},"end":{"line":358,"column":3}},"103":{"start":{"line":349,"column":4},"end":{"line":349,"column":49}},"104":{"start":{"line":351,"column":4},"end":{"line":357,"column":9}},"105":{"start":{"line":371,"column":23},"end":{"line":389,"column":1}},"106":{"start":{"line":372,"column":2},"end":{"line":378,"column":3}},"107":{"start":{"line":377,"column":4},"end":{"line":377,"column":18}},"108":{"start":{"line":379,"column":2},"end":{"line":388,"column":3}},"109":{"start":{"line":380,"column":4},"end":{"line":380,"column":49}},"110":{"start":{"line":382,"column":4},"end":{"line":387,"column":9}},"111":{"start":{"line":401,"column":23},"end":{"line":423,"column":1}},"112":{"start":{"line":403,"column":2},"end":{"line":412,"column":3}},"113":{"start":{"line":411,"column":4},"end":{"line":411,"column":18}},"114":{"start":{"line":413,"column":2},"end":{"line":422,"column":3}},"115":{"start":{"line":414,"column":4},"end":{"line":414,"column":49}},"116":{"start":{"line":416,"column":4},"end":{"line":421,"column":9}},"117":{"start":{"line":435,"column":23},"end":{"line":457,"column":1}},"118":{"start":{"line":436,"column":2},"end":{"line":446,"column":3}},"119":{"start":{"line":445,"column":4},"end":{"line":445,"column":18}},"120":{"start":{"line":447,"column":2},"end":{"line":456,"column":3}},"121":{"start":{"line":448,"column":4},"end":{"line":448,"column":49}},"122":{"start":{"line":450,"column":4},"end":{"line":455,"column":9}},"123":{"start":{"line":459,"column":0},"end":{"line":469,"column":2}}},"fnMap":{"0":{"name":"(anonymous_0)","decl":{"start":{"line":26,"column":19},"end":{"line":26,"column":20}},"loc":{"start":{"line":26,"column":51},"end":{"line":134,"column":1}},"line":26},"1":{"name":"(anonymous_1)","decl":{"start":{"line":47,"column":17},"end":{"line":47,"column":18}},"loc":{"start":{"line":47,"column":32},"end":{"line":51,"column":7}},"line":47},"2":{"name":"(anonymous_2)","decl":{"start":{"line":80,"column":65},"end":{"line":80,"column":66}},"loc":{"start":{"line":80,"column":74},"end":{"line":82,"column":11}},"line":80},"3":{"name":"(anonymous_3)","decl":{"start":{"line":87,"column":19},"end":{"line":87,"column":20}},"loc":{"start":{"line":87,"column":34},"end":{"line":91,"column":9}},"line":87},"4":{"name":"(anonymous_4)","decl":{"start":{"line":146,"column":16},"end":{"line":146,"column":17}},"loc":{"start":{"line":146,"column":42},"end":{"line":165,"column":1}},"line":146},"5":{"name":"(anonymous_5)","decl":{"start":{"line":177,"column":20},"end":{"line":177,"column":21}},"loc":{"start":{"line":177,"column":46},"end":{"line":196,"column":1}},"line":177},"6":{"name":"(anonymous_6)","decl":{"start":{"line":208,"column":27},"end":{"line":208,"column":28}},"loc":{"start":{"line":208,"column":53},"end":{"line":226,"column":1}},"line":208},"7":{"name":"(anonymous_7)","decl":{"start":{"line":228,"column":27},"end":{"line":228,"column":28}},"loc":{"start":{"line":228,"column":59},"end":{"line":302,"column":1}},"line":228},"8":{"name":"(anonymous_8)","decl":{"start":{"line":273,"column":34},"end":{"line":273,"column":35}},"loc":{"start":{"line":273,"column":41},"end":{"line":273,"column":70}},"line":273},"9":{"name":"(anonymous_9)","decl":{"start":{"line":304,"column":23},"end":{"line":304,"column":24}},"loc":{"start":{"line":304,"column":55},"end":{"line":359,"column":1}},"line":304},"10":{"name":"(anonymous_10)","decl":{"start":{"line":371,"column":23},"end":{"line":371,"column":24}},"loc":{"start":{"line":371,"column":49},"end":{"line":389,"column":1}},"line":371},"11":{"name":"(anonymous_11)","decl":{"start":{"line":401,"column":23},"end":{"line":401,"column":24}},"loc":{"start":{"line":401,"column":49},"end":{"line":423,"column":1}},"line":401},"12":{"name":"(anonymous_12)","decl":{"start":{"line":435,"column":23},"end":{"line":435,"column":24}},"loc":{"start":{"line":435,"column":49},"end":{"line":457,"column":1}},"line":435}},"branchMap":{"0":{"loc":{"start":{"line":27,"column":2},"end":{"line":123,"column":3}},"type":"if","locations":[{"start":{"line":27,"column":2},"end":{"line":123,"column":3}},{"start":{},"end":{}}],"line":27},"1":{"loc":{"start":{"line":27,"column":6},"end":{"line":27,"column":50}},"type":"binary-expr","locations":[{"start":{"line":27,"column":6},"end":{"line":27,"column":25}},{"start":{"line":27,"column":29},"end":{"line":27,"column":50}}],"line":27},"2":{"loc":{"start":{"line":30,"column":4},"end":{"line":44,"column":5}},"type":"if","locations":[{"start":{"line":30,"column":4},"end":{"line":44,"column":5}},{"start":{},"end":{}}],"line":30},"3":{"loc":{"start":{"line":32,"column":6},"end":{"line":37,"column":7}},"type":"if","locations":[{"start":{"line":32,"column":6},"end":{"line":37,"column":7}},{"start":{},"end":{}}],"line":32},"4":{"loc":{"start":{"line":33,"column":8},"end":{"line":34,"column":55}},"type":"binary-expr","locations":[{"start":{"line":33,"column":8},"end":{"line":33,"column":26}},{"start":{"line":34,"column":8},"end":{"line":34,"column":55}}],"line":33},"5":{"loc":{"start":{"line":46,"column":4},"end":{"line":68,"column":5}},"type":"if","locations":[{"start":{"line":46,"column":4},"end":{"line":68,"column":5}},{"start":{},"end":{}}],"line":46},"6":{"loc":{"start":{"line":46,"column":8},"end":{"line":46,"column":50}},"type":"binary-expr","locations":[{"start":{"line":46,"column":8},"end":{"line":46,"column":26}},{"start":{"line":46,"column":30},"end":{"line":46,"column":50}}],"line":46},"7":{"loc":{"start":{"line":48,"column":8},"end":{"line":50,"column":9}},"type":"if","locations":[{"start":{"line":48,"column":8},"end":{"line":50,"column":9}},{"start":{},"end":{}}],"line":48},"8":{"loc":{"start":{"line":52,"column":6},"end":{"line":67,"column":7}},"type":"if","locations":[{"start":{"line":52,"column":6},"end":{"line":67,"column":7}},{"start":{"line":61,"column":13},"end":{"line":67,"column":7}}],"line":52},"9":{"loc":{"start":{"line":53,"column":8},"end":{"line":54,"column":55}},"type":"binary-expr","locations":[{"start":{"line":53,"column":8},"end":{"line":53,"column":26}},{"start":{"line":54,"column":8},"end":{"line":54,"column":55}}],"line":53},"10":{"loc":{"start":{"line":70,"column":4},"end":{"line":120,"column":5}},"type":"if","locations":[{"start":{"line":70,"column":4},"end":{"line":120,"column":5}},{"start":{},"end":{}}],"line":70},"11":{"loc":{"start":{"line":70,"column":8},"end":{"line":70,"column":50}},"type":"binary-expr","locations":[{"start":{"line":70,"column":8},"end":{"line":70,"column":26}},{"start":{"line":70,"column":30},"end":{"line":70,"column":50}}],"line":70},"12":{"loc":{"start":{"line":75,"column":28},"end":{"line":75,"column":70}},"type":"cond-expr","locations":[{"start":{"line":75,"column":42},"end":{"line":75,"column":63}},{"start":{"line":75,"column":66},"end":{"line":75,"column":70}}],"line":75},"13":{"loc":{"start":{"line":78,"column":8},"end":{"line":85,"column":9}},"type":"if","locations":[{"start":{"line":78,"column":8},"end":{"line":85,"column":9}},{"start":{},"end":{}}],"line":78},"14":{"loc":{"start":{"line":78,"column":12},"end":{"line":78,"column":61}},"type":"binary-expr","locations":[{"start":{"line":78,"column":12},"end":{"line":78,"column":23}},{"start":{"line":78,"column":27},"end":{"line":78,"column":61}}],"line":78},"15":{"loc":{"start":{"line":88,"column":10},"end":{"line":90,"column":11}},"type":"if","locations":[{"start":{"line":88,"column":10},"end":{"line":90,"column":11}},{"start":{},"end":{}}],"line":88},"16":{"loc":{"start":{"line":93,"column":25},"end":{"line":95,"column":29}},"type":"cond-expr","locations":[{"start":{"line":94,"column":12},"end":{"line":94,"column":58}},{"start":{"line":95,"column":12},"end":{"line":95,"column":29}}],"line":93},"17":{"loc":{"start":{"line":96,"column":23},"end":{"line":96,"column":79}},"type":"binary-expr","locations":[{"start":{"line":96,"column":24},"end":{"line":96,"column":35}},{"start":{"line":96,"column":39},"end":{"line":96,"column":57}},{"start":{"line":96,"column":62},"end":{"line":96,"column":79}}],"line":96},"18":{"loc":{"start":{"line":98,"column":8},"end":{"line":111,"column":9}},"type":"if","locations":[{"start":{"line":98,"column":8},"end":{"line":111,"column":9}},{"start":{"line":106,"column":15},"end":{"line":111,"column":9}}],"line":98},"19":{"loc":{"start":{"line":99,"column":10},"end":{"line":100,"column":57}},"type":"binary-expr","locations":[{"start":{"line":99,"column":10},"end":{"line":99,"column":28}},{"start":{"line":100,"column":10},"end":{"line":100,"column":57}}],"line":99},"20":{"loc":{"start":{"line":124,"column":2},"end":{"line":133,"column":3}},"type":"if","locations":[{"start":{"line":124,"column":2},"end":{"line":133,"column":3}},{"start":{"line":126,"column":9},"end":{"line":133,"column":3}}],"line":124},"21":{"loc":{"start":{"line":124,"column":6},"end":{"line":124,"column":75}},"type":"binary-expr","locations":[{"start":{"line":124,"column":6},"end":{"line":124,"column":24}},{"start":{"line":124,"column":28},"end":{"line":124,"column":75}}],"line":124},"22":{"loc":{"start":{"line":147,"column":2},"end":{"line":153,"column":3}},"type":"if","locations":[{"start":{"line":147,"column":2},"end":{"line":153,"column":3}},{"start":{},"end":{}}],"line":147},"23":{"loc":{"start":{"line":148,"column":4},"end":{"line":150,"column":33}},"type":"binary-expr","locations":[{"start":{"line":148,"column":4},"end":{"line":148,"column":23}},{"start":{"line":149,"column":4},"end":{"line":149,"column":25}},{"start":{"line":150,"column":4},"end":{"line":150,"column":33}}],"line":148},"24":{"loc":{"start":{"line":155,"column":2},"end":{"line":164,"column":3}},"type":"if","locations":[{"start":{"line":155,"column":2},"end":{"line":164,"column":3}},{"start":{"line":157,"column":9},"end":{"line":164,"column":3}}],"line":155},"25":{"loc":{"start":{"line":155,"column":6},"end":{"line":155,"column":75}},"type":"binary-expr","locations":[{"start":{"line":155,"column":6},"end":{"line":155,"column":24}},{"start":{"line":155,"column":28},"end":{"line":155,"column":75}}],"line":155},"26":{"loc":{"start":{"line":178,"column":2},"end":{"line":184,"column":3}},"type":"if","locations":[{"start":{"line":178,"column":2},"end":{"line":184,"column":3}},{"start":{},"end":{}}],"line":178},"27":{"loc":{"start":{"line":179,"column":4},"end":{"line":181,"column":33}},"type":"binary-expr","locations":[{"start":{"line":179,"column":4},"end":{"line":179,"column":23}},{"start":{"line":180,"column":4},"end":{"line":180,"column":25}},{"start":{"line":181,"column":4},"end":{"line":181,"column":33}}],"line":179},"28":{"loc":{"start":{"line":186,"column":2},"end":{"line":195,"column":3}},"type":"if","locations":[{"start":{"line":186,"column":2},"end":{"line":195,"column":3}},{"start":{"line":188,"column":9},"end":{"line":195,"column":3}}],"line":186},"29":{"loc":{"start":{"line":186,"column":6},"end":{"line":186,"column":75}},"type":"binary-expr","locations":[{"start":{"line":186,"column":6},"end":{"line":186,"column":24}},{"start":{"line":186,"column":28},"end":{"line":186,"column":75}}],"line":186},"30":{"loc":{"start":{"line":209,"column":2},"end":{"line":215,"column":3}},"type":"if","locations":[{"start":{"line":209,"column":2},"end":{"line":215,"column":3}},{"start":{},"end":{}}],"line":209},"31":{"loc":{"start":{"line":210,"column":4},"end":{"line":212,"column":68}},"type":"binary-expr","locations":[{"start":{"line":210,"column":4},"end":{"line":210,"column":23}},{"start":{"line":211,"column":4},"end":{"line":211,"column":25}},{"start":{"line":212,"column":5},"end":{"line":212,"column":34}},{"start":{"line":212,"column":38},"end":{"line":212,"column":67}}],"line":210},"32":{"loc":{"start":{"line":216,"column":2},"end":{"line":225,"column":3}},"type":"if","locations":[{"start":{"line":216,"column":2},"end":{"line":225,"column":3}},{"start":{"line":218,"column":9},"end":{"line":225,"column":3}}],"line":216},"33":{"loc":{"start":{"line":216,"column":6},"end":{"line":216,"column":75}},"type":"binary-expr","locations":[{"start":{"line":216,"column":6},"end":{"line":216,"column":24}},{"start":{"line":216,"column":28},"end":{"line":216,"column":75}}],"line":216},"34":{"loc":{"start":{"line":229,"column":2},"end":{"line":241,"column":3}},"type":"if","locations":[{"start":{"line":229,"column":2},"end":{"line":241,"column":3}},{"start":{},"end":{}}],"line":229},"35":{"loc":{"start":{"line":229,"column":6},"end":{"line":229,"column":52}},"type":"binary-expr","locations":[{"start":{"line":229,"column":6},"end":{"line":229,"column":26}},{"start":{"line":229,"column":30},"end":{"line":229,"column":52}}],"line":229},"36":{"loc":{"start":{"line":230,"column":4},"end":{"line":239,"column":5}},"type":"if","locations":[{"start":{"line":230,"column":4},"end":{"line":239,"column":5}},{"start":{"line":232,"column":11},"end":{"line":239,"column":5}}],"line":230},"37":{"loc":{"start":{"line":230,"column":8},"end":{"line":230,"column":77}},"type":"binary-expr","locations":[{"start":{"line":230,"column":8},"end":{"line":230,"column":26}},{"start":{"line":230,"column":30},"end":{"line":230,"column":77}}],"line":230},"38":{"loc":{"start":{"line":244,"column":2},"end":{"line":251,"column":3}},"type":"if","locations":[{"start":{"line":244,"column":2},"end":{"line":251,"column":3}},{"start":{},"end":{}}],"line":244},"39":{"loc":{"start":{"line":245,"column":4},"end":{"line":248,"column":33}},"type":"binary-expr","locations":[{"start":{"line":245,"column":4},"end":{"line":245,"column":33}},{"start":{"line":246,"column":4},"end":{"line":246,"column":33}},{"start":{"line":247,"column":4},"end":{"line":247,"column":33}},{"start":{"line":248,"column":4},"end":{"line":248,"column":33}}],"line":245},"40":{"loc":{"start":{"line":254,"column":2},"end":{"line":266,"column":3}},"type":"if","locations":[{"start":{"line":254,"column":2},"end":{"line":266,"column":3}},{"start":{},"end":{}}],"line":254},"41":{"loc":{"start":{"line":255,"column":4},"end":{"line":264,"column":5}},"type":"if","locations":[{"start":{"line":255,"column":4},"end":{"line":264,"column":5}},{"start":{"line":257,"column":11},"end":{"line":264,"column":5}}],"line":255},"42":{"loc":{"start":{"line":255,"column":8},"end":{"line":255,"column":77}},"type":"binary-expr","locations":[{"start":{"line":255,"column":8},"end":{"line":255,"column":26}},{"start":{"line":255,"column":30},"end":{"line":255,"column":77}}],"line":255},"43":{"loc":{"start":{"line":273,"column":6},"end":{"line":273,"column":71}},"type":"binary-expr","locations":[{"start":{"line":273,"column":6},"end":{"line":273,"column":15}},{"start":{"line":273,"column":19},"end":{"line":273,"column":71}}],"line":273},"44":{"loc":{"start":{"line":275,"column":4},"end":{"line":291,"column":5}},"type":"if","locations":[{"start":{"line":275,"column":4},"end":{"line":291,"column":5}},{"start":{"line":277,"column":11},"end":{"line":291,"column":5}}],"line":275},"45":{"loc":{"start":{"line":278,"column":6},"end":{"line":290,"column":7}},"type":"if","locations":[{"start":{"line":278,"column":6},"end":{"line":290,"column":7}},{"start":{"line":283,"column":13},"end":{"line":290,"column":7}}],"line":278},"46":{"loc":{"start":{"line":279,"column":8},"end":{"line":280,"column":55}},"type":"binary-expr","locations":[{"start":{"line":279,"column":8},"end":{"line":279,"column":26}},{"start":{"line":280,"column":8},"end":{"line":280,"column":55}}],"line":279},"47":{"loc":{"start":{"line":294,"column":4},"end":{"line":300,"column":5}},"type":"if","locations":[{"start":{"line":294,"column":4},"end":{"line":300,"column":5}},{"start":{"line":296,"column":11},"end":{"line":300,"column":5}}],"line":294},"48":{"loc":{"start":{"line":294,"column":8},"end":{"line":294,"column":77}},"type":"binary-expr","locations":[{"start":{"line":294,"column":8},"end":{"line":294,"column":26}},{"start":{"line":294,"column":30},"end":{"line":294,"column":77}}],"line":294},"49":{"loc":{"start":{"line":305,"column":2},"end":{"line":316,"column":3}},"type":"if","locations":[{"start":{"line":305,"column":2},"end":{"line":316,"column":3}},{"start":{},"end":{}}],"line":305},"50":{"loc":{"start":{"line":305,"column":6},"end":{"line":305,"column":52}},"type":"binary-expr","locations":[{"start":{"line":305,"column":6},"end":{"line":305,"column":26}},{"start":{"line":305,"column":30},"end":{"line":305,"column":52}}],"line":305},"51":{"loc":{"start":{"line":306,"column":4},"end":{"line":315,"column":5}},"type":"if","locations":[{"start":{"line":306,"column":4},"end":{"line":315,"column":5}},{"start":{"line":308,"column":11},"end":{"line":315,"column":5}}],"line":306},"52":{"loc":{"start":{"line":306,"column":8},"end":{"line":306,"column":77}},"type":"binary-expr","locations":[{"start":{"line":306,"column":8},"end":{"line":306,"column":26}},{"start":{"line":306,"column":30},"end":{"line":306,"column":77}}],"line":306},"53":{"loc":{"start":{"line":320,"column":2},"end":{"line":327,"column":3}},"type":"if","locations":[{"start":{"line":320,"column":2},"end":{"line":327,"column":3}},{"start":{},"end":{}}],"line":320},"54":{"loc":{"start":{"line":321,"column":4},"end":{"line":324,"column":29}},"type":"binary-expr","locations":[{"start":{"line":321,"column":4},"end":{"line":321,"column":29}},{"start":{"line":322,"column":4},"end":{"line":322,"column":29}},{"start":{"line":323,"column":4},"end":{"line":323,"column":29}},{"start":{"line":324,"column":4},"end":{"line":324,"column":29}}],"line":321},"55":{"loc":{"start":{"line":330,"column":2},"end":{"line":345,"column":3}},"type":"if","locations":[{"start":{"line":330,"column":2},"end":{"line":345,"column":3}},{"start":{},"end":{}}],"line":330},"56":{"loc":{"start":{"line":333,"column":6},"end":{"line":341,"column":7}},"type":"if","locations":[{"start":{"line":333,"column":6},"end":{"line":341,"column":7}},{"start":{"line":335,"column":13},"end":{"line":341,"column":7}}],"line":333},"57":{"loc":{"start":{"line":337,"column":8},"end":{"line":339,"column":9}},"type":"if","locations":[{"start":{"line":337,"column":8},"end":{"line":339,"column":9}},{"start":{},"end":{}}],"line":337},"58":{"loc":{"start":{"line":337,"column":12},"end":{"line":337,"column":51}},"type":"binary-expr","locations":[{"start":{"line":337,"column":12},"end":{"line":337,"column":19}},{"start":{"line":337,"column":23},"end":{"line":337,"column":51}}],"line":337},"59":{"loc":{"start":{"line":348,"column":2},"end":{"line":358,"column":3}},"type":"if","locations":[{"start":{"line":348,"column":2},"end":{"line":358,"column":3}},{"start":{"line":350,"column":9},"end":{"line":358,"column":3}}],"line":348},"60":{"loc":{"start":{"line":348,"column":6},"end":{"line":348,"column":75}},"type":"binary-expr","locations":[{"start":{"line":348,"column":6},"end":{"line":348,"column":24}},{"start":{"line":348,"column":28},"end":{"line":348,"column":75}}],"line":348},"61":{"loc":{"start":{"line":372,"column":2},"end":{"line":378,"column":3}},"type":"if","locations":[{"start":{"line":372,"column":2},"end":{"line":378,"column":3}},{"start":{},"end":{}}],"line":372},"62":{"loc":{"start":{"line":373,"column":4},"end":{"line":375,"column":33}},"type":"binary-expr","locations":[{"start":{"line":373,"column":4},"end":{"line":373,"column":23}},{"start":{"line":374,"column":4},"end":{"line":374,"column":25}},{"start":{"line":375,"column":4},"end":{"line":375,"column":33}}],"line":373},"63":{"loc":{"start":{"line":379,"column":2},"end":{"line":388,"column":3}},"type":"if","locations":[{"start":{"line":379,"column":2},"end":{"line":388,"column":3}},{"start":{"line":381,"column":9},"end":{"line":388,"column":3}}],"line":379},"64":{"loc":{"start":{"line":379,"column":6},"end":{"line":379,"column":75}},"type":"binary-expr","locations":[{"start":{"line":379,"column":6},"end":{"line":379,"column":24}},{"start":{"line":379,"column":28},"end":{"line":379,"column":75}}],"line":379},"65":{"loc":{"start":{"line":403,"column":2},"end":{"line":412,"column":3}},"type":"if","locations":[{"start":{"line":403,"column":2},"end":{"line":412,"column":3}},{"start":{},"end":{}}],"line":403},"66":{"loc":{"start":{"line":404,"column":4},"end":{"line":409,"column":36}},"type":"binary-expr","locations":[{"start":{"line":404,"column":4},"end":{"line":404,"column":23}},{"start":{"line":405,"column":4},"end":{"line":405,"column":25}},{"start":{"line":406,"column":5},"end":{"line":406,"column":34}},{"start":{"line":407,"column":6},"end":{"line":407,"column":35}},{"start":{"line":408,"column":6},"end":{"line":408,"column":35}},{"start":{"line":409,"column":6},"end":{"line":409,"column":35}}],"line":404},"67":{"loc":{"start":{"line":413,"column":2},"end":{"line":422,"column":3}},"type":"if","locations":[{"start":{"line":413,"column":2},"end":{"line":422,"column":3}},{"start":{"line":415,"column":9},"end":{"line":422,"column":3}}],"line":413},"68":{"loc":{"start":{"line":413,"column":6},"end":{"line":413,"column":75}},"type":"binary-expr","locations":[{"start":{"line":413,"column":6},"end":{"line":413,"column":24}},{"start":{"line":413,"column":28},"end":{"line":413,"column":75}}],"line":413},"69":{"loc":{"start":{"line":436,"column":2},"end":{"line":446,"column":3}},"type":"if","locations":[{"start":{"line":436,"column":2},"end":{"line":446,"column":3}},{"start":{},"end":{}}],"line":436},"70":{"loc":{"start":{"line":437,"column":4},"end":{"line":443,"column":36}},"type":"binary-expr","locations":[{"start":{"line":437,"column":4},"end":{"line":437,"column":23}},{"start":{"line":438,"column":4},"end":{"line":438,"column":25}},{"start":{"line":439,"column":5},"end":{"line":439,"column":34}},{"start":{"line":440,"column":6},"end":{"line":440,"column":35}},{"start":{"line":441,"column":6},"end":{"line":441,"column":35}},{"start":{"line":442,"column":6},"end":{"line":442,"column":35}},{"start":{"line":443,"column":6},"end":{"line":443,"column":35}}],"line":437},"71":{"loc":{"start":{"line":447,"column":2},"end":{"line":456,"column":3}},"type":"if","locations":[{"start":{"line":447,"column":2},"end":{"line":456,"column":3}},{"start":{"line":449,"column":9},"end":{"line":456,"column":3}}],"line":447},"72":{"loc":{"start":{"line":447,"column":6},"end":{"line":447,"column":75}},"type":"binary-expr","locations":[{"start":{"line":447,"column":6},"end":{"line":447,"column":24}},{"start":{"line":447,"column":28},"end":{"line":447,"column":75}}],"line":447}},"s":{"0":1,"1":1,"2":1,"3":0,"4":0,"5":0,"6":0,"7":0,"8":0,"9":0,"10":0,"11":0,"12":0,"13":0,"14":0,"15":0,"16":0,"17":0,"18":0,"19":0,"20":0,"21":0,"22":0,"23":0,"24":0,"25":0,"26":0,"27":0,"28":0,"29":0,"30":0,"31":0,"32":0,"33":0,"34":0,"35":0,"36":0,"37":0,"38":0,"39":1,"40":0,"41":0,"42":0,"43":0,"44":0,"45":1,"46":0,"47":0,"48":0,"49":0,"50":0,"51":1,"52":0,"53":0,"54":0,"55":0,"56":0,"57":1,"58":0,"59":0,"60":0,"61":0,"62":0,"63":0,"64":0,"65":0,"66":0,"67":0,"68":0,"69":0,"70":0,"71":0,"72":0,"73":0,"74":0,"75":0,"76":0,"77":0,"78":0,"79":0,"80":0,"81":0,"82":0,"83":0,"84":1,"85":0,"86":0,"87":0,"88":0,"89":0,"90":0,"91":0,"92":0,"93":0,"94":0,"95":0,"96":0,"97":0,"98":0,"99":0,"100":0,"101":0,"102":0,"103":0,"104":0,"105":1,"106":0,"107":0,"108":0,"109":0,"110":0,"111":1,"112":0,"113":0,"114":0,"115":0,"116":0,"117":1,"118":0,"119":0,"120":0,"121":0,"122":0,"123":1},"f":{"0":0,"1":0,"2":0,"3":0,"4":0,"5":0,"6":0,"7":0,"8":0,"9":0,"10":0,"11":0,"12":0},"b":{"0":[0,0],"1":[0,0],"2":[0,0],"3":[0,0],"4":[0,0],"5":[0,0],"6":[0,0],"7":[0,0],"8":[0,0],"9":[0,0],"10":[0,0],"11":[0,0],"12":[0,0],"13":[0,0],"14":[0,0],"15":[0,0],"16":[0,0],"17":[0,0,0],"18":[0,0],"19":[0,0],"20":[0,0],"21":[0,0],"22":[0,0],"23":[0,0,0],"24":[0,0],"25":[0,0],"26":[0,0],"27":[0,0,0],"28":[0,0],"29":[0,0],"30":[0,0],"31":[0,0,0,0],"32":[0,0],"33":[0,0],"34":[0,0],"35":[0,0],"36":[0,0],"37":[0,0],"38":[0,0],"39":[0,0,0,0],"40":[0,0],"41":[0,0],"42":[0,0],"43":[0,0],"44":[0,0],"45":[0,0],"46":[0,0],"47":[0,0],"48":[0,0],"49":[0,0],"50":[0,0],"51":[0,0],"52":[0,0],"53":[0,0],"54":[0,0,0,0],"55":[0,0],"56":[0,0],"57":[0,0],"58":[0,0],"59":[0,0],"60":[0,0],"61":[0,0],"62":[0,0,0],"63":[0,0],"64":[0,0],"65":[0,0],"66":[0,0,0,0,0,0],"67":[0,0],"68":[0,0],"69":[0,0],"70":[0,0,0,0,0,0,0],"71":[0,0],"72":[0,0]},"_coverageSchema":"1a1c01bbd47fc00a2c39e90264f33305004495a9","hash":"7f2c8bf8508973e1346fa2d75ba605c0e75bb7e5"}
[...]
d":{"line":221,"column":69}},{"start":{},"end":{}}],"line":221},"17":{"loc":{"start":{"line":221,"column":8},"end":{"line":221,"column":45}},"type":"binary-expr","locations":[{"start":{"line":221,"column":8},"end":{"line":221,"column":19}},{"start":{"line":221,"column":23},"end":{"line":221,"column":45}}],"line":221},"18":{"loc":{"start":{"line":238,"column":2},"end":{"line":238,"column":27}},"type":"default-arg","locations":[{"start":{"line":238,"column":23},"end":{"line":238,"column":27}}],"line":238},"19":{"loc":{"start":{"line":245,"column":26},"end":{"line":245,"column":75}},"type":"binary-expr","locations":[{"start":{"line":245,"column":26},"end":{"line":245,"column":44}},{"start":{"line":245,"column":49},"end":{"line":245,"column":74}}],"line":245},"20":{"loc":{"start":{"line":263,"column":13},"end":{"line":263,"column":56}},"type":"binary-expr","locations":[{"start":{"line":263,"column":13},"end":{"line":263,"column":35}},{"start":{"line":263,"column":39},"end":{"line":263,"column":56}}],"line":263},"21":{"loc":{"start":{"line":265,"column":4},"end":{"line":270,"column":5}},"type":"if","locations":[{"start":{"line":265,"column":4},"end":{"line":270,"column":5}},{"start":{},"end":{}}],"line":265},"22":{"loc":{"start":{"line":272,"column":4},"end":{"line":281,"column":5}},"type":"if","locations":[{"start":{"line":272,"column":4},"end":{"line":281,"column":5}},{"start":{},"end":{}}],"line":272},"23":{"loc":{"start":{"line":283,"column":4},"end":{"line":291,"column":5}},"type":"if","locations":[{"start":{"line":283,"column":4},"end":{"line":291,"column":5}},{"start":{},"end":{}}],"line":283},"24":{"loc":{"start":{"line":313,"column":21},"end":{"line":313,"column":45}},"type":"binary-expr","locations":[{"start":{"line":313,"column":21},"end":{"line":313,"column":32}},{"start":{"line":313,"column":36},"end":{"line":313,"column":45}}],"line":313},"25":{"loc":{"start":{"line":329,"column":12},"end":{"line":329,"column":69}},"type":"if","locations":[{"start":{"line":329,"column":12},"end":{"line":329,"column":69}},{"start":{},"end":{}}],"line":329},"26":{"loc":{"start":{"line":332,"column":12},"end":{"line":368,"column":13}},"type":"if","locations":[{"start":{"line":332,"column":12},"end":{"line":368,"column":13}},{"start":{"line":338,"column":19},"end":{"line":368,"column":13}}],"line":332},"27":{"loc":{"start":{"line":332,"column":16},"end":{"line":332,"column":64}},"type":"binary-expr","locations":[{"start":{"line":332,"column":16},"end":{"line":332,"column":38}},{"start":{"line":332,"column":42},"end":{"line":332,"column":64}}],"line":332},"28":{"loc":{"start":{"line":338,"column":19},"end":{"line":368,"column":13}},"type":"if","locations":[{"start":{"line":338,"column":19},"end":{"line":368,"column":13}},{"start":{"line":349,"column":19},"end":{"line":368,"column":13}}],"line":338},"29":{"loc":{"start":{"line":349,"column":19},"end":{"line":368,"column":13}},"type":"if","locations":[{"start":{"line":349,"column":19},"end":{"line":368,"column":13}},{"start":{"line":354,"column":19},"end":{"line":368,"column":13}}],"line":349},"30":{"loc":{"start":{"line":354,"column":19},"end":{"line":368,"column":13}},"type":"if","locations":[{"start":{"line":354,"column":19},"end":{"line":368,"column":13}},{"start":{"line":362,"column":19},"end":{"line":368,"column":13}}],"line":354},"31":{"loc":{"start":{"line":364,"column":49},"end":{"line":364,"column":76}},"type":"binary-expr","locations":[{"start":{"line":364,"column":49},"end":{"line":364,"column":63}},{"start":{"line":364,"column":67},"end":{"line":364,"column":76}}],"line":364},"32":{"loc":{"start":{"line":374,"column":13},"end":{"line":374,"column":58}},"type":"binary-expr","locations":[{"start":{"line":374,"column":13},"end":{"line":374,"column":37}},{"start":{"line":374,"column":41},"end":{"line":374,"column":58}}],"line":374},"33":{"loc":{"start":{"line":378,"column":13},"end":{"line":378,"column":57}},"type":"binary-expr","locations":[{"start":{"line":378,"column":13},"end":{"line":378,"column":37}},{"start":{"line":378,"column":41},"end":{"line":378,"column":57}}],"line":378},"34":{"loc":{"start":{"line":388,"column":6},"end":{"line":401,"column":7}},"type":"if","locations":[{"start":{"line":388,"column":6},"end":{"line":401,"column":7}},{"start":{"line":396,"column":13},"end":{"line":401,"column":7}}],"line":388},"35":{"loc":{"start":{"line":393,"column":46},"end":{"line":393,"column":75}},"type":"binary-expr","locations":[{"start":{"line":393,"column":46},"end":{"line":393,"column":63}},{"start":{"line":393,"column":67},"end":{"line":393,"column":75}}],"line":393},"36":{"loc":{"start":{"line":394,"column":8},"end":{"line":395,"column":63}},"type":"if","locations":[{"start":{"line":394,"column":8},"end":{"line":395,"column":63}},{"start":{},"end":{}}],"line":394},"37":{"loc":{"start":{"line":396,"column":13},"end":{"line":401,"column":7}},"type":"if","locations":[{"start":{"line":396,"column":13},"end":{"line":401,"column":7}},{"start":{},"end":{}}],"line":396},"38":{"loc":{"start":{"line":396,"column":17},"end":{"line":396,"column":43}},"type":"binary-expr","locations":[{"start":{"line":396,"column":17},"end":{"line":396,"column":24}},{"start":{"line":396,"column":28},"end":{"line":396,"column":43}}],"line":396},"39":{"loc":{"start":{"line":416,"column":49},"end":{"line":416,"column":74}},"type":"default-arg","locations":[{"start":{"line":416,"column":70},"end":{"line":416,"column":74}}],"line":416},"40":{"loc":{"start":{"line":421,"column":26},"end":{"line":421,"column":75}},"type":"binary-expr","locations":[{"start":{"line":421,"column":26},"end":{"line":421,"column":44}},{"start":{"line":421,"column":49},"end":{"line":421,"column":74}}],"line":421},"41":{"loc":{"start":{"line":434,"column":19},"end":{"line":434,"column":35}},"type":"binary-expr","locations":[{"start":{"line":434,"column":19},"end":{"line":434,"column":29}},{"start":{"line":434,"column":33},"end":{"line":434,"column":35}}],"line":434},"42":{"loc":{"start":{"line":443,"column":8},"end":{"line":443,"column":22}},"type":"binary-expr","locations":[{"start":{"line":443,"column":8},"end":{"line":443,"column":9}},{"start":{"line":443,"column":13},"end":{"line":443,"column":22}}],"line":443},"43":{"loc":{"start":{"line":447,"column":4},"end":{"line":456,"column":5}},"type":"if","locations":[{"start":{"line":447,"column":4},"end":{"line":456,"column":5}},{"start":{},"end":{}}],"line":447},"44":{"loc":{"start":{"line":458,"column":4},"end":{"line":464,"column":5}},"type":"if","locations":[{"start":{"line":458,"column":4},"end":{"line":464,"column":5}},{"start":{},"end":{}}],"line":458},"45":{"loc":{"start":{"line":486,"column":21},"end":{"line":486,"column":43}},"type":"binary-expr","locations":[{"start":{"line":486,"column":21},"end":{"line":486,"column":32}},{"start":{"line":486,"column":36},"end":{"line":486,"column":43}}],"line":486},"46":{"loc":{"start":{"line":502,"column":12},"end":{"line":502,"column":69}},"type":"if","locations":[{"start":{"line":502,"column":12},"end":{"line":502,"column":69}},{"start":{},"end":{}}],"line":502},"47":{"loc":{"start":{"line":504,"column":12},"end":{"line":534,"column":13}},"type":"if","locations":[{"start":{"line":504,"column":12},"end":{"line":534,"column":13}},{"start":{"line":510,"column":19},"end":{"line":534,"column":13}}],"line":504},"48":{"loc":{"start":{"line":504,"column":16},"end":{"line":504,"column":64}},"type":"binary-expr","locations":[{"start":{"line":504,"column":16},"end":{"line":504,"column":38}},{"start":{"line":504,"column":42},"end":{"line":504,"column":64}}],"line":504},"49":{"loc":{"start":{"line":510,"column":19},"end":{"line":534,"column":13}},"type":"if","locations":[{"start":{"line":510,"column":19},"end":{"line":534,"column":13}},{"start":{"line":516,"column":19},"end":{"line":534,"column":13}}],"line":510},"50":{"loc":{"start":{"line":516,"column":19},"end":{"line":534,"column":13}},"type":"if","locations":[{"start":{"line":516,"column":19},"end":{"line":534,"column":13}},{"start":{"line":523,"column":19},"end":{"line":534,"column":13}}],"line":516},"51":{"loc":{"start":{"line":523,"column":19},"end":{"line":534,"column":13}},"type":"if","locations":[{"start":{"line":523,"column":19},"end":{"line":534,"column":13}},{"start":{"line":531,"column":19},"end":{"line":534,"column":13}}],"line":523},"52":{"loc":{"start":{"line":540,"column":13},"end":{"line":540,"column":58}},"type":"binary-expr","locations":[{"start":{"line":540,"column":13},"end":{"line":540,"column":37}},{"start":{"line":540,"column":41},"end":{"line":540,"column":58}}],"line":540},"53":{"loc":{"start":{"line":544,"column":13},"end":{"line":544,"column":57}},"type":"binary-expr","locations":[{"start":{"line":544,"column":13},"end":{"line":544,"column":37}},{"start":{"line":544,"column":41},"end":{"line":544,"column":57}}],"line":544},"54":{"loc":{"start":{"line":553,"column":6},"end":{"line":566,"column":7}},"type":"if","locations":[{"start":{"line":553,"column":6},"end":{"line":566,"column":7}},{"start":{"line":561,"column":13},"end":{"line":566,"column":7}}],"line":553},"55":{"loc":{"start":{"line":558,"column":46},"end":{"line":558,"column":75}},"type":"binary-expr","locations":[{"start":{"line":558,"column":46},"end":{"line":558,"column":63}},{"start":{"line":558,"column":67},"end":{"line":558,"column":75}}],"line":558},"56":{"loc":{"start":{"line":559,"column":8},"end":{"line":560,"column":63}},"type":"if","locations":[{"start":{"line":559,"column":8},"end":{"line":560,"column":63}},{"start":{},"end":{}}],"line":559},"57":{"loc":{"start":{"line":561,"column":13},"end":{"line":566,"column":7}},"type":"if","locations":[{"start":{"line":561,"column":13},"end":{"line":566,"column":7}},{"start":{},"end":{}}],"line":561},"58":{"loc":{"start":{"line":561,"column":17},"end":{"line":561,"column":43}},"type":"binary-expr","locations":[{"start":{"line":561,"column":17},"end":{"line":561,"column":24}},{"start":{"line":561,"column":28},"end":{"line":561,"column":43}}],"line":561},"59":{"loc":{"start":{"line":581,"column":46},"end":{"line":581,"column":71}},"type":"default-arg","locations":[{"start":{"line":581,"column":67},"end":{"line":581,"column":71}}],"line":581},"60":{"loc":{"start":{"line":585,"column":26},"end":{"line":585,"column":75}},"type":"binary-expr","locations":[{"start":{"line":585,"column":26},"end":{"line":585,"column":44}},{"start":{"line":585,"column":49},"end":{"line":585,"column":74}}],"line":585},"61":{"loc":{"start":{"line":587,"column":4},"end":{"line":590,"column":5}},"type":"if","locations":[{"start":{"line":587,"column":4},"end":{"line":590,"column":5}},{"start":{},"end":{}}],"line":587},"62":{"loc":{"start":{"line":608,"column":21},"end":{"line":608,"column":47}},"type":"binary-expr","locations":[{"start":{"line":608,"column":21},"end":{"line":608,"column":32}},{"start":{"line":608,"column":36},"end":{"line":608,"column":47}}],"line":608},"63":{"loc":{"start":{"line":616,"column":12},"end":{"line":619,"column":13}},"type":"if","locations":[{"start":{"line":616,"column":12},"end":{"line":619,"column":13}},{"start":{},"end":{}}],"line":616},"64":{"loc":{"start":{"line":616,"column":16},"end":{"line":616,"column":64}},"type":"binary-expr","locations":[{"start":{"line":616,"column":16},"end":{"line":616,"column":38}},{"start":{"line":616,"column":42},"end":{"line":616,"column":64}}],"line":616},"65":{"loc":{"start":{"line":627,"column":13},"end":{"line":627,"column":58}},"type":"binary-expr","locations":[{"start":{"line":627,"column":13},"end":{"line":627,"column":37}},{"start":{"line":627,"column":41},"end":{"line":627,"column":58}}],"line":627},"66":{"loc":{"start":{"line":631,"column":13},"end":{"line":631,"column":57}},"type":"binary-expr","locations":[{"start":{"line":631,"column":13},"end":{"line":631,"column":37}},{"start":{"line":631,"column":41},"end":{"line":631,"column":57}}],"line":631},"67":{"loc":{"start":{"line":648,"column":42},"end":{"line":648,"column":55}},"type":"default-arg","locations":[{"start":{"line":648,"column":54},"end":{"line":648,"column":55}}],"line":648}},"s":{"0":2,"1":2,"2":2,"3":2,"4":2,"5":2,"6":1,"7":1,"8":1,"9":1,"10":1,"11":2,"12":2,"13":2,"14":1,"15":1,"16":1,"17":1,"18":4,"19":4,"20":1,"21":3,"22":3,"23":3,"24":1,"25":2,"26":2,"27":2,"28":2,"29":2,"30":2,"31":2,"32":2,"33":2,"34":1,"35":1,"36":2,"37":2,"38":2,"39":2,"40":1,"41":1,"42":1,"43":0,"44":1,"45":0,"46":0,"47":2,"48":2,"49":0,"50":4,"51":4,"52":0,"53":2,"54":2,"55":2,"56":1,"57":1,"58":0,"59":0,"60":4,"61":4,"62":4,"63":4,"64":4,"65":4,"66":4,"67":5,"68":4,"69":8,"70":4,"71":4,"72":8,"73":4,"74":0,"75":4,"76":3,"77":3,"78":4,"79":4,"80":1,"81":1,"82":1,"83":3,"84":3,"85":4,"86":4,"87":4,"88":1,"89":1,"90":1,"91":3,"92":3,"93":3,"94":0,"95":3,"96":1,"97":1,"98":1,"99":2,"100":0,"101":0,"102":0,"103":0,"104":2,"105":0,"106":0,"107":2,"108":2,"109":2,"110":2,"111":0,"112":0,"113":0,"114":3,"115":4,"116":3,"117":4,"118":3,"119":4,"120":3,"121":3,"122":3,"123":3,"124":3,"125":4,"126":2,"127":2,"128":2,"129":2,"130":2,"131":1,"132":3,"133":0,"134":0,"135":2,"136":2,"137":2,"138":2,"139":2,"140":2,"141":3,"142":2,"143":2,"144":2,"145":1,"146":2,"147":0,"148":2,"149":1,"150":1,"151":1,"152":2,"153":1,"154":1,"155":1,"156":1,"157":1,"158":1,"159":1,"160":1,"161":1,"162":1,"163":1,"164":0,"165":0,"166":0,"167":0,"168":0,"169":0,"170":0,"171":0,"172":0,"173":0,"174":0,"175":0,"176":0,"177":0,"178":0,"179":0,"180":0,"181":0,"182":0,"183":0,"184":0,"185":1,"186":1,"187":1,"188":1,"189":1,"190":1,"191":1,"192":1,"193":1,"194":1,"195":1,"196":1,"197":0,"198":0,"199":0,"200":0,"201":1,"202":0,"203":1,"204":0,"205":0,"206":1,"207":1,"208":1,"209":1,"210":0,"211":0,"212":1,"213":1,"214":2,"215":2,"216":2,"217":2,"218":0,"219":0,"220":0,"221":0,"222":0,"223":1,"224":2,"225":1,"226":2,"227":1,"228":2,"229":1,"230":1,"231":0,"232":0,"233":1,"234":1,"235":1,"236":1,"237":0,"238":0,"239":2},"f":{"0":2,"1":1,"2":4,"3":1,"4":2,"5":4,"6":2,"7":4,"8":5,"9":8,"10":8,"11":4,"12":4,"13":1,"14":3,"15":4,"16":4,"17":4,"18":4,"19":2,"20":3,"21":1,"22":1,"23":1,"24":1,"25":0,"26":1,"27":1,"28":1,"29":1,"30":1,"31":2,"32":2,"33":0,"34":2,"35":2,"36":2,"37":1},"b":{"0":[2,1],"1":[2,1],"2":[2,1],"3":[1,1],"4":[2,1],"5":[4],"6":[4],"7":[1,3],"8":[4,4,3],"9":[1,2],"10":[3,2],"11":[2,0],"12":[2,2],"13":[2,0],"14":[1,1],"15":[0,1],"16":[1,1],"17":[2,2],"18":[0],"19":[4,0],"20":[8,8],"21":[0,4],"22":[3,1],"23":[1,3],"24":[4,4],"25":[0,3],"26":[1,2],"27":[3,2],"28":[0,2],"29":[0,2],"30":[2,0],"31":[0,0],"32":[4,2],"33":[4,2],"34":[2,2],"35":[2,0],"36":[2,0],"37":[1,1],"38":[2,2],"39":[0],"40":[2,0],"41":[1,0],"42":[0,0],"43":[1,1],"44":[1,1],"45":[1,1],"46":[0,0],"47":[0,0],"48":[0,0],"49":[0,0],"50":[0,0],"51":[0,0],"52":[1,1],"53":[1,1],"54":[0,1],"55":[0,0],"56":[0,0],"57":[0,1],"58":[1,1],"59":[0],"60":[1,0],"61":[0,1],"62":[2,2],"63":[0,0],"64":[0,0],"65":[2,2],"66":[2,2],"67":[0]},"_coverageSchema":"1a1c01bbd47fc00a2c39e90264f33305004495a9","hash":"ff4cc857b869237e83e1aaf91504cd8351b913ab"}
,"E:\\BorgoVercelli-postgres\\BorgoVercelli\\src\\shared\\utils\\file-helper.js": {"path":"E:\\BorgoVercelli-postgres\\BorgoVercelli\\src\\shared\\utils\\file-helper.js","statementMap":{"0":{"start":{"line":6,"column":11},"end":{"line":6,"column":24}},"1":{"start":{"line":7,"column":13},"end":{"line":7,"column":28}},"2":{"start":{"line":15,"column":2},"end":{"line":15,"column":30}},"3":{"start":{"line":15,"column":17},"end":{"line":15,"column":30}},"4":{"start":{"line":18,"column":22},"end":{"line":18,"column":77}},"5":{"start":{"line":21,"column":26},"end":{"line":23,"column":47}},"6":{"start":{"line":26,"column":21},"end":{"line":32,"column":3}},"7":{"start":{"line":34,"column":18},"end":{"line":34,"column":23}},"8":{"start":{"line":35,"column":2},"end":{"line":47,"column":3}},"9":{"start":{"line":36,"column":4},"end":{"line":46,"column":5}},"10":{"start":{"line":37,"column":6},"end":{"line":45,"column":7}},"11":{"start":{"line":38,"column":8},"end":{"line":38,"column":32}},"12":{"start":{"line":39,"column":8},"end":{"line":39,"column":63}},"13":{"start":{"line":40,"column":8},"end":{"line":40,"column":25}},"14":{"start":{"line":41,"column":8},"end":{"line":41,"column":14}},"15":{"start":{"line":43,"column":8},"end":{"line":43,"column":73}},"16":{"start":{"line":49,"column":2},"end":{"line":51,"column":3}},"17":{"start":{"line":50,"column":4},"end":{"line":50,"column":62}},"18":{"start":{"line":53,"column":2},"end":{"line":53,"column":19}},"19":{"start":{"line":62,"column":2},"end":{"line":62,"column":30}},"20":{"start":{"line":62,"column":17},"end":{"line":62,"column":30}},"21":{"start":{"line":64,"column":22},"end":{"line":64,"column":77}},"22":{"start":{"line":66,"column":26},"end":{"line":68,"column":47}},"23":{"start":{"line":70,"column":21},"end":{"line":75,"column":3}},"24":{"start":{"line":77,"column":2},"end":{"line":83,"column":3}},"25":{"start":{"line":78,"column":4},"end":{"line":82,"column":5}},"26":{"start":{"line":79,"column":6},"end":{"line":79,"column":47}},"27":{"start":{"line":79,"column":35},"end":{"line":79,"column":47}},"28":{"start":{"line":85,"column":2},"end":{"line":85,"column":15}},"29":{"start":{"line":88,"column":0},"end":{"line":91,"column":2}}},"fnMap":{"0":{"name":"deleteImageFile","decl":{"start":{"line":14,"column":9},"end":{"line":14,"column":24}},"loc":{"start":{"line":14,"column":35},"end":{"line":54,"column":1}},"line":14},"1":{"name":"imageFileExists","decl":{"start":{"line":61,"column":9},"end":{"line":61,"column":24}},"loc":{"start":{"line":61,"column":35},"end":{"line":86,"column":1}},"line":61}},"branchMap":{"0":{"loc":{"start":{"line":15,"column":2},"end":{"line":15,"column":30}},"type":"if","locations":[{"start":{"line":15,"column":2},"end":{"line":15,"column":30}},{"start":{},"end":{}}],"line":15},"1":{"loc":{"start":{"line":18,"column":22},"end":{"line":18,"column":77}},"type":"cond-expr","locations":[{"start":{"line":18,"column":49},"end":{"line":18,"column":66}},{"start":{"line":18,"column":69},"end":{"line":18,"column":77}}],"line":18},"2":{"loc":{"start":{"line":21,"column":26},"end":{"line":23,"column":47}},"type":"cond-expr","locations":[{"start":{"line":22,"column":6},"end":{"line":22,"column":13}},{"start":{"line":23,"column":6},"end":{"line":23,"column":47}}],"line":21},"3":{"loc":{"start":{"line":36,"column":4},"end":{"line":46,"column":5}},"type":"if","locations":[{"start":{"line":36,"column":4},"end":{"line":46,"column":5}},{"start":{},"end":{}}],"line":36},"4":{"loc":{"start":{"line":49,"column":2},"end":{"line":51,"column":3}},"type":"if","locations":[{"start":{"line":49,"column":2},"end":{"line":51,"column":3}},{"start":{},"end":{}}],"line":49},"5":{"loc":{"start":{"line":62,"column":2},"end":{"line":62,"column":30}},"type":"if","locations":[{"start":{"line":62,"column":2},"end":{"line":62,"column":30}},{"start":{},"end":{}}],"line":62},"6":{"loc":{"start":{"line":64,"column":22},"end":{"line":64,"column":77}},"type":"cond-expr","locations":[{"start":{"line":64,"column":49},"end":{"line":64,"column":66}},{"start":{"line":64,"column":69},"end":{"line":64,"column":77}}],"line":64},"7":{"loc":{"start":{"line":66,"column":26},"end":{"line":68,"column":47}},"type":"cond-expr","locations":[{"start":{"line":67,"column":6},"end":{"line":67,"column":13}},{"start":{"line":68,"column":6},"end":{"line":68,"column":47}}],"line":66},"8":{"loc":{"start":{"line":79,"column":6},"end":{"line":79,"column":47}},"type":"if","locations":[{"start":{"line":79,"column":6},"end":{"line":79,"column":47}},{"start":{},"end":{}}],"line":79}},"s":{"0":2,"1":2,"2":6,"3":2,"4":4,"5":4,"6":4,"7":4,"8":4,"9":10,"10":4,"11":4,"12":1,"13":1,"14":1,"15":3,"16":4,"17":3,"18":4,"19":3,"20":1,"21":2,"22":2,"23":2,"24":2,"25":5,"26":5,"27":1,"28":1,"29":2},"f":{"0":6,"1":3},"b":{"0":[2,4],"1":[4,0],"2":[0,4],"3":[4,6],"4":[3,1],"5":[1,2],"6":[2,0],"7":[0,2],"8":[1,4]},"_coverageSchema":"1a1c01bbd47fc00a2c39e90264f33305004495a9","hash":"14aef8cd34da7e2b6c25e2a182b0fbdf2148df9f"}
}
