TN:
SF:src\core\config\database.js
FN:37,(anonymous_0)
FN:57,(anonymous_1)
FN:70,(anonymous_2)
FN:74,(anonymous_3)
FN:87,convertQuestionPlaceholders
FN:89,(anonymous_5)
FN:96,(anonymous_6)
FN:105,(anonymous_7)
FN:108,(anonymous_8)
FN:110,(anonymous_9)
FN:118,(anonymous_10)
FN:119,(anonymous_11)
FN:121,(anonymous_12)
FN:129,(anonymous_13)
FN:132,(anonymous_14)
FN:135,(anonymous_15)
FN:139,(anonymous_16)
FNF:17
FNH:3
FNDA:0,(anonymous_0)
FNDA:0,(anonymous_1)
FNDA:0,(anonymous_2)
FNDA:0,(anonymous_3)
FNDA:1,convertQuestionPlaceholders
FNDA:1,(anonymous_5)
FNDA:0,(anonymous_6)
FNDA:0,(anonymous_7)
FNDA:0,(anonymous_8)
FNDA:1,(anonymous_9)
FNDA:0,(anonymous_10)
FNDA:0,(anonymous_11)
FNDA:0,(anonymous_12)
FNDA:0,(anonymous_13)
FNDA:0,(anonymous_14)
FNDA:0,(anonymous_15)
FNDA:0,(anonymous_16)
DA:11,2
DA:12,0
DA:13,0
DA:16,0
DA:23,0
DA:29,2
DA:30,2
DA:32,2
DA:36,2
DA:37,2
DA:39,2
DA:41,2
DA:43,2
DA:52,2
DA:53,2
DA:54,2
DA:57,2
DA:58,0
DA:66,2
DA:71,0
DA:72,0
DA:75,0
DA:79,0
DA:83,0
DA:88,1
DA:89,1
DA:90,1
DA:91,1
DA:95,2
DA:97,0
DA:98,0
DA:99,0
DA:101,0
DA:102,0
DA:106,0
DA:108,0
DA:111,1
DA:112,0
DA:113,0
DA:115,1
DA:116,1
DA:118,0
DA:119,0
DA:122,0
DA:123,0
DA:124,0
DA:126,0
DA:127,0
DA:130,0
DA:132,0
DA:136,0
DA:137,0
DA:139,0
DA:145,2
DA:147,2
LF:55
LH:24
BRDA:11,0,0,0
BRDA:11,0,1,2
BRDA:41,1,0,2
BRDA:41,1,1,2
BRDA:45,2,0,0
BRDA:45,2,1,2
BRDA:53,3,0,0
BRDA:53,3,1,2
BRDA:54,4,0,2
BRDA:54,4,1,0
BRDA:66,5,0,2
BRDA:66,5,1,0
BRDA:97,6,0,0
BRDA:97,6,1,0
BRDA:106,7,0,0
BRDA:106,7,1,0
BRDA:106,8,0,0
BRDA:106,8,1,0
BRDA:106,9,0,0
BRDA:106,9,1,0
BRDA:108,10,0,0
BRDA:108,10,1,0
BRDA:111,11,0,0
BRDA:111,11,1,1
BRDA:118,12,0,0
BRDA:118,12,1,0
BRDA:119,13,0,0
BRDA:119,13,1,0
BRDA:122,14,0,0
BRDA:122,14,1,0
BRDA:130,15,0,0
BRDA:130,15,1,0
BRDA:132,16,0,0
BRDA:132,16,1,0
BRDA:135,17,0,0
BRF:35
BRH:8
end_of_record
TN:
SF:src\core\config\multer.js
FN:21,(anonymous_0)
FN:24,(anonymous_1)
FN:32,(anonymous_2)
FN:35,(anonymous_3)
FN:45,(anonymous_4)
FNF:5
FNH:0
FNDA:0,(anonymous_0)
FNDA:0,(anonymous_1)
FNDA:0,(anonymous_2)
FNDA:0,(anonymous_3)
FNDA:0,(anonymous_4)
DA:1,2
DA:2,2
DA:3,2
DA:8,2
DA:12,2
DA:15,2
DA:16,0
DA:17,0
DA:20,2
DA:22,0
DA:26,0
DA:27,0
DA:31,2
DA:33,0
DA:37,0
DA:41,0
DA:45,2
DA:46,0
DA:47,0
DA:49,0
DA:53,2
DA:61,2
DA:67,2
DA:72,2
LF:24
LH:13
BRDA:8,0,0,0
BRDA:8,0,1,2
BRDA:15,1,0,0
BRDA:15,1,1,2
BRDA:46,2,0,0
BRDA:46,2,1,0
BRF:6
BRH:2
end_of_record
TN:
SF:src\core\config\passport-oauth.js
FN:28,saveOAuthPhoto
FN:56,findOrCreateOAuthUser
FN:129,configureGoogle
FN:145,(anonymous_3)
FN:162,configureFacebook
FN:178,(anonymous_5)
FN:195,configureApple
FN:219,(anonymous_7)
FN:248,initOAuth
FNF:9
FNH:4
FNDA:0,saveOAuthPhoto
FNDA:0,findOrCreateOAuthUser
FNDA:1,configureGoogle
FNDA:0,(anonymous_3)
FNDA:1,configureFacebook
FNDA:0,(anonymous_5)
FNDA:1,configureApple
FNDA:0,(anonymous_7)
FNDA:1,initOAuth
DA:13,1
DA:14,1
DA:15,1
DA:16,1
DA:17,1
DA:19,1
DA:29,0
DA:30,0
DA:32,0
DA:37,0
DA:38,0
DA:42,0
DA:48,0
DA:57,0
DA:58,0
DA:61,0
DA:62,0
DA:64,0
DA:67,0
DA:72,0
DA:74,0
DA:75,0
DA:79,0
DA:80,0
DA:85,0
DA:87,0
DA:92,0
DA:93,0
DA:98,0
DA:99,0
DA:120,0
DA:122,0
DA:124,0
DA:130,1
DA:131,0
DA:134,0
DA:137,1
DA:146,0
DA:147,0
DA:148,0
DA:150,0
DA:151,0
DA:157,1
DA:163,1
DA:164,1
DA:167,1
DA:170,0
DA:179,0
DA:180,0
DA:181,0
DA:183,0
DA:184,0
DA:190,0
DA:196,1
DA:202,1
DA:205,1
DA:208,0
DA:220,0
DA:222,0
DA:235,0
DA:236,0
DA:238,0
DA:239,0
DA:245,0
DA:249,1
DA:250,1
DA:251,1
DA:254,1
LF:68
LH:19
BRDA:20,0,0,1
BRDA:20,0,1,0
BRDA:29,1,0,0
BRDA:29,1,1,0
BRDA:59,2,0,0
BRDA:59,2,1,0
BRDA:59,3,0,0
BRDA:59,3,1,0
BRDA:61,4,0,0
BRDA:61,4,1,0
BRDA:61,4,2,0
BRDA:62,5,0,0
BRDA:62,5,1,0
BRDA:64,6,0,0
BRDA:64,6,1,0
BRDA:64,7,0,0
BRDA:64,7,1,0
BRDA:72,8,0,0
BRDA:72,8,1,0
BRDA:79,9,0,0
BRDA:79,9,1,0
BRDA:85,10,0,0
BRDA:85,10,1,0
BRDA:130,11,0,0
BRDA:130,11,1,1
BRDA:130,12,0,1
BRDA:130,12,1,1
BRDA:163,13,0,1
BRDA:163,13,1,0
BRDA:163,14,0,1
BRDA:163,14,1,0
BRDA:196,15,0,1
BRDA:196,15,1,0
BRDA:197,16,0,1
BRDA:197,16,1,0
BRDA:197,16,2,0
BRDA:197,16,3,0
BRDA:224,17,0,0
BRDA:224,17,1,0
BRDA:226,18,0,0
BRDA:226,18,1,0
BRDA:226,19,0,0
BRDA:226,19,1,0
BRDA:227,20,0,0
BRDA:227,20,1,0
BRDA:227,21,0,0
BRDA:227,21,1,0
BRDA:230,22,0,0
BRDA:230,22,1,0
BRDA:230,23,0,0
BRDA:230,23,1,0
BRDA:231,24,0,0
BRDA:231,24,1,0
BRDA:231,25,0,0
BRDA:231,25,1,0
BRF:55
BRH:8
end_of_record
TN:
SF:src\core\config\redis.js
FN:41,(anonymous_0)
FN:49,(anonymous_1)
FN:55,(anonymous_2)
FN:59,(anonymous_3)
FN:67,(anonymous_4)
FN:80,(anonymous_5)
FN:104,(anonymous_6)
FN:108,(anonymous_7)
FN:118,initRedis
FN:157,closeRedis
FN:176,publishNotification
FN:196,subscribeNotification
FN:200,(anonymous_12)
FN:224,pushNotificationToQueue
FN:240,popNotificationFromQueue
FN:256,getQueueLength
FN:272,set
FN:292,get
FN:313,del
FN:327,exists
FNF:20
FNH:0
FNDA:0,(anonymous_0)
FNDA:0,(anonymous_1)
FNDA:0,(anonymous_2)
FNDA:0,(anonymous_3)
FNDA:0,(anonymous_4)
FNDA:0,(anonymous_5)
FNDA:0,(anonymous_6)
FNDA:0,(anonymous_7)
FNDA:0,initRedis
FNDA:0,closeRedis
FNDA:0,publishNotification
FNDA:0,subscribeNotification
FNDA:0,(anonymous_12)
FNDA:0,pushNotificationToQueue
FNDA:0,popNotificationFromQueue
FNDA:0,getQueueLength
FNDA:0,set
FNDA:0,get
FNDA:0,del
FNDA:0,exists
DA:12,0
DA:13,0
DA:17,0
DA:18,0
DA:19,0
DA:21,0
DA:26,0
DA:32,0
DA:38,0
DA:42,0
DA:43,0
DA:49,0
DA:50,0
DA:55,0
DA:56,0
DA:59,0
DA:60,0
DA:65,0
DA:68,0
DA:69,0
DA:81,0
DA:82,0
DA:93,0
DA:100,0
DA:104,0
DA:105,0
DA:108,0
DA:109,0
DA:119,0
DA:121,0
DA:122,0
DA:126,0
DA:130,0
DA:132,0
DA:136,0
DA:140,0
DA:141,0
DA:142,0
DA:145,0
DA:146,0
DA:148,0
DA:149,0
DA:158,0
DA:159,0
DA:164,0
DA:166,0
DA:177,0
DA:178,0
DA:179,0
DA:180,0
DA:183,0
DA:185,0
DA:186,0
DA:197,0
DA:198,0
DA:200,0
DA:201,0
DA:202,0
DA:203,0
DA:204,0
DA:206,0
DA:211,0
DA:213,0
DA:214,0
DA:225,0
DA:226,0
DA:227,0
DA:228,0
DA:230,0
DA:231,0
DA:241,0
DA:242,0
DA:243,0
DA:244,0
DA:246,0
DA:247,0
DA:257,0
DA:258,0
DA:260,0
DA:261,0
DA:273,0
DA:275,0
DA:277,0
DA:278,0
DA:280,0
DA:282,0
DA:283,0
DA:293,0
DA:294,0
DA:295,0
DA:297,0
DA:298,0
DA:300,0
DA:303,0
DA:304,0
DA:314,0
DA:315,0
DA:317,0
DA:318,0
DA:328,0
DA:329,0
DA:331,0
DA:332,0
DA:336,0
LF:104
LH:0
BRDA:17,0,0,0
BRDA:17,0,1,0
BRDA:18,1,0,0
BRDA:18,1,1,0
BRDA:19,2,0,0
BRDA:19,2,1,0
BRDA:21,3,0,0
BRDA:21,3,1,0
BRDA:21,4,0,0
BRDA:21,4,1,0
BRDA:26,5,0,0
BRDA:26,5,1,0
BRDA:28,6,0,0
BRDA:28,6,1,0
BRDA:32,7,0,0
BRDA:32,7,1,0
BRDA:65,8,0,0
BRDA:65,8,1,0
BRDA:93,9,0,0
BRDA:93,9,1,0
BRDA:100,10,0,0
BRDA:100,10,1,0
BRDA:121,11,0,0
BRDA:121,11,1,0
BRDA:126,12,0,0
BRDA:126,12,1,0
BRDA:127,13,0,0
BRDA:127,13,1,0
BRDA:132,14,0,0
BRDA:132,14,1,0
BRDA:133,15,0,0
BRDA:133,15,1,0
BRDA:141,16,0,0
BRDA:141,16,1,0
BRDA:201,17,0,0
BRDA:201,17,1,0
BRDA:243,18,0,0
BRDA:243,18,1,0
BRDA:272,19,0,0
BRDA:275,20,0,0
BRDA:275,20,1,0
BRDA:277,21,0,0
BRDA:277,21,1,0
BRDA:295,22,0,0
BRDA:295,22,1,0
BRF:45
BRH:0
end_of_record
TN:
SF:src\core\middlewares\auth.js
FN:26,(anonymous_0)
FN:47,(anonymous_1)
FN:80,(anonymous_2)
FN:87,(anonymous_3)
FN:146,(anonymous_4)
FN:177,(anonymous_5)
FN:208,(anonymous_6)
FN:228,(anonymous_7)
FN:273,(anonymous_8)
FN:304,(anonymous_9)
FN:371,(anonymous_10)
FN:401,(anonymous_11)
FN:435,(anonymous_12)
FNF:13
FNH:0
FNDA:0,(anonymous_0)
FNDA:0,(anonymous_1)
FNDA:0,(anonymous_2)
FNDA:0,(anonymous_3)
FNDA:0,(anonymous_4)
FNDA:0,(anonymous_5)
FNDA:0,(anonymous_6)
FNDA:0,(anonymous_7)
FNDA:0,(anonymous_8)
FNDA:0,(anonymous_9)
FNDA:0,(anonymous_10)
FNDA:0,(anonymous_11)
FNDA:0,(anonymous_12)
DA:8,1
DA:9,1
DA:26,1
DA:27,0
DA:30,0
DA:31,0
DA:32,0
DA:36,0
DA:38,0
DA:46,0
DA:47,0
DA:48,0
DA:49,0
DA:52,0
DA:56,0
DA:62,0
DA:70,0
DA:72,0
DA:73,0
DA:74,0
DA:75,0
DA:78,0
DA:80,0
DA:81,0
DA:84,0
DA:87,0
DA:88,0
DA:89,0
DA:93,0
DA:96,0
DA:98,0
DA:102,0
DA:107,0
DA:113,0
DA:115,0
DA:122,0
DA:124,0
DA:125,0
DA:127,0
DA:146,1
DA:147,0
DA:152,0
DA:155,0
DA:156,0
DA:158,0
DA:177,1
DA:178,0
DA:183,0
DA:186,0
DA:187,0
DA:189,0
DA:208,1
DA:209,0
DA:214,0
DA:216,0
DA:217,0
DA:219,0
DA:228,1
DA:229,0
DA:230,0
DA:231,0
DA:233,0
DA:240,0
DA:244,0
DA:250,0
DA:254,0
DA:255,0
DA:256,0
DA:258,0
DA:265,0
DA:268,0
DA:269,0
DA:270,0
DA:273,0
DA:275,0
DA:276,0
DA:278,0
DA:282,0
DA:284,0
DA:293,0
DA:294,0
DA:295,0
DA:297,0
DA:304,1
DA:305,0
DA:306,0
DA:307,0
DA:309,0
DA:318,0
DA:320,0
DA:326,0
DA:330,0
DA:331,0
DA:332,0
DA:333,0
DA:334,0
DA:336,0
DA:337,0
DA:338,0
DA:340,0
DA:343,0
DA:348,0
DA:349,0
DA:351,0
DA:371,1
DA:372,0
DA:377,0
DA:379,0
DA:380,0
DA:382,0
DA:401,1
DA:403,0
DA:411,0
DA:413,0
DA:414,0
DA:416,0
DA:435,1
DA:436,0
DA:445,0
DA:447,0
DA:448,0
DA:450,0
DA:459,1
LF:123
LH:12
BRDA:27,0,0,0
BRDA:27,0,1,0
BRDA:27,1,0,0
BRDA:27,1,1,0
BRDA:30,2,0,0
BRDA:30,2,1,0
BRDA:32,3,0,0
BRDA:32,3,1,0
BRDA:33,4,0,0
BRDA:33,4,1,0
BRDA:46,5,0,0
BRDA:46,5,1,0
BRDA:46,6,0,0
BRDA:46,6,1,0
BRDA:48,7,0,0
BRDA:48,7,1,0
BRDA:52,8,0,0
BRDA:52,8,1,0
BRDA:53,9,0,0
BRDA:53,9,1,0
BRDA:70,10,0,0
BRDA:70,10,1,0
BRDA:70,11,0,0
BRDA:70,11,1,0
BRDA:75,12,0,0
BRDA:75,12,1,0
BRDA:78,13,0,0
BRDA:78,13,1,0
BRDA:78,14,0,0
BRDA:78,14,1,0
BRDA:88,15,0,0
BRDA:88,15,1,0
BRDA:93,16,0,0
BRDA:93,16,1,0
BRDA:96,17,0,0
BRDA:96,17,1,0
BRDA:96,17,2,0
BRDA:98,18,0,0
BRDA:98,18,1,0
BRDA:99,19,0,0
BRDA:99,19,1,0
BRDA:124,20,0,0
BRDA:124,20,1,0
BRDA:124,21,0,0
BRDA:124,21,1,0
BRDA:147,22,0,0
BRDA:147,22,1,0
BRDA:148,23,0,0
BRDA:148,23,1,0
BRDA:148,23,2,0
BRDA:155,24,0,0
BRDA:155,24,1,0
BRDA:155,25,0,0
BRDA:155,25,1,0
BRDA:178,26,0,0
BRDA:178,26,1,0
BRDA:179,27,0,0
BRDA:179,27,1,0
BRDA:179,27,2,0
BRDA:186,28,0,0
BRDA:186,28,1,0
BRDA:186,29,0,0
BRDA:186,29,1,0
BRDA:209,30,0,0
BRDA:209,30,1,0
BRDA:210,31,0,0
BRDA:210,31,1,0
BRDA:210,31,2,0
BRDA:210,31,3,0
BRDA:216,32,0,0
BRDA:216,32,1,0
BRDA:216,33,0,0
BRDA:216,33,1,0
BRDA:229,34,0,0
BRDA:229,34,1,0
BRDA:229,35,0,0
BRDA:229,35,1,0
BRDA:230,36,0,0
BRDA:230,36,1,0
BRDA:230,37,0,0
BRDA:230,37,1,0
BRDA:244,38,0,0
BRDA:244,38,1,0
BRDA:245,39,0,0
BRDA:245,39,1,0
BRDA:245,39,2,0
BRDA:245,39,3,0
BRDA:254,40,0,0
BRDA:254,40,1,0
BRDA:255,41,0,0
BRDA:255,41,1,0
BRDA:255,42,0,0
BRDA:255,42,1,0
BRDA:273,43,0,0
BRDA:273,43,1,0
BRDA:275,44,0,0
BRDA:275,44,1,0
BRDA:278,45,0,0
BRDA:278,45,1,0
BRDA:279,46,0,0
BRDA:279,46,1,0
BRDA:294,47,0,0
BRDA:294,47,1,0
BRDA:294,48,0,0
BRDA:294,48,1,0
BRDA:305,49,0,0
BRDA:305,49,1,0
BRDA:305,50,0,0
BRDA:305,50,1,0
BRDA:306,51,0,0
BRDA:306,51,1,0
BRDA:306,52,0,0
BRDA:306,52,1,0
BRDA:320,53,0,0
BRDA:320,53,1,0
BRDA:321,54,0,0
BRDA:321,54,1,0
BRDA:321,54,2,0
BRDA:321,54,3,0
BRDA:330,55,0,0
BRDA:330,55,1,0
BRDA:333,56,0,0
BRDA:333,56,1,0
BRDA:337,57,0,0
BRDA:337,57,1,0
BRDA:337,58,0,0
BRDA:337,58,1,0
BRDA:348,59,0,0
BRDA:348,59,1,0
BRDA:348,60,0,0
BRDA:348,60,1,0
BRDA:372,61,0,0
BRDA:372,61,1,0
BRDA:373,62,0,0
BRDA:373,62,1,0
BRDA:373,62,2,0
BRDA:379,63,0,0
BRDA:379,63,1,0
BRDA:379,64,0,0
BRDA:379,64,1,0
BRDA:403,65,0,0
BRDA:403,65,1,0
BRDA:404,66,0,0
BRDA:404,66,1,0
BRDA:404,66,2,0
BRDA:404,66,3,0
BRDA:404,66,4,0
BRDA:404,66,5,0
BRDA:413,67,0,0
BRDA:413,67,1,0
BRDA:413,68,0,0
BRDA:413,68,1,0
BRDA:436,69,0,0
BRDA:436,69,1,0
BRDA:437,70,0,0
BRDA:437,70,1,0
BRDA:437,70,2,0
BRDA:437,70,3,0
BRDA:437,70,4,0
BRDA:437,70,5,0
BRDA:437,70,6,0
BRDA:447,71,0,0
BRDA:447,71,1,0
BRDA:447,72,0,0
BRDA:447,72,1,0
BRF:165
BRH:0
end_of_record
TN:
SF:src\core\middlewares\getUser.js
FN:23,getLoggedUser
FNF:1
FNH:0
FNDA:0,getLoggedUser
DA:23,1
DA:25,0
DA:27,0
DA:30,0
LF:4
LH:1
BRDA:25,0,0,0
BRDA:25,0,1,0
BRDA:25,1,0,0
BRDA:25,1,1,0
BRDA:25,1,2,0
BRF:5
BRH:0
end_of_record
TN:
SF:src\core\middlewares\jwt.js
FN:36,generateToken
FN:55,verifyToken
FN:74,jwtAuth
FN:111,(anonymous_3)
FNF:4
FNH:4
FNDA:4,generateToken
FNDA:6,verifyToken
FNDA:8,jwtAuth
FNDA:2,(anonymous_3)
DA:8,2
DA:9,2
DA:17,2
DA:23,2
DA:37,4
DA:56,6
DA:57,6
DA:59,2
DA:76,8
DA:77,1
DA:81,7
DA:82,1
DA:86,6
DA:88,6
DA:89,2
DA:93,4
DA:95,4
DA:97,1
DA:98,1
DA:101,3
DA:103,3
DA:105,3
DA:106,1
DA:107,1
DA:111,2
DA:112,2
DA:113,1
DA:114,1
DA:115,1
DA:117,1
DA:120,0
DA:121,0
DA:122,0
DA:126,2
LF:34
LH:31
BRDA:17,0,0,2
BRDA:17,0,1,1
BRDA:76,1,0,1
BRDA:76,1,1,7
BRDA:81,2,0,1
BRDA:81,2,1,6
BRDA:81,3,0,7
BRDA:81,3,1,7
BRDA:88,4,0,2
BRDA:88,4,1,4
BRDA:95,5,0,1
BRDA:95,5,1,3
BRDA:105,6,0,1
BRDA:105,6,1,2
BRDA:112,7,0,1
BRDA:112,7,1,1
BRF:16
BRH:16
end_of_record
TN:
SF:src\core\middlewares\normalizeUser.js
FN:9,normalizeUser
FNF:1
FNH:1
FNDA:11,normalizeUser
DA:9,2
DA:10,11
DA:11,11
DA:14,9
DA:15,6
DA:16,6
DA:17,1
DA:18,5
DA:19,1
DA:20,4
DA:21,1
DA:22,3
DA:23,1
DA:28,8
DA:29,3
DA:30,3
DA:34,8
DA:35,7
DA:44,8
DA:45,8
DA:54,1
DA:56,9
LF:22
LH:22
BRDA:11,0,0,2
BRDA:11,0,1,9
BRDA:14,1,0,6
BRDA:14,1,1,2
BRDA:15,2,0,6
BRDA:15,2,1,3
BRDA:16,3,0,1
BRDA:16,3,1,5
BRDA:16,4,0,6
BRDA:16,4,1,5
BRDA:18,5,0,1
BRDA:18,5,1,4
BRDA:20,6,0,1
BRDA:20,6,1,3
BRDA:22,7,0,1
BRDA:22,7,1,2
BRDA:28,8,0,3
BRDA:28,8,1,5
BRDA:30,9,0,2
BRDA:30,9,1,1
BRDA:34,10,0,7
BRDA:34,10,1,1
BRDA:36,11,0,7
BRDA:36,11,1,7
BRDA:36,11,2,4
BRDA:36,11,3,2
BRDA:36,11,4,4
BRF:27
BRH:27
end_of_record
TN:
SF:src\core\middlewares\validators.js
FN:19,(anonymous_0)
FN:22,(anonymous_1)
FN:37,(anonymous_2)
FN:38,(anonymous_3)
FN:41,(anonymous_4)
FN:233,(anonymous_5)
FN:252,(anonymous_6)
FN:267,(anonymous_7)
FN:377,(anonymous_8)
FN:386,(anonymous_9)
FN:501,(anonymous_10)
FNF:11
FNH:6
FNDA:2,(anonymous_0)
FNDA:2,(anonymous_1)
FNDA:5,(anonymous_2)
FNDA:3,(anonymous_3)
FNDA:2,(anonymous_4)
FNDA:0,(anonymous_5)
FNDA:0,(anonymous_6)
FNDA:0,(anonymous_7)
FNDA:2,(anonymous_8)
FNDA:0,(anonymous_9)
FNDA:0,(anonymous_10)
DA:7,2
DA:19,2
DA:20,2
DA:21,2
DA:22,2
DA:26,1
DA:28,1
DA:37,2
DA:38,5
DA:39,3
DA:40,3
DA:41,2
DA:45,2
DA:46,2
DA:52,1
DA:61,2
DA:89,2
DA:130,2
DA:143,2
DA:154,2
DA:171,2
DA:210,2
DA:211,2
DA:214,2
DA:234,0
DA:235,0
DA:239,0
DA:245,2
DA:253,0
DA:254,0
DA:255,0
DA:259,0
DA:260,0
DA:265,0
DA:268,0
DA:269,0
DA:270,0
DA:275,0
DA:280,2
DA:306,2
DA:338,2
DA:351,2
DA:362,2
DA:377,2
DA:378,2
DA:387,0
DA:388,0
DA:392,0
DA:393,0
DA:394,0
DA:398,0
DA:401,2
DA:409,2
DA:434,2
DA:459,2
DA:473,2
DA:487,2
DA:503,0
DA:504,0
DA:505,0
DA:507,0
DA:508,0
DA:509,0
DA:511,0
DA:517,2
DA:529,2
DA:550,2
DA:576,2
DA:608,2
DA:632,2
DA:649,2
DA:661,2
DA:683,2
DA:699,2
DA:718,2
DA:744,2
LF:76
LH:50
BRDA:21,0,0,1
BRDA:21,0,1,1
BRDA:23,1,0,2
BRDA:23,1,1,1
BRDA:40,2,0,2
BRDA:40,2,1,1
BRDA:42,3,0,2
BRDA:42,3,1,0
BRDA:45,4,0,1
BRDA:45,4,1,1
BRDA:234,5,0,0
BRDA:234,5,1,0
BRDA:234,6,0,0
BRDA:234,6,1,0
BRDA:234,6,2,0
BRDA:253,7,0,0
BRDA:253,7,1,0
BRDA:254,8,0,0
BRDA:254,8,1,0
BRDA:254,9,0,0
BRDA:254,9,1,0
BRDA:259,10,0,0
BRDA:259,10,1,0
BRDA:268,11,0,0
BRDA:268,11,1,0
BRDA:269,12,0,0
BRDA:269,12,1,0
BRDA:269,13,0,0
BRDA:269,13,1,0
BRDA:377,14,0,1
BRDA:387,15,0,0
BRDA:387,15,1,0
BRDA:387,16,0,0
BRDA:387,16,1,0
BRDA:393,17,0,0
BRDA:393,17,1,0
BRDA:503,18,0,0
BRDA:503,18,1,0
BRDA:503,18,2,0
BRDA:504,19,0,0
BRDA:504,19,1,0
BRDA:508,20,0,0
BRDA:508,20,1,0
BRF:43
BRH:10
end_of_record
TN:
SF:src\core\models\campionato.js
FN:38,(anonymous_0)
FN:90,(anonymous_1)
FN:115,(anonymous_2)
FNF:3
FNH:0
FNDA:0,(anonymous_0)
FNDA:0,(anonymous_1)
FNDA:0,(anonymous_2)
DA:9,2
DA:55,0
DA:56,0
DA:57,0
DA:58,0
DA:59,0
DA:60,0
DA:61,0
DA:63,0
DA:66,0
DA:70,0
DA:71,0
DA:72,0
DA:73,0
DA:74,0
DA:75,0
DA:91,0
DA:92,0
DA:94,0
DA:96,0
DA:99,0
DA:102,0
DA:116,0
DA:117,0
DA:119,0
DA:121,0
DA:124,0
DA:127,0
DA:133,2
LF:29
LH:2
BRDA:63,0,0,0
BRDA:63,0,1,0
BRDA:66,1,0,0
BRDA:66,1,1,0
BRDA:70,2,0,0
BRDA:70,2,1,0
BRDA:71,3,0,0
BRDA:71,3,1,0
BRDA:72,4,0,0
BRDA:72,4,1,0
BRDA:73,5,0,0
BRDA:73,5,1,0
BRDA:74,6,0,0
BRDA:74,6,1,0
BRDA:75,7,0,0
BRDA:75,7,1,0
BRDA:91,8,0,0
BRDA:91,8,1,0
BRDA:96,9,0,0
BRDA:96,9,1,0
BRDA:99,10,0,0
BRDA:99,10,1,0
BRDA:116,11,0,0
BRDA:116,11,1,0
BRDA:121,12,0,0
BRDA:121,12,1,0
BRDA:124,13,0,0
BRDA:124,13,1,0
BRF:28
BRH:0
end_of_record
TN:
SF:src\core\models\campo.js
FN:38,(anonymous_0)
FN:89,(anonymous_1)
FN:108,(anonymous_2)
FNF:3
FNH:1
FNDA:1,(anonymous_0)
FNDA:0,(anonymous_1)
FNDA:0,(anonymous_2)
DA:9,4
DA:55,1
DA:56,1
DA:57,1
DA:58,1
DA:59,1
DA:60,1
DA:61,1
DA:62,1
DA:63,1
DA:64,1
DA:66,1
DA:69,1
DA:72,1
DA:73,1
DA:74,1
DA:90,0
DA:91,0
DA:94,0
DA:95,0
DA:109,0
DA:110,0
DA:113,0
DA:114,0
DA:120,4
LF:25
LH:17
BRDA:66,0,0,0
BRDA:66,0,1,1
BRDA:69,1,0,0
BRDA:69,1,1,1
BRDA:90,2,0,0
BRDA:90,2,1,0
BRDA:109,3,0,0
BRDA:109,3,1,0
BRF:8
BRH:2
end_of_record
TN:
SF:src\core\models\dirigenteSquadra.js
FN:33,(anonymous_0)
FN:83,(anonymous_1)
FN:100,(anonymous_2)
FNF:3
FNH:0
FNDA:0,(anonymous_0)
FNDA:0,(anonymous_1)
FNDA:0,(anonymous_2)
DA:47,0
DA:48,0
DA:49,0
DA:50,0
DA:51,0
DA:52,0
DA:53,0
DA:54,0
DA:55,0
DA:56,0
DA:57,0
DA:58,0
DA:60,0
DA:61,0
DA:62,0
DA:65,0
DA:68,0
DA:84,0
DA:85,0
DA:87,0
DA:88,0
DA:101,0
DA:102,0
DA:104,0
DA:105,0
DA:111,4
LF:26
LH:1
BRDA:60,0,0,0
BRDA:60,0,1,0
BRDA:61,1,0,0
BRDA:61,1,1,0
BRDA:61,2,0,0
BRDA:61,2,1,0
BRDA:84,3,0,0
BRDA:84,3,1,0
BRDA:101,4,0,0
BRDA:101,4,1,0
BRF:10
BRH:0
end_of_record
TN:
SF:src\core\models\evento.js
FN:38,(anonymous_0)
FN:113,(anonymous_1)
FN:166,(anonymous_2)
FN:184,(anonymous_3)
FNF:4
FNH:1
FNDA:3,(anonymous_0)
FNDA:0,(anonymous_1)
FNDA:0,(anonymous_2)
FNDA:0,(anonymous_3)
DA:9,4
DA:55,3
DA:56,3
DA:57,3
DA:60,3
DA:61,3
DA:63,0
DA:64,0
DA:66,3
DA:67,3
DA:69,0
DA:70,0
DA:73,3
DA:74,3
DA:75,3
DA:76,3
DA:77,3
DA:78,3
DA:79,3
DA:82,3
DA:83,3
DA:85,0
DA:86,0
DA:88,3
DA:89,3
DA:91,0
DA:92,0
DA:95,3
DA:97,3
DA:115,0
DA:116,0
DA:119,0
DA:120,0
DA:121,0
DA:124,0
DA:129,0
DA:130,0
DA:134,0
DA:137,0
DA:138,0
DA:139,0
DA:145,0
DA:146,0
DA:147,0
DA:153,0
DA:167,0
DA:168,0
DA:171,0
DA:172,0
DA:185,0
DA:186,0
DA:188,0
DA:189,0
DA:195,4
LF:54
LH:22
BRDA:61,0,0,0
BRDA:61,0,1,3
BRDA:67,1,0,0
BRDA:67,1,1,3
BRDA:83,2,0,0
BRDA:83,2,1,3
BRDA:89,3,0,0
BRDA:89,3,1,3
BRDA:115,4,0,0
BRDA:115,4,1,0
BRDA:119,5,0,0
BRDA:119,5,1,0
BRDA:129,6,0,0
BRDA:129,6,1,0
BRDA:137,7,0,0
BRDA:137,7,1,0
BRDA:145,8,0,0
BRDA:145,8,1,0
BRDA:167,9,0,0
BRDA:167,9,1,0
BRDA:185,10,0,0
BRDA:185,10,1,0
BRF:22
BRH:4
end_of_record
TN:
SF:src\core\models\giocatore.js
FN:40,(anonymous_0)
FN:98,(anonymous_1)
FN:122,(anonymous_2)
FNF:3
FNH:1
FNDA:1,(anonymous_0)
FNDA:0,(anonymous_1)
FNDA:0,(anonymous_2)
DA:9,3
DA:57,1
DA:58,1
DA:59,1
DA:60,1
DA:61,1
DA:62,1
DA:63,1
DA:66,1
DA:69,1
DA:73,1
DA:75,1
DA:78,1
DA:81,1
DA:82,1
DA:83,1
DA:99,0
DA:100,0
DA:102,0
DA:104,0
DA:105,0
DA:108,0
DA:109,0
DA:123,0
DA:124,0
DA:126,0
DA:128,0
DA:129,0
DA:132,0
DA:135,0
DA:141,3
LF:31
LH:17
BRDA:66,0,0,0
BRDA:66,0,1,1
BRDA:69,1,0,0
BRDA:69,1,1,1
BRDA:75,2,0,0
BRDA:75,2,1,1
BRDA:78,3,0,0
BRDA:78,3,1,1
BRDA:99,4,0,0
BRDA:99,4,1,0
BRDA:123,5,0,0
BRDA:123,5,1,0
BRF:12
BRH:4
end_of_record
TN:
SF:src\core\models\immagine.js
FN:32,(anonymous_0)
FN:66,(anonymous_1)
FN:85,(anonymous_2)
FNF:3
FNH:1
FNDA:3,(anonymous_0)
FNDA:0,(anonymous_1)
FNDA:0,(anonymous_2)
DA:43,3
DA:44,3
DA:45,3
DA:46,3
DA:47,3
DA:48,3
DA:49,3
DA:50,3
DA:51,3
DA:67,0
DA:68,0
DA:71,0
DA:72,0
DA:86,0
DA:87,0
DA:90,0
DA:91,0
DA:97,4
LF:18
LH:10
BRDA:67,0,0,0
BRDA:67,0,1,0
BRDA:86,1,0,0
BRDA:86,1,1,0
BRF:4
BRH:0
end_of_record
TN:
SF:src\core\models\notizia.js
FN:35,(anonymous_0)
FN:91,(anonymous_1)
FN:155,(anonymous_2)
FN:175,(anonymous_3)
FNF:4
FNH:1
FNDA:4,(anonymous_0)
FNDA:0,(anonymous_1)
FNDA:0,(anonymous_2)
FNDA:0,(anonymous_3)
DA:9,4
DA:49,4
DA:50,4
DA:51,4
DA:54,4
DA:55,4
DA:56,4
DA:57,0
DA:58,0
DA:59,0
DA:61,0
DA:62,0
DA:65,4
DA:66,4
DA:67,4
DA:68,4
DA:70,4
DA:73,4
DA:74,4
DA:75,4
DA:92,0
DA:94,0
DA:95,0
DA:96,0
DA:98,0
DA:101,0
DA:103,0
DA:105,0
DA:116,0
DA:117,0
DA:121,0
DA:124,0
DA:125,0
DA:126,0
DA:127,0
DA:128,0
DA:130,0
DA:131,0
DA:132,0
DA:137,0
DA:138,0
DA:140,0
DA:141,0
DA:156,0
DA:157,0
DA:159,0
DA:161,0
DA:162,0
DA:176,0
DA:177,0
DA:179,0
DA:180,0
DA:181,0
DA:187,4
LF:54
LH:16
BRDA:54,0,0,4
BRDA:54,0,1,0
BRDA:54,1,0,4
BRDA:54,1,1,4
BRDA:56,2,0,4
BRDA:56,2,1,0
BRDA:57,3,0,0
BRDA:57,3,1,0
BRDA:70,4,0,0
BRDA:70,4,1,4
BRDA:74,5,0,0
BRDA:74,5,1,4
BRDA:75,6,0,0
BRDA:75,6,1,4
BRDA:92,7,0,0
BRDA:92,7,1,0
BRDA:94,8,0,0
BRDA:94,8,1,0
BRDA:101,9,0,0
BRDA:101,9,1,0
BRDA:116,10,0,0
BRDA:116,10,1,0
BRDA:124,11,0,0
BRDA:124,11,1,0
BRDA:131,12,0,0
BRDA:131,12,1,0
BRDA:156,13,0,0
BRDA:156,13,1,0
BRDA:161,14,0,0
BRDA:161,14,1,0
BRDA:176,15,0,0
BRDA:176,15,1,0
BRF:32
BRH:7
end_of_record
TN:
SF:src\core\models\prenotazione.js
FN:36,(anonymous_0)
FN:82,(anonymous_1)
FN:107,(anonymous_2)
FNF:3
FNH:1
FNDA:1,(anonymous_0)
FNDA:0,(anonymous_1)
FNDA:0,(anonymous_2)
DA:9,2
DA:51,1
DA:52,1
DA:53,1
DA:54,1
DA:55,1
DA:56,1
DA:57,1
DA:58,1
DA:59,1
DA:60,1
DA:62,1
DA:65,1
DA:83,0
DA:84,0
DA:86,0
DA:88,0
DA:91,0
DA:94,0
DA:108,0
DA:109,0
DA:111,0
DA:113,0
DA:116,0
DA:119,0
DA:125,2
LF:26
LH:14
BRDA:62,0,0,0
BRDA:62,0,1,1
BRDA:65,1,0,0
BRDA:65,1,1,1
BRDA:83,2,0,0
BRDA:83,2,1,0
BRDA:108,3,0,0
BRDA:108,3,1,0
BRF:8
BRH:2
end_of_record
TN:
SF:src\core\models\recensione.js
FN:34,(anonymous_0)
FN:80,(anonymous_1)
FN:109,(anonymous_2)
FNF:3
FNH:0
FNDA:0,(anonymous_0)
FNDA:0,(anonymous_1)
FNDA:0,(anonymous_2)
DA:9,0
DA:47,0
DA:48,0
DA:49,0
DA:50,0
DA:51,0
DA:52,0
DA:53,0
DA:55,0
DA:58,0
DA:60,0
DA:63,0
DA:81,0
DA:82,0
DA:84,0
DA:110,0
DA:111,0
DA:113,0
DA:131,0
LF:19
LH:0
BRDA:55,0,0,0
BRDA:55,0,1,0
BRDA:60,1,0,0
BRDA:60,1,1,0
BRDA:63,2,0,0
BRDA:63,2,1,0
BRDA:81,3,0,0
BRDA:81,3,1,0
BRDA:110,4,0,0
BRDA:110,4,1,0
BRF:10
BRH:0
end_of_record
TN:
SF:src\core\models\squadra.js
FN:28,(anonymous_0)
FN:57,(anonymous_1)
FN:74,(anonymous_2)
FNF:3
FNH:0
FNDA:0,(anonymous_0)
FNDA:0,(anonymous_1)
FNDA:0,(anonymous_2)
DA:37,0
DA:38,0
DA:39,0
DA:40,0
DA:41,0
DA:42,0
DA:43,0
DA:58,0
DA:59,0
DA:61,0
DA:62,0
DA:75,0
DA:76,0
DA:78,0
DA:79,0
DA:85,3
LF:16
LH:1
BRDA:41,0,0,0
BRDA:41,0,1,0
BRDA:42,1,0,0
BRDA:42,1,1,0
BRDA:43,2,0,0
BRDA:43,2,1,0
BRDA:58,3,0,0
BRDA:58,3,1,0
BRDA:75,4,0,0
BRDA:75,4,1,0
BRF:10
BRH:0
end_of_record
TN:
SF:src\core\models\user.js
FN:32,(anonymous_0)
FN:61,(anonymous_1)
FN:78,(anonymous_2)
FN:95,(anonymous_3)
FN:104,(anonymous_4)
FN:113,(anonymous_5)
FN:122,(anonymous_6)
FN:135,(anonymous_7)
FNF:8
FNH:2
FNDA:4,(anonymous_0)
FNDA:4,(anonymous_1)
FNDA:0,(anonymous_2)
FNDA:0,(anonymous_3)
FNDA:0,(anonymous_4)
FNDA:0,(anonymous_5)
FNDA:0,(anonymous_6)
FNDA:0,(anonymous_7)
DA:41,4
DA:42,4
DA:43,4
DA:44,4
DA:45,4
DA:46,4
DA:47,4
DA:62,4
DA:63,0
DA:65,4
DA:66,4
DA:79,0
DA:80,0
DA:82,0
DA:83,0
DA:96,0
DA:105,0
DA:114,0
DA:123,0
DA:136,0
DA:137,0
DA:138,0
DA:139,0
DA:145,3
LF:24
LH:11
BRDA:47,0,0,4
BRDA:47,0,1,4
BRDA:62,1,0,0
BRDA:62,1,1,4
BRDA:79,2,0,0
BRDA:79,2,1,0
BRDA:136,3,0,0
BRDA:136,3,1,0
BRDA:137,4,0,0
BRDA:137,4,1,0
BRDA:138,5,0,0
BRDA:138,5,1,0
BRF:12
BRH:3
end_of_record
TN:
SF:src\features\admin\controllers\ExportStatisticheController.js
FN:10,(anonymous_0)
FN:100,(anonymous_1)
FN:186,(anonymous_2)
FN:206,(anonymous_3)
FN:223,(anonymous_4)
FN:238,(anonymous_5)
FN:286,(anonymous_6)
FN:300,(anonymous_7)
FN:336,(anonymous_8)
FN:443,(anonymous_9)
FN:460,(anonymous_10)
FN:480,(anonymous_11)
FN:491,(anonymous_12)
FN:492,(anonymous_13)
FN:507,(anonymous_14)
FN:532,(anonymous_15)
FN:595,(anonymous_16)
FN:617,(anonymous_17)
FN:658,(anonymous_18)
FN:669,(anonymous_19)
FN:706,(anonymous_20)
FN:730,(anonymous_21)
FN:796,(anonymous_22)
FN:812,(anonymous_23)
FN:846,(anonymous_24)
FN:857,(anonymous_25)
FN:882,(anonymous_26)
FN:930,(anonymous_27)
FN:947,(anonymous_28)
FN:967,(anonymous_29)
FN:985,(anonymous_30)
FN:997,(anonymous_31)
FN:1008,(anonymous_32)
FN:1033,(anonymous_33)
FN:1126,(anonymous_34)
FN:1144,(anonymous_35)
FN:1166,(anonymous_36)
FN:1236,(anonymous_37)
FN:1247,(anonymous_38)
FN:1278,(anonymous_39)
FN:1299,(anonymous_40)
FN:1358,(anonymous_41)
FN:1360,(anonymous_42)
FN:1449,(anonymous_43)
FN:1451,(anonymous_44)
FN:1520,(anonymous_45)
FN:1522,(anonymous_46)
FN:1598,(anonymous_47)
FN:1600,(anonymous_48)
FN:1647,(anonymous_49)
FN:1686,(anonymous_50)
FN:1707,(anonymous_51)
FN:1752,(anonymous_52)
FN:1825,(anonymous_53)
FN:1827,(anonymous_54)
FN:1881,(anonymous_55)
FN:1941,(anonymous_56)
FN:1943,(anonymous_57)
FN:2019,(anonymous_58)
FN:2021,(anonymous_59)
FN:2092,(anonymous_60)
FN:2114,(anonymous_61)
FN:2140,(anonymous_62)
FN:2152,(anonymous_63)
FN:2170,(anonymous_64)
FN:2190,(anonymous_65)
FN:2197,(anonymous_66)
FN:2207,(anonymous_67)
FN:2227,(anonymous_68)
FN:2265,(anonymous_69)
FN:2301,(anonymous_70)
FN:2302,(anonymous_71)
FN:2353,(anonymous_72)
FN:2359,(anonymous_73)
FN:2372,(anonymous_74)
FN:2373,(anonymous_75)
FN:2402,(anonymous_76)
FNF:77
FNH:75
FNDA:2,(anonymous_0)
FNDA:1,(anonymous_1)
FNDA:4,(anonymous_2)
FNDA:6,(anonymous_3)
FNDA:36,(anonymous_4)
FNDA:24,(anonymous_5)
FNDA:4,(anonymous_6)
FNDA:4,(anonymous_7)
FNDA:1,(anonymous_8)
FNDA:5,(anonymous_9)
FNDA:20,(anonymous_10)
FNDA:27,(anonymous_11)
FNDA:154,(anonymous_12)
FNDA:150,(anonymous_13)
FNDA:108,(anonymous_14)
FNDA:1,(anonymous_15)
FNDA:5,(anonymous_16)
FNDA:10,(anonymous_17)
FNDA:50,(anonymous_18)
FNDA:25,(anonymous_19)
FNDA:3,(anonymous_20)
FNDA:1,(anonymous_21)
FNDA:3,(anonymous_22)
FNDA:9,(anonymous_23)
FNDA:36,(anonymous_24)
FNDA:24,(anonymous_25)
FNDA:1,(anonymous_26)
FNDA:3,(anonymous_27)
FNDA:12,(anonymous_28)
FNDA:9,(anonymous_29)
FNDA:27,(anonymous_30)
FNDA:36,(anonymous_31)
FNDA:24,(anonymous_32)
FNDA:1,(anonymous_33)
FNDA:3,(anonymous_34)
FNDA:15,(anonymous_35)
FNDA:9,(anonymous_36)
FNDA:45,(anonymous_37)
FNDA:30,(anonymous_38)
FNDA:5,(anonymous_39)
FNDA:1,(anonymous_40)
FNDA:4,(anonymous_41)
FNDA:16,(anonymous_42)
FNDA:5,(anonymous_43)
FNDA:20,(anonymous_44)
FNDA:4,(anonymous_45)
FNDA:20,(anonymous_46)
FNDA:5,(anonymous_47)
FNDA:15,(anonymous_48)
FNDA:1,(anonymous_49)
FNDA:6,(anonymous_50)
FNDA:1,(anonymous_51)
FNDA:6,(anonymous_52)
FNDA:5,(anonymous_53)
FNDA:20,(anonymous_54)
FNDA:1,(anonymous_55)
FNDA:5,(anonymous_56)
FNDA:20,(anonymous_57)
FNDA:5,(anonymous_58)
FNDA:20,(anonymous_59)
FNDA:5,(anonymous_60)
FNDA:1,(anonymous_61)
FNDA:10,(anonymous_62)
FNDA:3,(anonymous_63)
FNDA:2,(anonymous_64)
FNDA:44,(anonymous_65)
FNDA:88,(anonymous_66)
FNDA:44,(anonymous_67)
FNDA:1,(anonymous_68)
FNDA:15,(anonymous_69)
FNDA:0,(anonymous_70)
FNDA:0,(anonymous_71)
FNDA:15,(anonymous_72)
FNDA:2,(anonymous_73)
FNDA:8,(anonymous_74)
FNDA:8,(anonymous_75)
FNDA:2,(anonymous_76)
DA:1,3
DA:11,2
DA:13,2
DA:18,1
DA:19,1
DA:20,1
DA:21,1
DA:22,1
DA:25,1
DA:29,1
DA:33,1
DA:37,1
DA:42,1
DA:46,1
DA:50,1
DA:54,1
DA:58,1
DA:62,1
DA:66,1
DA:72,1
DA:73,1
DA:76,1
DA:80,1
DA:86,1
DA:87,1
DA:89,1
DA:90,1
DA:101,1
DA:106,1
DA:107,1
DA:108,1
DA:109,1
DA:110,1
DA:115,1
DA:116,1
DA:119,1
DA:120,1
DA:121,1
DA:129,1
DA:130,1
DA:131,1
DA:134,1
DA:135,1
DA:136,1
DA:141,1
DA:142,1
DA:145,1
DA:185,1
DA:186,1
DA:187,4
DA:188,4
DA:189,4
DA:190,4
DA:195,4
DA:196,4
DA:203,1
DA:206,1
DA:207,6
DA:208,6
DA:211,6
DA:212,6
DA:213,6
DA:214,6
DA:217,6
DA:218,6
DA:219,6
DA:220,6
DA:223,36
DA:224,6
DA:225,6
DA:226,6
DA:227,6
DA:230,6
DA:231,6
DA:232,6
DA:235,6
DA:238,6
DA:239,24
DA:247,6
DA:251,1
DA:252,1
DA:253,1
DA:258,1
DA:259,1
DA:261,1
DA:285,1
DA:286,1
DA:287,4
DA:288,4
DA:289,4
DA:290,4
DA:295,4
DA:297,1
DA:300,1
DA:301,4
DA:302,4
DA:303,4
DA:304,4
DA:305,4
DA:308,4
DA:309,4
DA:310,4
DA:311,4
DA:314,4
DA:321,4
DA:325,1
DA:326,1
DA:327,1
DA:328,1
DA:329,1
DA:330,1
DA:337,1
DA:340,1
DA:341,1
DA:342,1
DA:343,1
DA:344,1
DA:349,1
DA:350,1
DA:353,1
DA:441,1
DA:443,1
DA:445,5
DA:446,5
DA:447,5
DA:448,5
DA:449,5
DA:454,5
DA:455,5
DA:456,5
DA:459,5
DA:460,5
DA:461,20
DA:462,20
DA:463,20
DA:464,20
DA:469,20
DA:470,20
DA:477,5
DA:480,5
DA:481,27
DA:482,27
DA:483,27
DA:484,27
DA:485,27
DA:488,27
DA:489,26
DA:491,154
DA:492,150
DA:495,26
DA:498,26
DA:499,26
DA:503,27
DA:504,27
DA:507,27
DA:508,108
DA:516,27
DA:519,5
DA:523,1
DA:524,1
DA:525,1
DA:526,1
DA:533,1
DA:536,1
DA:537,1
DA:538,1
DA:539,1
DA:540,1
DA:545,1
DA:546,1
DA:549,1
DA:590,1
DA:593,1
DA:594,1
DA:596,5
DA:597,5
DA:598,5
DA:599,5
DA:604,5
DA:605,5
DA:613,1
DA:614,1
DA:617,1
DA:618,10
DA:619,10
DA:621,10
DA:622,10
DA:624,10
DA:625,10
DA:626,10
DA:632,10
DA:633,10
DA:637,10
DA:638,10
DA:639,10
DA:640,2
DA:643,8
DA:650,10
DA:651,10
DA:654,10
DA:655,10
DA:658,10
DA:659,50
DA:668,10
DA:669,5
DA:670,25
DA:678,10
DA:682,1
DA:683,1
DA:684,1
DA:685,1
DA:686,1
DA:687,1
DA:688,1
DA:690,1
DA:706,1
DA:707,3
DA:708,3
DA:709,3
DA:710,3
DA:711,3
DA:716,3
DA:720,1
DA:721,1
DA:722,1
DA:723,1
DA:724,1
DA:731,1
DA:734,1
DA:735,1
DA:736,1
DA:737,1
DA:738,1
DA:743,1
DA:744,1
DA:747,1
DA:794,1
DA:796,1
DA:798,3
DA:799,3
DA:800,3
DA:801,3
DA:802,3
DA:807,3
DA:808,3
DA:809,3
DA:812,3
DA:813,9
DA:814,9
DA:816,9
DA:817,9
DA:818,9
DA:820,9
DA:821,9
DA:822,9
DA:830,9
DA:831,9
DA:832,9
DA:833,2
DA:836,7
DA:838,9
DA:839,9
DA:842,9
DA:843,9
DA:846,9
DA:847,36
DA:856,9
DA:857,6
DA:858,24
DA:866,9
DA:869,3
DA:873,1
DA:874,1
DA:875,1
DA:876,1
DA:883,1
DA:886,1
DA:887,1
DA:888,1
DA:889,1
DA:890,1
DA:895,1
DA:896,1
DA:898,1
DA:928,1
DA:930,1
DA:932,3
DA:933,3
DA:934,3
DA:935,3
DA:936,3
DA:941,3
DA:942,3
DA:943,3
DA:946,3
DA:947,3
DA:948,12
DA:949,12
DA:950,12
DA:951,12
DA:956,12
DA:957,12
DA:964,3
DA:967,3
DA:968,9
DA:969,9
DA:971,9
DA:972,9
DA:973,9
DA:975,9
DA:976,9
DA:977,9
DA:984,9
DA:985,27
DA:988,9
DA:989,9
DA:990,9
DA:993,9
DA:994,9
DA:997,9
DA:998,36
DA:1007,9
DA:1008,6
DA:1009,24
DA:1017,9
DA:1020,3
DA:1024,1
DA:1025,1
DA:1026,1
DA:1027,1
DA:1034,1
DA:1037,1
DA:1038,1
DA:1039,1
DA:1040,1
DA:1041,1
DA:1046,1
DA:1047,1
DA:1050,1
DA:1051,1
DA:1053,1
DA:1124,1
DA:1126,1
DA:1128,3
DA:1129,3
DA:1130,3
DA:1131,3
DA:1132,3
DA:1137,3
DA:1138,3
DA:1139,3
DA:1142,3
DA:1143,3
DA:1145,15
DA:1146,15
DA:1147,15
DA:1148,15
DA:1153,15
DA:1154,15
DA:1162,3
DA:1163,3
DA:1166,3
DA:1167,9
DA:1168,9
DA:1170,9
DA:1171,9
DA:1172,9
DA:1174,9
DA:1175,9
DA:1176,9
DA:1178,9
DA:1179,9
DA:1182,9
DA:1184,9
DA:1186,9
DA:1191,3
DA:1197,3
DA:1209,6
DA:1215,6
DA:1228,9
DA:1229,9
DA:1232,9
DA:1233,9
DA:1236,9
DA:1237,45
DA:1246,9
DA:1247,6
DA:1248,30
DA:1256,9
DA:1259,3
DA:1263,1
DA:1264,1
DA:1265,1
DA:1266,1
DA:1267,1
DA:1268,1
DA:1270,1
DA:1278,1
DA:1279,5
DA:1280,5
DA:1281,5
DA:1282,5
DA:1283,5
DA:1284,5
DA:1285,5
DA:1289,1
DA:1290,1
DA:1291,1
DA:1292,1
DA:1293,1
DA:1300,1
DA:1303,1
DA:1304,1
DA:1305,1
DA:1306,1
DA:1307,1
DA:1312,1
DA:1313,1
DA:1316,1
DA:1317,1
DA:1318,1
DA:1319,1
DA:1324,1
DA:1327,1
DA:1330,1
DA:1358,1
DA:1359,4
DA:1360,4
DA:1361,16
DA:1362,16
DA:1363,16
DA:1364,4
DA:1365,4
DA:1370,4
DA:1372,12
DA:1373,3
DA:1374,3
DA:1376,12
DA:1377,3
DA:1380,12
DA:1381,3
DA:1382,3
DA:1383,3
DA:1384,3
DA:1392,16
DA:1399,4
DA:1403,1
DA:1404,1
DA:1405,1
DA:1407,1
DA:1412,1
DA:1414,1
DA:1449,1
DA:1450,5
DA:1451,5
DA:1452,20
DA:1453,20
DA:1454,20
DA:1455,4
DA:1456,4
DA:1461,4
DA:1463,16
DA:1464,4
DA:1465,4
DA:1467,16
DA:1468,4
DA:1470,16
DA:1471,4
DA:1472,4
DA:1473,4
DA:1474,4
DA:1475,4
DA:1478,20
DA:1485,5
DA:1489,1
DA:1490,1
DA:1491,1
DA:1492,1
DA:1497,1
DA:1499,1
DA:1520,1
DA:1521,4
DA:1522,4
DA:1523,20
DA:1524,20
DA:1525,20
DA:1526,5
DA:1527,5
DA:1532,5
DA:1534,15
DA:1535,15
DA:1536,5
DA:1539,20
DA:1546,4
DA:1550,1
DA:1551,1
DA:1552,1
DA:1553,1
DA:1558,1
DA:1560,1
DA:1598,1
DA:1599,5
DA:1600,5
DA:1601,15
DA:1602,15
DA:1603,15
DA:1604,3
DA:1605,3
DA:1610,3
DA:1612,12
DA:1613,12
DA:1614,4
DA:1619,4
DA:1621,12
DA:1623,15
DA:1630,5
DA:1634,1
DA:1635,1
DA:1636,1
DA:1637,1
DA:1638,1
DA:1639,1
DA:1640,1
DA:1641,1
DA:1648,1
DA:1651,1
DA:1652,1
DA:1653,1
DA:1654,1
DA:1655,1
DA:1660,1
DA:1661,1
DA:1663,1
DA:1666,1
DA:1667,1
DA:1668,1
DA:1669,1
DA:1674,1
DA:1677,1
DA:1685,1
DA:1686,1
DA:1687,6
DA:1688,6
DA:1689,6
DA:1690,6
DA:1695,6
DA:1696,6
DA:1703,1
DA:1704,1
DA:1707,1
DA:1708,1
DA:1709,1
DA:1710,1
DA:1716,1
DA:1717,1
DA:1718,1
DA:1719,0
DA:1721,0
DA:1723,0
DA:1724,0
DA:1730,0
DA:1739,1
DA:1745,1
DA:1753,6
DA:1754,6
DA:1755,6
DA:1756,6
DA:1757,2
DA:1758,2
DA:1760,6
DA:1761,2
DA:1763,6
DA:1770,6
DA:1771,6
DA:1778,1
DA:1783,1
DA:1784,1
DA:1785,1
DA:1786,1
DA:1791,1
DA:1793,1
DA:1825,1
DA:1826,5
DA:1827,5
DA:1828,20
DA:1829,20
DA:1830,20
DA:1831,4
DA:1832,4
DA:1837,4
DA:1839,16
DA:1840,16
DA:1841,4
DA:1842,4
DA:1843,4
DA:1844,4
DA:1848,16
DA:1849,4
DA:1850,4
DA:1857,16
DA:1859,20
DA:1866,5
DA:1870,1
DA:1871,1
DA:1872,1
DA:1873,1
DA:1874,1
DA:1875,1
DA:1882,1
DA:1885,1
DA:1886,1
DA:1887,1
DA:1888,1
DA:1889,1
DA:1894,1
DA:1895,1
DA:1897,1
DA:1900,1
DA:1901,1
DA:1902,1
DA:1907,1
DA:1909,1
DA:1941,1
DA:1942,5
DA:1943,5
DA:1944,20
DA:1945,20
DA:1946,20
DA:1947,4
DA:1948,4
DA:1953,4
DA:1955,16
DA:1956,16
DA:1957,4
DA:1962,4
DA:1964,16
DA:1966,20
DA:1972,20
DA:1973,8
DA:1980,5
DA:1984,1
DA:1985,1
DA:1986,1
DA:1987,1
DA:1992,1
DA:1994,1
DA:2019,1
DA:2020,5
DA:2021,5
DA:2022,20
DA:2023,20
DA:2024,20
DA:2025,4
DA:2026,4
DA:2031,4
DA:2033,16
DA:2034,16
DA:2035,8
DA:2036,8
DA:2039,16
DA:2040,4
DA:2041,4
DA:2042,4
DA:2043,1
DA:2049,3
DA:2050,1
DA:2057,2
DA:2059,4
DA:2060,4
DA:2063,20
DA:2070,5
DA:2074,1
DA:2075,1
DA:2076,1
DA:2077,1
DA:2082,1
DA:2084,1
DA:2092,1
DA:2093,5
DA:2094,5
DA:2095,5
DA:2096,5
DA:2097,5
DA:2098,5
DA:2099,5
DA:2103,1
DA:2104,1
DA:2105,1
DA:2106,1
DA:2107,1
DA:2108,1
DA:2115,1
DA:2118,1
DA:2119,1
DA:2120,1
DA:2121,1
DA:2122,1
DA:2127,1
DA:2128,1
DA:2131,1
DA:2132,1
DA:2134,1
DA:2135,1
DA:2137,1
DA:2140,1
DA:2141,10
DA:2142,10
DA:2143,50
DA:2144,50
DA:2149,6
DA:2150,44
DA:2151,3
DA:2152,3
DA:2153,3
DA:2154,3
DA:2156,0
DA:2160,41
DA:2163,10
DA:2166,1
DA:2169,1
DA:2170,1
DA:2171,2
DA:2172,2
DA:2173,2
DA:2174,2
DA:2179,2
DA:2180,2
DA:2187,1
DA:2190,1
DA:2191,44
DA:2192,44
DA:2193,44
DA:2194,44
DA:2195,44
DA:2197,44
DA:2198,88
DA:2206,44
DA:2207,22
DA:2208,44
DA:2216,44
DA:2220,1
DA:2221,1
DA:2228,1
DA:2229,1
DA:2230,1
DA:2233,1
DA:2234,1
DA:2235,1
DA:2236,1
DA:2237,1
DA:2242,1
DA:2243,1
DA:2246,1
DA:2264,1
DA:2265,1
DA:2266,15
DA:2267,15
DA:2268,15
DA:2269,15
DA:2274,15
DA:2275,15
DA:2284,1
DA:2285,1
DA:2286,1
DA:2288,0
DA:2289,0
DA:2292,1
DA:2294,1
DA:2295,1
DA:2297,1
DA:2299,1
DA:2300,1
DA:2301,1
DA:2302,1
DA:2304,1
DA:2307,1
DA:2311,1
DA:2312,1
DA:2313,1
DA:2314,1
DA:2315,1
DA:2316,1
DA:2317,1
DA:2319,1
DA:2320,1
DA:2321,1
DA:2322,1
DA:2323,1
DA:2324,1
DA:2325,1
DA:2326,1
DA:2327,1
DA:2330,1
DA:2331,15
DA:2332,15
DA:2338,15
DA:2341,1
DA:2343,0
DA:2352,1
DA:2353,15
DA:2361,2
DA:2362,2
DA:2364,2
DA:2367,1
DA:2368,1
DA:2369,1
DA:2370,1
DA:2372,8
DA:2373,1
DA:2374,8
DA:2375,8
DA:2379,1
DA:2383,1
DA:2387,1
DA:2388,1
DA:2391,1
DA:2395,1
DA:2399,1
DA:2400,1
DA:2402,1
DA:2403,2
DA:2404,2
DA:2405,2
DA:2406,2
DA:2407,2
DA:2408,2
DA:2411,1
DA:2418,1
DA:2422,3
LF:829
LH:820
BRDA:148,0,0,1
BRDA:148,0,1,0
BRDA:154,1,0,1
BRDA:154,1,1,0
BRDA:160,2,0,1
BRDA:160,2,1,0
BRDA:166,3,0,1
BRDA:166,3,1,0
BRDA:172,4,0,1
BRDA:172,4,1,0
BRDA:178,5,0,1
BRDA:178,5,1,0
BRDA:231,6,0,6
BRDA:231,6,1,0
BRDA:233,7,0,6
BRDA:233,7,1,0
BRDA:264,8,0,1
BRDA:264,8,1,0
BRDA:269,9,0,1
BRDA:269,9,1,0
BRDA:274,10,0,1
BRDA:274,10,1,0
BRDA:279,11,0,1
BRDA:279,11,1,0
BRDA:308,12,0,4
BRDA:308,12,1,0
BRDA:315,13,0,0
BRDA:315,13,1,4
BRDA:317,14,0,2
BRDA:317,14,1,2
BRDA:357,15,0,1
BRDA:357,15,1,0
BRDA:358,16,0,1
BRDA:358,16,1,0
BRDA:359,17,0,1
BRDA:359,17,1,0
BRDA:360,18,0,1
BRDA:360,18,1,0
BRDA:361,19,0,1
BRDA:361,19,1,0
BRDA:369,20,0,1
BRDA:369,20,1,0
BRDA:373,21,0,1
BRDA:373,21,1,0
BRDA:377,22,0,1
BRDA:377,22,1,0
BRDA:381,23,0,1
BRDA:381,23,1,0
BRDA:383,24,0,1
BRDA:383,24,1,0
BRDA:386,25,0,1
BRDA:386,25,1,0
BRDA:388,26,0,1
BRDA:388,26,1,0
BRDA:391,27,0,1
BRDA:391,27,1,0
BRDA:398,28,0,1
BRDA:398,28,1,0
BRDA:399,29,0,1
BRDA:399,29,1,0
BRDA:400,30,0,1
BRDA:400,30,1,0
BRDA:403,31,0,1
BRDA:403,31,1,0
BRDA:407,32,0,1
BRDA:407,32,1,0
BRDA:409,33,0,1
BRDA:409,33,1,0
BRDA:415,34,0,1
BRDA:415,34,1,0
BRDA:416,35,0,1
BRDA:416,35,1,0
BRDA:417,36,0,1
BRDA:417,36,1,0
BRDA:420,37,0,1
BRDA:420,37,1,0
BRDA:424,38,0,1
BRDA:424,38,1,0
BRDA:431,39,0,1
BRDA:431,39,1,0
BRDA:432,40,0,1
BRDA:432,40,1,0
BRDA:435,41,0,1
BRDA:435,41,1,0
BRDA:488,42,0,26
BRDA:488,42,1,1
BRDA:495,43,0,26
BRDA:495,43,1,0
BRDA:503,44,0,26
BRDA:503,44,1,1
BRDA:552,45,0,1
BRDA:552,45,1,0
BRDA:557,46,0,1
BRDA:557,46,1,0
BRDA:560,47,0,1
BRDA:560,47,1,0
BRDA:563,48,0,1
BRDA:563,48,1,1
BRDA:566,49,0,1
BRDA:566,49,1,0
BRDA:567,50,0,1
BRDA:567,50,1,0
BRDA:570,51,0,1
BRDA:570,51,1,0
BRDA:575,52,0,1
BRDA:575,52,1,0
BRDA:580,53,0,1
BRDA:580,53,1,0
BRDA:585,54,0,1
BRDA:585,54,1,0
BRDA:637,55,0,8
BRDA:637,55,1,2
BRDA:639,56,0,2
BRDA:639,56,1,8
BRDA:639,57,0,10
BRDA:639,57,1,9
BRDA:641,58,0,1
BRDA:641,58,1,1
BRDA:641,59,0,1
BRDA:641,59,1,0
BRDA:644,60,0,3
BRDA:644,60,1,5
BRDA:646,61,0,0
BRDA:646,61,1,5
BRDA:654,62,0,9
BRDA:654,62,1,1
BRDA:668,63,0,5
BRDA:668,63,1,5
BRDA:691,64,0,1
BRDA:691,64,1,0
BRDA:692,65,0,1
BRDA:692,65,1,0
BRDA:696,66,0,1
BRDA:696,66,1,0
BRDA:696,67,0,1
BRDA:696,67,1,1
BRDA:751,68,0,1
BRDA:751,68,1,0
BRDA:752,69,0,1
BRDA:752,69,1,0
BRDA:753,70,0,1
BRDA:753,70,1,1
BRDA:759,71,0,1
BRDA:759,71,1,0
BRDA:763,72,0,1
BRDA:763,72,1,0
BRDA:776,73,0,1
BRDA:776,73,1,0
BRDA:777,74,0,1
BRDA:777,74,1,0
BRDA:781,75,0,1
BRDA:781,75,1,0
BRDA:830,76,0,5
BRDA:830,76,1,4
BRDA:832,77,0,2
BRDA:832,77,1,7
BRDA:832,78,0,9
BRDA:832,78,1,8
BRDA:834,79,0,0
BRDA:834,79,1,2
BRDA:834,80,0,2
BRDA:834,80,1,0
BRDA:836,81,0,5
BRDA:836,81,1,2
BRDA:842,82,0,7
BRDA:842,82,1,2
BRDA:856,83,0,6
BRDA:856,83,1,3
BRDA:902,84,0,1
BRDA:902,84,1,0
BRDA:903,85,0,1
BRDA:903,85,1,0
BRDA:906,86,0,1
BRDA:906,86,1,0
BRDA:913,87,0,1
BRDA:913,87,1,0
BRDA:914,88,0,1
BRDA:914,88,1,0
BRDA:915,89,0,1
BRDA:915,89,1,0
BRDA:921,90,0,1
BRDA:921,90,1,0
BRDA:922,91,0,1
BRDA:922,91,1,0
BRDA:923,92,0,1
BRDA:923,92,1,0
BRDA:985,93,0,27
BRDA:985,93,1,0
BRDA:988,94,0,9
BRDA:988,94,1,0
BRDA:993,95,0,9
BRDA:993,95,1,0
BRDA:1007,96,0,6
BRDA:1007,96,1,3
BRDA:1050,97,0,1
BRDA:1050,97,1,0
BRDA:1051,98,0,1
BRDA:1051,98,1,0
BRDA:1060,99,0,1
BRDA:1060,99,1,0
BRDA:1065,100,0,1
BRDA:1065,100,1,0
BRDA:1071,101,0,1
BRDA:1071,101,1,0
BRDA:1072,102,0,1
BRDA:1072,102,1,0
BRDA:1075,103,0,1
BRDA:1075,103,1,0
BRDA:1076,104,0,1
BRDA:1076,104,1,0
BRDA:1089,105,0,1
BRDA:1089,105,1,0
BRDA:1095,106,0,1
BRDA:1095,106,1,0
BRDA:1098,107,0,1
BRDA:1098,107,1,0
BRDA:1109,108,0,1
BRDA:1109,108,1,0
BRDA:1110,109,0,1
BRDA:1110,109,1,1
BRDA:1114,110,0,1
BRDA:1114,110,1,0
BRDA:1184,111,0,6
BRDA:1184,111,1,3
BRDA:1186,112,0,3
BRDA:1186,112,1,6
BRDA:1187,113,0,9
BRDA:1187,113,1,8
BRDA:1187,113,2,7
BRDA:1192,114,0,0
BRDA:1192,114,1,3
BRDA:1194,115,0,2
BRDA:1194,115,1,1
BRDA:1201,116,0,0
BRDA:1201,116,1,3
BRDA:1203,117,0,2
BRDA:1203,117,1,1
BRDA:1210,118,0,2
BRDA:1210,118,1,4
BRDA:1212,119,0,1
BRDA:1212,119,1,3
BRDA:1219,120,0,2
BRDA:1219,120,1,4
BRDA:1221,121,0,1
BRDA:1221,121,1,3
BRDA:1232,122,0,8
BRDA:1232,122,1,1
BRDA:1246,123,0,6
BRDA:1246,123,1,3
BRDA:1327,124,0,1
BRDA:1327,124,1,0
BRDA:1328,125,0,1
BRDA:1328,125,1,0
BRDA:1329,126,0,1
BRDA:1329,126,1,0
BRDA:1335,127,0,1
BRDA:1335,127,1,0
BRDA:1340,128,0,1
BRDA:1340,128,1,0
BRDA:1342,129,0,1
BRDA:1342,129,1,0
BRDA:1342,130,0,1
BRDA:1342,130,1,0
BRDA:1349,131,0,1
BRDA:1349,131,1,0
BRDA:1351,132,0,1
BRDA:1351,132,1,0
BRDA:1351,133,0,1
BRDA:1351,133,1,0
BRDA:1363,134,0,4
BRDA:1363,134,1,12
BRDA:1372,135,0,3
BRDA:1372,135,1,9
BRDA:1376,136,0,3
BRDA:1376,136,1,9
BRDA:1380,137,0,3
BRDA:1380,137,1,9
BRDA:1380,138,0,12
BRDA:1380,138,1,3
BRDA:1387,139,0,1
BRDA:1387,139,1,2
BRDA:1387,140,0,1
BRDA:1387,140,1,1
BRDA:1418,141,0,1
BRDA:1418,141,1,0
BRDA:1419,142,0,1
BRDA:1419,142,1,0
BRDA:1424,143,0,1
BRDA:1424,143,1,0
BRDA:1426,144,0,1
BRDA:1426,144,1,0
BRDA:1426,145,0,1
BRDA:1426,145,1,0
BRDA:1433,146,0,1
BRDA:1433,146,1,1
BRDA:1435,147,0,1
BRDA:1435,147,1,1
BRDA:1436,148,0,1
BRDA:1436,148,1,0
BRDA:1443,149,0,1
BRDA:1443,149,1,0
BRDA:1444,150,0,1
BRDA:1444,150,1,0
BRDA:1454,151,0,4
BRDA:1454,151,1,16
BRDA:1463,152,0,4
BRDA:1463,152,1,12
BRDA:1467,153,0,4
BRDA:1467,153,1,12
BRDA:1470,154,0,4
BRDA:1470,154,1,12
BRDA:1470,155,0,16
BRDA:1470,155,1,4
BRDA:1501,156,0,1
BRDA:1501,156,1,0
BRDA:1506,157,0,1
BRDA:1506,157,1,0
BRDA:1507,158,0,1
BRDA:1507,158,1,0
BRDA:1511,159,0,1
BRDA:1511,159,1,0
BRDA:1512,160,0,1
BRDA:1512,160,1,0
BRDA:1514,161,0,1
BRDA:1514,161,1,0
BRDA:1525,162,0,5
BRDA:1525,162,1,15
BRDA:1535,163,0,5
BRDA:1535,163,1,10
BRDA:1535,164,0,15
BRDA:1535,164,1,12
BRDA:1564,165,0,1
BRDA:1564,165,1,0
BRDA:1565,166,0,1
BRDA:1565,166,1,0
BRDA:1569,167,0,1
BRDA:1569,167,1,0
BRDA:1570,168,0,1
BRDA:1570,168,1,0
BRDA:1572,169,0,0
BRDA:1572,169,1,0
BRDA:1578,170,0,1
BRDA:1578,170,1,0
BRDA:1579,171,0,1
BRDA:1579,171,1,0
BRDA:1581,172,0,0
BRDA:1581,172,1,0
BRDA:1588,173,0,1
BRDA:1588,173,1,0
BRDA:1592,174,0,1
BRDA:1592,174,1,0
BRDA:1592,175,0,1
BRDA:1592,175,1,0
BRDA:1603,176,0,3
BRDA:1603,176,1,12
BRDA:1612,177,0,4
BRDA:1612,177,1,8
BRDA:1613,178,0,4
BRDA:1613,178,1,8
BRDA:1621,179,0,4
BRDA:1621,179,1,8
BRDA:1666,180,0,1
BRDA:1666,180,1,0
BRDA:1666,181,0,1
BRDA:1666,181,1,1
BRDA:1718,182,0,0
BRDA:1718,182,1,1
BRDA:1721,183,0,0
BRDA:1721,183,1,0
BRDA:1721,184,0,0
BRDA:1721,184,1,0
BRDA:1723,185,0,0
BRDA:1723,185,1,0
BRDA:1723,186,0,0
BRDA:1723,186,1,0
BRDA:1725,187,0,0
BRDA:1725,187,1,0
BRDA:1727,188,0,0
BRDA:1727,188,1,0
BRDA:1731,189,0,0
BRDA:1731,189,1,0
BRDA:1733,190,0,0
BRDA:1733,190,1,0
BRDA:1739,191,0,0
BRDA:1739,191,1,1
BRDA:1739,192,0,1
BRDA:1739,192,1,1
BRDA:1741,193,0,0
BRDA:1741,193,1,1
BRDA:1741,194,0,1
BRDA:1741,194,1,1
BRDA:1747,195,0,1
BRDA:1747,195,1,1
BRDA:1748,196,0,1
BRDA:1748,196,1,1
BRDA:1755,197,0,1
BRDA:1755,197,1,5
BRDA:1756,198,0,2
BRDA:1756,198,1,4
BRDA:1756,199,0,6
BRDA:1756,199,1,5
BRDA:1760,200,0,2
BRDA:1760,200,1,4
BRDA:1760,201,0,6
BRDA:1760,201,1,5
BRDA:1770,202,0,6
BRDA:1770,202,1,0
BRDA:1797,203,0,1
BRDA:1797,203,1,1
BRDA:1798,204,0,1
BRDA:1798,204,1,1
BRDA:1799,205,0,0
BRDA:1799,205,1,1
BRDA:1799,206,0,1
BRDA:1799,206,1,1
BRDA:1803,207,0,1
BRDA:1803,207,1,1
BRDA:1804,208,0,1
BRDA:1804,208,1,0
BRDA:1805,209,0,0
BRDA:1805,209,1,1
BRDA:1805,210,0,1
BRDA:1805,210,1,1
BRDA:1811,211,0,1
BRDA:1811,211,1,1
BRDA:1812,212,0,1
BRDA:1812,212,1,0
BRDA:1813,213,0,0
BRDA:1813,213,1,1
BRDA:1813,214,0,1
BRDA:1813,214,1,1
BRDA:1817,215,0,1
BRDA:1817,215,1,1
BRDA:1818,216,0,1
BRDA:1818,216,1,1
BRDA:1819,217,0,0
BRDA:1819,217,1,1
BRDA:1819,218,0,1
BRDA:1819,218,1,1
BRDA:1830,219,0,4
BRDA:1830,219,1,16
BRDA:1839,220,0,4
BRDA:1839,220,1,12
BRDA:1840,221,0,4
BRDA:1840,221,1,12
BRDA:1845,222,0,0
BRDA:1845,222,1,4
BRDA:1845,223,0,0
BRDA:1845,223,1,4
BRDA:1848,224,0,4
BRDA:1848,224,1,12
BRDA:1851,225,0,0
BRDA:1851,225,1,4
BRDA:1853,226,0,0
BRDA:1853,226,1,4
BRDA:1857,227,0,4
BRDA:1857,227,1,12
BRDA:1913,228,0,1
BRDA:1913,228,1,0
BRDA:1915,229,0,1
BRDA:1915,229,1,0
BRDA:1919,230,0,1
BRDA:1919,230,1,0
BRDA:1921,231,0,1
BRDA:1921,231,1,0
BRDA:1927,232,0,1
BRDA:1927,232,1,0
BRDA:1928,233,0,1
BRDA:1928,233,1,0
BRDA:1929,234,0,1
BRDA:1929,234,1,0
BRDA:1933,235,0,1
BRDA:1933,235,1,0
BRDA:1934,236,0,1
BRDA:1934,236,1,0
BRDA:1946,237,0,4
BRDA:1946,237,1,16
BRDA:1955,238,0,4
BRDA:1955,238,1,12
BRDA:1956,239,0,4
BRDA:1956,239,1,12
BRDA:1964,240,0,4
BRDA:1964,240,1,12
BRDA:1972,241,0,8
BRDA:1972,241,1,12
BRDA:1972,242,0,20
BRDA:1972,242,1,12
BRDA:1999,243,0,1
BRDA:1999,243,1,0
BRDA:1999,244,0,1
BRDA:1999,244,1,1
BRDA:2011,245,0,1
BRDA:2011,245,1,0
BRDA:2015,246,0,1
BRDA:2015,246,1,0
BRDA:2016,247,0,1
BRDA:2016,247,1,0
BRDA:2024,248,0,4
BRDA:2024,248,1,16
BRDA:2033,249,0,4
BRDA:2033,249,1,12
BRDA:2034,250,0,8
BRDA:2034,250,1,8
BRDA:2034,251,0,16
BRDA:2034,251,1,12
BRDA:2036,252,0,4
BRDA:2036,252,1,4
BRDA:2039,253,0,4
BRDA:2039,253,1,12
BRDA:2042,254,0,1
BRDA:2042,254,1,3
BRDA:2044,255,0,0
BRDA:2044,255,1,1
BRDA:2046,256,0,1
BRDA:2046,256,1,0
BRDA:2049,257,0,1
BRDA:2049,257,1,2
BRDA:2051,258,0,1
BRDA:2051,258,1,0
BRDA:2053,259,0,0
BRDA:2053,259,1,0
BRDA:2057,260,0,2
BRDA:2057,260,1,0
BRDA:2140,261,0,1
BRDA:2143,262,0,20
BRDA:2143,262,1,30
BRDA:2144,263,0,6
BRDA:2144,263,1,44
BRDA:2145,264,0,50
BRDA:2145,264,1,50
BRDA:2145,264,2,9
BRDA:2150,265,0,3
BRDA:2150,265,1,41
BRDA:2153,266,0,3
BRDA:2153,266,1,0
BRDA:2206,267,0,22
BRDA:2206,267,1,22
BRDA:2307,268,0,1
BRDA:2307,268,1,0
BRDA:2313,269,0,1
BRDA:2313,269,1,0
BRDA:2314,270,0,1
BRDA:2314,270,1,1
BRDA:2315,271,0,1
BRDA:2315,271,1,1
BRDA:2316,272,0,1
BRDA:2316,272,1,1
BRDA:2318,273,0,1
BRDA:2318,273,1,1
BRDA:2318,273,2,1
BRDA:2319,274,0,1
BRDA:2319,274,1,1
BRDA:2319,274,2,1
BRDA:2320,275,0,1
BRDA:2320,275,1,1
BRDA:2320,275,2,1
BRDA:2321,276,0,1
BRDA:2321,276,1,1
BRDA:2321,276,2,0
BRDA:2322,277,0,1
BRDA:2322,277,1,1
BRDA:2322,277,2,1
BRDA:2323,278,0,1
BRDA:2323,278,1,1
BRDA:2323,278,2,0
BRDA:2324,279,0,1
BRDA:2324,279,1,1
BRDA:2324,279,2,1
BRDA:2325,280,0,1
BRDA:2325,280,1,1
BRDA:2326,281,0,1
BRDA:2326,281,1,1
BRDA:2338,282,0,1
BRDA:2338,282,1,14
BRDA:2375,283,0,8
BRDA:2375,283,1,0
BRDA:2403,284,0,2
BRDA:2403,284,1,0
BRDA:2404,285,0,2
BRDA:2404,285,1,0
BRDA:2406,286,0,2
BRDA:2406,286,1,0
BRDA:2407,287,0,0
BRDA:2407,287,1,2
BRDA:2407,288,0,0
BRDA:2407,288,1,2
BRF:586
BRH:396
end_of_record
TN:
SF:src\features\admin\services\dao-admin.js
FN:15,getCount
FN:16,(anonymous_1)
FN:21,(anonymous_2)
FN:41,insertImmagine
FN:48,(anonymous_4)
FN:84,deleteImmaginiByEntita
FN:85,(anonymous_6)
FN:102,(anonymous_7)
FN:131,countSquadreByCampionato
FN:132,(anonymous_9)
FN:151,countNotiziePubblicate
FN:152,(anonymous_11)
FN:171,countEventiPubblicati
FN:172,(anonymous_13)
FNF:14
FNH:14
FNDA:3,getCount
FNDA:3,(anonymous_1)
FNDA:2,(anonymous_2)
FNDA:2,insertImmagine
FNDA:2,(anonymous_4)
FNDA:2,deleteImmaginiByEntita
FNDA:2,(anonymous_6)
FNDA:1,(anonymous_7)
FNDA:2,countSquadreByCampionato
FNDA:2,(anonymous_9)
FNDA:2,countNotiziePubblicate
FNDA:2,(anonymous_11)
FNDA:2,countEventiPubblicati
FNDA:2,(anonymous_13)
DA:3,4
DA:16,3
DA:17,3
DA:19,3
DA:20,3
DA:21,3
DA:23,3
DA:24,2
DA:26,1
DA:27,1
DA:48,2
DA:49,2
DA:50,2
DA:53,2
DA:55,2
DA:65,1
DA:66,1
DA:72,1
DA:73,1
DA:85,2
DA:86,2
DA:89,2
DA:91,2
DA:95,1
DA:98,1
DA:101,1
DA:102,1
DA:103,1
DA:104,1
DA:105,1
DA:112,1
DA:113,1
DA:118,1
DA:120,1
DA:121,1
DA:132,2
DA:133,2
DA:135,2
DA:136,2
DA:137,1
DA:139,1
DA:140,1
DA:152,2
DA:153,2
DA:155,2
DA:156,2
DA:157,1
DA:159,1
DA:160,1
DA:172,2
DA:173,2
DA:178,2
DA:179,2
DA:180,1
DA:182,1
DA:183,1
DA:188,4
LF:57
LH:57
BRDA:24,0,0,1
BRDA:24,0,1,1
BRDA:24,1,0,1
BRDA:24,1,1,0
BRDA:46,2,0,1
BRDA:98,3,0,1
BRDA:98,3,1,0
BRDA:98,4,0,1
BRDA:98,4,1,1
BRDA:103,5,0,1
BRDA:103,5,1,0
BRDA:137,6,0,1
BRDA:137,6,1,0
BRDA:137,7,0,1
BRDA:137,7,1,0
BRDA:157,8,0,1
BRDA:157,8,1,0
BRDA:157,9,0,1
BRDA:157,9,1,0
BRDA:180,10,0,1
BRDA:180,10,1,0
BRDA:180,11,0,1
BRDA:180,11,1,0
BRF:23
BRH:14
end_of_record
TN:
SF:src\features\campionati\services\dao-campionati.js
FN:33,(anonymous_0)
FN:59,(anonymous_1)
FN:67,(anonymous_2)
FN:68,(anonymous_3)
FN:96,(anonymous_4)
FN:105,(anonymous_5)
FN:106,(anonymous_6)
FN:135,(anonymous_7)
FN:143,(anonymous_8)
FN:144,(anonymous_9)
FN:184,(anonymous_10)
FN:212,(anonymous_11)
FN:213,(anonymous_12)
FN:250,(anonymous_13)
FN:279,(anonymous_14)
FN:280,(anonymous_15)
FN:313,(anonymous_16)
FN:316,(anonymous_17)
FN:317,(anonymous_18)
FN:347,(anonymous_19)
FN:354,(anonymous_20)
FN:355,(anonymous_21)
FN:389,(anonymous_22)
FN:396,(anonymous_23)
FN:397,(anonymous_24)
FN:412,(anonymous_25)
FN:413,(anonymous_26)
FN:421,(anonymous_27)
FN:480,(anonymous_28)
FN:505,(anonymous_29)
FN:506,(anonymous_30)
FN:532,(anonymous_31)
FN:536,(anonymous_32)
FN:537,(anonymous_33)
FN:566,(anonymous_34)
FN:575,(anonymous_35)
FN:576,(anonymous_36)
FN:600,(anonymous_37)
FN:631,(anonymous_38)
FN:632,(anonymous_39)
FNF:40
FNH:0
FNDA:0,(anonymous_0)
FNDA:0,(anonymous_1)
FNDA:0,(anonymous_2)
FNDA:0,(anonymous_3)
FNDA:0,(anonymous_4)
FNDA:0,(anonymous_5)
FNDA:0,(anonymous_6)
FNDA:0,(anonymous_7)
FNDA:0,(anonymous_8)
FNDA:0,(anonymous_9)
FNDA:0,(anonymous_10)
FNDA:0,(anonymous_11)
FNDA:0,(anonymous_12)
FNDA:0,(anonymous_13)
FNDA:0,(anonymous_14)
FNDA:0,(anonymous_15)
FNDA:0,(anonymous_16)
FNDA:0,(anonymous_17)
FNDA:0,(anonymous_18)
FNDA:0,(anonymous_19)
FNDA:0,(anonymous_20)
FNDA:0,(anonymous_21)
FNDA:0,(anonymous_22)
FNDA:0,(anonymous_23)
FNDA:0,(anonymous_24)
FNDA:0,(anonymous_25)
FNDA:0,(anonymous_26)
FNDA:0,(anonymous_27)
FNDA:0,(anonymous_28)
FNDA:0,(anonymous_29)
FNDA:0,(anonymous_30)
FNDA:0,(anonymous_31)
FNDA:0,(anonymous_32)
FNDA:0,(anonymous_33)
FNDA:0,(anonymous_34)
FNDA:0,(anonymous_35)
FNDA:0,(anonymous_36)
FNDA:0,(anonymous_37)
FNDA:0,(anonymous_38)
FNDA:0,(anonymous_39)
DA:9,2
DA:10,2
DA:33,2
DA:34,0
DA:59,2
DA:60,0
DA:67,0
DA:68,0
DA:69,0
DA:70,0
DA:71,0
DA:76,0
DA:77,0
DA:78,0
DA:80,0
DA:81,0
DA:96,2
DA:97,0
DA:105,0
DA:106,0
DA:107,0
DA:108,0
DA:109,0
DA:114,0
DA:115,0
DA:116,0
DA:118,0
DA:119,0
DA:135,2
DA:136,0
DA:143,0
DA:144,0
DA:145,0
DA:146,0
DA:147,0
DA:152,0
DA:153,0
DA:154,0
DA:156,0
DA:157,0
DA:184,2
DA:185,0
DA:192,0
DA:211,0
DA:212,0
DA:213,0
DA:214,0
DA:215,0
DA:216,0
DA:222,0
DA:250,2
DA:251,0
DA:259,0
DA:279,0
DA:280,0
DA:281,0
DA:282,0
DA:283,0
DA:289,0
DA:290,0
DA:291,0
DA:294,0
DA:313,2
DA:314,0
DA:316,0
DA:317,0
DA:318,0
DA:319,0
DA:320,0
DA:326,0
DA:327,0
DA:328,0
DA:331,0
DA:347,2
DA:348,0
DA:354,0
DA:355,0
DA:356,0
DA:357,0
DA:358,0
DA:366,0
DA:367,0
DA:368,0
DA:371,0
DA:389,2
DA:391,0
DA:396,0
DA:397,0
DA:398,0
DA:399,0
DA:400,0
DA:402,0
DA:406,0
DA:412,0
DA:413,0
DA:414,0
DA:415,0
DA:416,0
DA:418,0
DA:421,0
DA:422,0
DA:423,0
DA:424,0
DA:425,0
DA:429,0
DA:430,0
DA:435,0
DA:436,0
DA:440,0
DA:443,0
DA:450,0
DA:452,0
DA:453,0
DA:480,2
DA:481,0
DA:488,0
DA:504,0
DA:505,0
DA:506,0
DA:507,0
DA:508,0
DA:509,0
DA:513,0
DA:532,2
DA:534,0
DA:536,0
DA:537,0
DA:538,0
DA:539,0
DA:540,0
DA:546,0
DA:547,0
DA:548,0
DA:551,0
DA:566,2
DA:567,0
DA:575,0
DA:576,0
DA:577,0
DA:578,0
DA:579,0
DA:583,0
DA:600,2
DA:605,0
DA:613,0
DA:631,0
DA:632,0
DA:633,0
DA:634,0
DA:635,0
DA:641,0
DA:642,0
DA:643,0
DA:646,0
LF:154
LH:15
BRDA:69,0,0,0
BRDA:69,0,1,0
BRDA:77,1,0,0
BRDA:77,1,1,0
BRDA:107,2,0,0
BRDA:107,2,1,0
BRDA:115,3,0,0
BRDA:115,3,1,0
BRDA:145,4,0,0
BRDA:145,4,1,0
BRDA:153,5,0,0
BRDA:153,5,1,0
BRDA:195,6,0,0
BRDA:195,6,1,0
BRDA:196,7,0,0
BRDA:196,7,1,0
BRDA:197,8,0,0
BRDA:197,8,1,0
BRDA:198,9,0,0
BRDA:198,9,1,0
BRDA:199,10,0,0
BRDA:199,10,1,0
BRDA:203,11,0,0
BRDA:203,11,1,0
BRDA:204,12,0,0
BRDA:204,12,1,0
BRDA:205,13,0,0
BRDA:205,13,1,0
BRDA:206,14,0,0
BRDA:206,14,1,0
BRDA:207,15,0,0
BRDA:207,15,1,0
BRDA:208,16,0,0
BRDA:208,16,1,0
BRDA:214,17,0,0
BRDA:214,17,1,0
BRDA:262,18,0,0
BRDA:262,18,1,0
BRDA:263,19,0,0
BRDA:263,19,1,0
BRDA:264,20,0,0
BRDA:264,20,1,0
BRDA:265,21,0,0
BRDA:265,21,1,0
BRDA:266,22,0,0
BRDA:266,22,1,0
BRDA:270,23,0,0
BRDA:270,23,1,0
BRDA:271,24,0,0
BRDA:271,24,1,0
BRDA:272,25,0,0
BRDA:272,25,1,0
BRDA:273,26,0,0
BRDA:273,26,1,0
BRDA:274,27,0,0
BRDA:274,27,1,0
BRDA:275,28,0,0
BRDA:275,28,1,0
BRDA:281,29,0,0
BRDA:281,29,1,0
BRDA:289,30,0,0
BRDA:289,30,1,0
BRDA:289,31,0,0
BRDA:289,31,1,0
BRDA:290,32,0,0
BRDA:290,32,1,0
BRDA:318,33,0,0
BRDA:318,33,1,0
BRDA:326,34,0,0
BRDA:326,34,1,0
BRDA:326,35,0,0
BRDA:326,35,1,0
BRDA:327,36,0,0
BRDA:327,36,1,0
BRDA:355,37,0,0
BRDA:355,37,1,0
BRDA:356,38,0,0
BRDA:356,38,1,0
BRDA:366,39,0,0
BRDA:366,39,1,0
BRDA:366,40,0,0
BRDA:366,40,1,0
BRDA:367,41,0,0
BRDA:367,41,1,0
BRDA:398,42,0,0
BRDA:398,42,1,0
BRDA:402,43,0,0
BRDA:402,43,1,0
BRDA:414,44,0,0
BRDA:414,44,1,0
BRDA:421,45,0,0
BRDA:421,45,1,0
BRDA:423,46,0,0
BRDA:423,46,1,0
BRDA:423,47,0,0
BRDA:423,47,1,0
BRDA:425,48,0,0
BRDA:425,48,1,0
BRDA:426,49,0,0
BRDA:426,49,1,0
BRDA:426,50,0,0
BRDA:426,50,1,0
BRDA:427,51,0,0
BRDA:427,51,1,0
BRDA:430,52,0,0
BRDA:430,52,1,0
BRDA:431,53,0,0
BRDA:431,53,1,0
BRDA:431,53,2,0
BRDA:432,54,0,0
BRDA:432,54,1,0
BRDA:433,55,0,0
BRDA:433,55,1,0
BRDA:436,56,0,0
BRDA:436,56,1,0
BRDA:438,57,0,0
BRDA:438,57,1,0
BRDA:490,58,0,0
BRDA:490,58,1,0
BRDA:491,59,0,0
BRDA:491,59,1,0
BRDA:492,60,0,0
BRDA:492,60,1,0
BRDA:493,61,0,0
BRDA:493,61,1,0
BRDA:494,62,0,0
BRDA:494,62,1,0
BRDA:495,63,0,0
BRDA:495,63,1,0
BRDA:495,63,2,0
BRDA:496,64,0,0
BRDA:496,64,1,0
BRDA:496,64,2,0
BRDA:497,65,0,0
BRDA:497,65,1,0
BRDA:497,65,2,0
BRDA:498,66,0,0
BRDA:498,66,1,0
BRDA:499,67,0,0
BRDA:499,67,1,0
BRDA:500,68,0,0
BRDA:500,68,1,0
BRDA:501,69,0,0
BRDA:501,69,1,0
BRDA:501,70,0,0
BRDA:501,70,1,0
BRDA:507,71,0,0
BRDA:507,71,1,0
BRDA:538,72,0,0
BRDA:538,72,1,0
BRDA:546,73,0,0
BRDA:546,73,1,0
BRDA:546,74,0,0
BRDA:546,74,1,0
BRDA:547,75,0,0
BRDA:547,75,1,0
BRDA:577,76,0,0
BRDA:577,76,1,0
BRDA:583,77,0,0
BRDA:583,77,1,0
BRDA:614,78,0,0
BRDA:614,78,1,0
BRDA:615,79,0,0
BRDA:615,79,1,0
BRDA:616,80,0,0
BRDA:616,80,1,0
BRDA:617,81,0,0
BRDA:617,81,1,0
BRDA:617,81,2,0
BRDA:618,82,0,0
BRDA:618,82,1,0
BRDA:618,82,2,0
BRDA:619,83,0,0
BRDA:619,83,1,0
BRDA:619,83,2,0
BRDA:620,84,0,0
BRDA:620,84,1,0
BRDA:620,84,2,0
BRDA:621,85,0,0
BRDA:621,85,1,0
BRDA:621,85,2,0
BRDA:622,86,0,0
BRDA:622,86,1,0
BRDA:622,86,2,0
BRDA:623,87,0,0
BRDA:623,87,1,0
BRDA:624,88,0,0
BRDA:624,88,1,0
BRDA:625,89,0,0
BRDA:625,89,1,0
BRDA:626,90,0,0
BRDA:626,90,1,0
BRDA:626,91,0,0
BRDA:626,91,1,0
BRDA:633,92,0,0
BRDA:633,92,1,0
BRDA:641,93,0,0
BRDA:641,93,1,0
BRDA:641,94,0,0
BRDA:641,94,1,0
BRDA:642,95,0,0
BRDA:642,95,1,0
BRF:202
BRH:0
end_of_record
TN:
SF:src\features\eventi\services\dao-eventi.js
FN:17,(anonymous_0)
FN:41,(anonymous_1)
FN:42,(anonymous_2)
FN:57,(anonymous_3)
FN:63,(anonymous_4)
FN:81,(anonymous_5)
FN:82,(anonymous_6)
FN:96,(anonymous_7)
FN:104,(anonymous_8)
FN:123,(anonymous_9)
FN:134,(anonymous_10)
FN:135,(anonymous_11)
FN:153,(anonymous_12)
FN:172,(anonymous_13)
FN:179,(anonymous_14)
FN:195,(anonymous_15)
FN:213,(anonymous_16)
FN:220,(anonymous_17)
FN:237,(anonymous_18)
FN:259,(anonymous_19)
FN:261,(anonymous_20)
FN:262,(anonymous_21)
FN:292,(anonymous_22)
FN:296,(anonymous_23)
FN:297,(anonymous_24)
FN:327,(anonymous_25)
FN:329,(anonymous_26)
FN:330,(anonymous_27)
FN:348,(anonymous_28)
FN:361,(anonymous_29)
FN:362,(anonymous_30)
FN:368,(anonymous_31)
FN:386,(anonymous_32)
FN:396,(anonymous_33)
FN:397,(anonymous_34)
FN:405,(anonymous_35)
FN:417,(anonymous_36)
FN:428,(anonymous_37)
FN:429,(anonymous_38)
FN:435,(anonymous_39)
FNF:40
FNH:18
FNDA:3,(anonymous_0)
FNDA:3,(anonymous_1)
FNDA:3,(anonymous_2)
FNDA:3,(anonymous_3)
FNDA:2,(anonymous_4)
FNDA:0,(anonymous_5)
FNDA:0,(anonymous_6)
FNDA:0,(anonymous_7)
FNDA:0,(anonymous_8)
FNDA:3,(anonymous_9)
FNDA:3,(anonymous_10)
FNDA:3,(anonymous_11)
FNDA:1,(anonymous_12)
FNDA:3,(anonymous_13)
FNDA:3,(anonymous_14)
FNDA:3,(anonymous_15)
FNDA:3,(anonymous_16)
FNDA:3,(anonymous_17)
FNDA:3,(anonymous_18)
FNDA:3,(anonymous_19)
FNDA:3,(anonymous_20)
FNDA:3,(anonymous_21)
FNDA:0,(anonymous_22)
FNDA:0,(anonymous_23)
FNDA:0,(anonymous_24)
FNDA:0,(anonymous_25)
FNDA:0,(anonymous_26)
FNDA:0,(anonymous_27)
FNDA:0,(anonymous_28)
FNDA:0,(anonymous_29)
FNDA:0,(anonymous_30)
FNDA:0,(anonymous_31)
FNDA:0,(anonymous_32)
FNDA:0,(anonymous_33)
FNDA:0,(anonymous_34)
FNDA:0,(anonymous_35)
FNDA:0,(anonymous_36)
FNDA:0,(anonymous_37)
FNDA:0,(anonymous_38)
FNDA:0,(anonymous_39)
DA:14,4
DA:15,4
DA:17,4
DA:18,3
DA:41,4
DA:42,3
DA:46,3
DA:57,3
DA:58,3
DA:59,1
DA:60,1
DA:63,2
DA:64,2
DA:66,2
DA:67,0
DA:69,2
DA:71,2
DA:81,4
DA:82,0
DA:85,0
DA:96,0
DA:97,0
DA:98,0
DA:99,0
DA:104,0
DA:105,0
DA:107,0
DA:108,0
DA:110,0
DA:112,0
DA:123,4
DA:124,3
DA:134,3
DA:135,3
DA:136,3
DA:137,1
DA:138,1
DA:140,2
DA:141,1
DA:144,1
DA:146,1
DA:147,0
DA:152,1
DA:153,1
DA:154,1
DA:155,0
DA:156,0
DA:158,1
DA:160,1
DA:172,4
DA:173,3
DA:179,3
DA:180,3
DA:196,3
DA:197,1
DA:198,1
DA:200,2
DA:213,4
DA:214,3
DA:220,3
DA:221,3
DA:238,3
DA:239,1
DA:240,1
DA:243,2
DA:244,2
DA:245,0
DA:247,2
DA:259,4
DA:260,3
DA:261,3
DA:262,3
DA:263,3
DA:264,1
DA:265,1
DA:269,2
DA:272,2
DA:278,2
DA:279,0
DA:281,2
DA:292,4
DA:295,0
DA:296,0
DA:297,0
DA:298,0
DA:299,0
DA:300,0
DA:305,0
DA:306,0
DA:312,0
DA:313,0
DA:315,0
DA:327,4
DA:328,0
DA:329,0
DA:330,0
DA:331,0
DA:332,0
DA:333,0
DA:336,0
DA:337,0
DA:348,4
DA:349,0
DA:361,0
DA:362,0
DA:363,0
DA:364,0
DA:365,0
DA:368,0
DA:369,0
DA:370,0
DA:371,0
DA:373,0
DA:375,0
DA:386,4
DA:387,0
DA:396,0
DA:397,0
DA:398,0
DA:399,0
DA:400,0
DA:405,0
DA:406,0
DA:407,0
DA:408,0
DA:410,0
DA:412,0
DA:417,4
DA:418,0
DA:428,0
DA:429,0
DA:430,0
DA:431,0
DA:432,0
DA:435,0
DA:436,0
DA:437,0
DA:438,0
DA:440,0
DA:442,0
LF:140
LH:67
BRDA:58,0,0,1
BRDA:58,0,1,2
BRDA:63,1,0,2
BRDA:63,1,1,0
BRDA:66,2,0,0
BRDA:66,2,1,2
BRDA:97,3,0,0
BRDA:97,3,1,0
BRDA:104,4,0,0
BRDA:104,4,1,0
BRDA:107,5,0,0
BRDA:107,5,1,0
BRDA:136,6,0,1
BRDA:136,6,1,2
BRDA:140,7,0,1
BRDA:140,7,1,1
BRDA:146,8,0,0
BRDA:146,8,1,1
BRDA:154,9,0,0
BRDA:154,9,1,1
BRDA:158,10,0,1
BRDA:158,10,1,0
BRDA:193,11,0,3
BRDA:193,11,1,0
BRDA:196,12,0,1
BRDA:196,12,1,2
BRDA:234,13,0,2
BRDA:234,13,1,1
BRDA:238,14,0,1
BRDA:238,14,1,2
BRDA:243,15,0,2
BRDA:243,15,1,0
BRDA:243,16,0,2
BRDA:243,16,1,2
BRDA:244,17,0,0
BRDA:244,17,1,2
BRDA:263,18,0,1
BRDA:263,18,1,2
BRDA:269,19,0,2
BRDA:269,19,1,0
BRDA:269,20,0,2
BRDA:269,20,1,2
BRDA:278,21,0,0
BRDA:278,21,1,2
BRDA:298,22,0,0
BRDA:298,22,1,0
BRDA:305,23,0,0
BRDA:305,23,1,0
BRDA:305,24,0,0
BRDA:305,24,1,0
BRDA:312,25,0,0
BRDA:312,25,1,0
BRDA:331,26,0,0
BRDA:331,26,1,0
BRDA:336,27,0,0
BRDA:336,27,1,0
BRDA:336,28,0,0
BRDA:336,28,1,0
BRDA:363,29,0,0
BRDA:363,29,1,0
BRDA:368,30,0,0
BRDA:368,30,1,0
BRDA:370,31,0,0
BRDA:370,31,1,0
BRDA:398,32,0,0
BRDA:398,32,1,0
BRDA:405,33,0,0
BRDA:405,33,1,0
BRDA:407,34,0,0
BRDA:407,34,1,0
BRDA:430,35,0,0
BRDA:430,35,1,0
BRDA:435,36,0,0
BRDA:435,36,1,0
BRDA:437,37,0,0
BRDA:437,37,1,0
BRF:76
BRH:28
end_of_record
TN:
SF:src\features\galleria\services\dao-galleria.js
FN:12,(anonymous_0)
FN:43,(anonymous_1)
FN:45,(anonymous_2)
FN:46,(anonymous_3)
FN:64,(anonymous_4)
FN:66,(anonymous_5)
FN:67,(anonymous_6)
FN:89,(anonymous_7)
FN:97,(anonymous_8)
FN:101,(anonymous_9)
FN:124,(anonymous_10)
FN:127,(anonymous_11)
FN:129,(anonymous_12)
FN:152,(anonymous_13)
FN:153,(anonymous_14)
FN:156,(anonymous_15)
FN:173,(anonymous_16)
FN:199,(anonymous_17)
FN:201,(anonymous_18)
FN:204,(anonymous_19)
FN:214,(anonymous_20)
FN:233,(anonymous_21)
FN:235,(anonymous_22)
FN:236,(anonymous_23)
FN:256,(anonymous_24)
FN:259,(anonymous_25)
FN:264,(anonymous_26)
FNF:27
FNH:27
FNDA:2,(anonymous_0)
FNDA:3,(anonymous_1)
FNDA:3,(anonymous_2)
FNDA:3,(anonymous_3)
FNDA:3,(anonymous_4)
FNDA:3,(anonymous_5)
FNDA:3,(anonymous_6)
FNDA:2,(anonymous_7)
FNDA:2,(anonymous_8)
FNDA:2,(anonymous_9)
FNDA:3,(anonymous_10)
FNDA:3,(anonymous_11)
FNDA:3,(anonymous_12)
FNDA:5,(anonymous_13)
FNDA:5,(anonymous_14)
FNDA:5,(anonymous_15)
FNDA:3,(anonymous_16)
FNDA:2,(anonymous_17)
FNDA:1,(anonymous_18)
FNDA:2,(anonymous_19)
FNDA:2,(anonymous_20)
FNDA:2,(anonymous_21)
FNDA:2,(anonymous_22)
FNDA:2,(anonymous_23)
FNDA:2,(anonymous_24)
FNDA:2,(anonymous_25)
FNDA:2,(anonymous_26)
DA:9,2
DA:10,2
DA:12,2
DA:14,2
DA:16,2
DA:18,2
DA:19,0
DA:20,2
DA:22,2
DA:25,2
DA:43,2
DA:44,3
DA:45,3
DA:46,3
DA:47,3
DA:48,1
DA:49,1
DA:53,2
DA:64,2
DA:65,3
DA:66,3
DA:67,3
DA:68,3
DA:69,1
DA:70,1
DA:74,2
DA:75,1
DA:89,2
DA:96,2
DA:97,2
DA:98,2
DA:102,2
DA:103,1
DA:104,1
DA:110,1
DA:111,1
DA:124,2
DA:126,3
DA:127,3
DA:128,3
DA:129,3
DA:130,3
DA:131,1
DA:132,1
DA:137,2
DA:138,2
DA:139,1
DA:141,1
DA:152,2
DA:153,5
DA:155,5
DA:156,5
DA:157,5
DA:158,1
DA:159,1
DA:163,4
DA:164,1
DA:168,3
DA:169,3
DA:172,3
DA:173,3
DA:174,3
DA:175,1
DA:176,1
DA:181,2
DA:182,2
DA:183,1
DA:185,1
DA:199,2
DA:201,2
DA:202,1
DA:204,2
DA:205,2
DA:206,2
DA:210,2
DA:211,2
DA:213,2
DA:214,2
DA:215,2
DA:216,1
DA:217,1
DA:221,1
DA:233,2
DA:234,2
DA:235,2
DA:236,2
DA:237,2
DA:238,1
DA:239,1
DA:243,1
DA:256,2
DA:258,2
DA:259,2
DA:260,2
DA:261,2
DA:265,2
DA:266,1
DA:267,1
DA:272,1
LF:99
LH:98
BRDA:14,0,0,2
BRDA:14,0,1,0
BRDA:18,1,0,0
BRDA:18,1,1,2
BRDA:20,2,0,2
BRDA:20,2,1,0
BRDA:20,3,0,2
BRDA:20,3,1,2
BRDA:47,4,0,1
BRDA:47,4,1,2
BRDA:53,5,0,2
BRDA:53,5,1,0
BRDA:68,6,0,1
BRDA:68,6,1,2
BRDA:74,7,0,1
BRDA:74,7,1,1
BRDA:93,8,0,1
BRDA:102,9,0,1
BRDA:102,9,1,1
BRDA:110,10,0,1
BRDA:110,10,1,0
BRDA:110,11,0,1
BRDA:110,11,1,1
BRDA:110,11,2,1
BRDA:130,12,0,1
BRDA:130,12,1,2
BRDA:137,13,0,2
BRDA:137,13,1,0
BRDA:137,14,0,2
BRDA:137,14,1,2
BRDA:138,15,0,1
BRDA:138,15,1,1
BRDA:157,16,0,1
BRDA:157,16,1,4
BRDA:163,17,0,1
BRDA:163,17,1,3
BRDA:174,18,0,1
BRDA:174,18,1,2
BRDA:181,19,0,2
BRDA:181,19,1,0
BRDA:181,20,0,2
BRDA:181,20,1,2
BRDA:182,21,0,1
BRDA:182,21,1,1
BRDA:215,22,0,1
BRDA:215,22,1,1
BRDA:237,23,0,1
BRDA:237,23,1,1
BRDA:265,24,0,1
BRDA:265,24,1,1
BRF:50
BRH:43
end_of_record
TN:
SF:src\features\notizie\services\dao-notizie.js
FN:12,(anonymous_0)
FN:68,(anonymous_1)
FN:76,(anonymous_2)
FN:77,(anonymous_3)
FN:84,(anonymous_4)
FN:100,(anonymous_5)
FN:110,(anonymous_6)
FN:111,(anonymous_7)
FN:118,(anonymous_8)
FN:133,(anonymous_9)
FN:141,(anonymous_10)
FN:142,(anonymous_11)
FN:161,(anonymous_12)
FN:163,(anonymous_13)
FN:164,(anonymous_14)
FN:173,(anonymous_15)
FN:199,(anonymous_16)
FN:201,(anonymous_17)
FN:202,(anonymous_18)
FN:222,(anonymous_19)
FN:227,(anonymous_20)
FN:239,(anonymous_21)
FN:258,(anonymous_22)
FN:264,(anonymous_23)
FN:276,(anonymous_24)
FN:294,(anonymous_25)
FN:301,(anonymous_26)
FN:302,(anonymous_27)
FN:321,(anonymous_28)
FN:331,(anonymous_29)
FN:332,(anonymous_30)
FN:352,(anonymous_31)
FN:375,(anonymous_32)
FN:418,(anonymous_33)
FN:419,(anonymous_34)
FN:428,(anonymous_35)
FN:442,(anonymous_36)
FN:450,(anonymous_37)
FN:451,(anonymous_38)
FN:457,(anonymous_39)
FN:458,(anonymous_40)
FN:470,(anonymous_41)
FN:479,(anonymous_42)
FN:480,(anonymous_43)
FN:489,(anonymous_44)
FNF:45
FNH:25
FNDA:4,(anonymous_0)
FNDA:3,(anonymous_1)
FNDA:3,(anonymous_2)
FNDA:3,(anonymous_3)
FNDA:2,(anonymous_4)
FNDA:2,(anonymous_5)
FNDA:2,(anonymous_6)
FNDA:2,(anonymous_7)
FNDA:1,(anonymous_8)
FNDA:3,(anonymous_9)
FNDA:3,(anonymous_10)
FNDA:3,(anonymous_11)
FNDA:1,(anonymous_12)
FNDA:1,(anonymous_13)
FNDA:1,(anonymous_14)
FNDA:1,(anonymous_15)
FNDA:3,(anonymous_16)
FNDA:3,(anonymous_17)
FNDA:3,(anonymous_18)
FNDA:3,(anonymous_19)
FNDA:3,(anonymous_20)
FNDA:3,(anonymous_21)
FNDA:2,(anonymous_22)
FNDA:2,(anonymous_23)
FNDA:2,(anonymous_24)
FNDA:0,(anonymous_25)
FNDA:0,(anonymous_26)
FNDA:0,(anonymous_27)
FNDA:0,(anonymous_28)
FNDA:0,(anonymous_29)
FNDA:0,(anonymous_30)
FNDA:0,(anonymous_31)
FNDA:0,(anonymous_32)
FNDA:0,(anonymous_33)
FNDA:0,(anonymous_34)
FNDA:0,(anonymous_35)
FNDA:0,(anonymous_36)
FNDA:0,(anonymous_37)
FNDA:0,(anonymous_38)
FNDA:0,(anonymous_39)
FNDA:0,(anonymous_40)
FNDA:0,(anonymous_41)
FNDA:0,(anonymous_42)
FNDA:0,(anonymous_43)
FNDA:0,(anonymous_44)
DA:9,4
DA:10,4
DA:12,4
DA:15,4
DA:17,4
DA:18,0
DA:22,0
DA:30,0
DA:34,4
DA:35,4
DA:36,0
DA:37,4
DA:38,0
DA:43,4
DA:68,4
DA:69,3
DA:76,3
DA:77,3
DA:78,3
DA:79,1
DA:80,1
DA:83,2
DA:84,2
DA:85,2
DA:87,0
DA:100,4
DA:101,2
DA:110,2
DA:111,2
DA:112,2
DA:113,1
DA:114,1
DA:117,1
DA:118,1
DA:119,1
DA:121,0
DA:133,4
DA:134,3
DA:141,3
DA:142,3
DA:143,3
DA:144,1
DA:146,2
DA:148,1
DA:150,1
DA:161,4
DA:162,1
DA:163,1
DA:164,1
DA:165,1
DA:166,0
DA:167,0
DA:170,1
DA:174,1
DA:175,0
DA:179,0
DA:181,1
DA:199,4
DA:200,3
DA:201,3
DA:202,3
DA:203,3
DA:204,1
DA:207,2
DA:208,2
DA:209,1
DA:211,1
DA:222,4
DA:223,3
DA:227,3
DA:228,3
DA:240,3
DA:241,1
DA:244,2
DA:245,2
DA:258,4
DA:259,2
DA:264,2
DA:265,2
DA:277,2
DA:278,1
DA:281,1
DA:282,1
DA:294,4
DA:295,0
DA:301,0
DA:302,0
DA:303,0
DA:304,0
DA:309,0
DA:310,0
DA:321,4
DA:322,0
DA:331,0
DA:332,0
DA:333,0
DA:334,0
DA:335,0
DA:338,0
DA:339,0
DA:343,0
DA:344,0
DA:352,0
DA:354,0
DA:358,0
DA:360,0
DA:361,0
DA:375,4
DA:380,0
DA:388,0
DA:391,0
DA:392,0
DA:393,0
DA:394,0
DA:398,0
DA:399,0
DA:400,0
DA:404,0
DA:405,0
DA:406,0
DA:410,0
DA:411,0
DA:412,0
DA:415,0
DA:416,0
DA:418,0
DA:419,0
DA:420,0
DA:421,0
DA:422,0
DA:427,0
DA:428,0
DA:429,0
DA:431,0
DA:442,4
DA:443,0
DA:450,0
DA:451,0
DA:452,0
DA:453,0
DA:454,0
DA:456,0
DA:457,0
DA:458,0
DA:459,0
DA:470,4
DA:471,0
DA:479,0
DA:480,0
DA:481,0
DA:482,0
DA:483,0
DA:488,0
DA:489,0
DA:490,0
DA:492,0
LF:156
LH:77
BRDA:15,0,0,4
BRDA:15,0,1,3
BRDA:15,0,2,3
BRDA:17,1,0,0
BRDA:17,1,1,4
BRDA:23,2,0,0
BRDA:23,2,1,0
BRDA:23,2,2,0
BRDA:35,3,0,0
BRDA:35,3,1,4
BRDA:35,4,0,4
BRDA:35,4,1,4
BRDA:36,5,0,0
BRDA:36,5,1,0
BRDA:36,6,0,0
BRDA:36,6,1,0
BRDA:37,7,0,0
BRDA:37,7,1,4
BRDA:37,8,0,4
BRDA:37,8,1,4
BRDA:37,8,2,4
BRDA:39,9,0,0
BRDA:39,9,1,0
BRDA:39,9,2,0
BRDA:45,10,0,4
BRDA:45,10,1,4
BRDA:45,10,2,4
BRDA:46,11,0,4
BRDA:46,11,1,4
BRDA:46,11,2,4
BRDA:48,12,0,4
BRDA:48,12,1,4
BRDA:49,13,0,4
BRDA:49,13,1,4
BRDA:49,13,2,4
BRDA:51,14,0,4
BRDA:51,14,1,4
BRDA:51,14,2,4
BRDA:53,15,0,4
BRDA:53,15,1,4
BRDA:53,15,2,4
BRDA:54,16,0,4
BRDA:54,16,1,4
BRDA:54,16,2,4
BRDA:55,17,0,4
BRDA:55,17,1,4
BRDA:55,17,2,4
BRDA:58,18,0,4
BRDA:58,18,1,4
BRDA:58,18,2,4
BRDA:59,19,0,4
BRDA:59,19,1,4
BRDA:59,19,2,4
BRDA:59,19,3,4
BRDA:60,20,0,4
BRDA:60,20,1,4
BRDA:60,20,2,4
BRDA:60,20,3,4
BRDA:78,21,0,1
BRDA:78,21,1,2
BRDA:84,22,0,2
BRDA:84,22,1,0
BRDA:100,23,0,0
BRDA:100,24,0,0
BRDA:112,25,0,1
BRDA:112,25,1,1
BRDA:118,26,0,1
BRDA:118,26,1,0
BRDA:143,27,0,1
BRDA:143,27,1,2
BRDA:146,28,0,1
BRDA:146,28,1,1
BRDA:165,29,0,0
BRDA:165,29,1,1
BRDA:174,30,0,0
BRDA:174,30,1,1
BRDA:183,31,0,1
BRDA:183,31,1,0
BRDA:184,32,0,1
BRDA:184,32,1,0
BRDA:203,33,0,1
BRDA:203,33,1,2
BRDA:207,34,0,2
BRDA:207,34,1,0
BRDA:207,35,0,2
BRDA:207,35,1,2
BRDA:208,36,0,1
BRDA:208,36,1,1
BRDA:240,37,0,1
BRDA:240,37,1,2
BRDA:244,38,0,2
BRDA:244,38,1,0
BRDA:244,39,0,2
BRDA:244,39,1,2
BRDA:244,39,2,2
BRDA:272,40,0,2
BRDA:272,40,1,0
BRDA:273,41,0,2
BRDA:273,41,1,0
BRDA:277,42,0,1
BRDA:277,42,1,1
BRDA:281,43,0,1
BRDA:281,43,1,0
BRDA:281,44,0,1
BRDA:281,44,1,1
BRDA:303,45,0,0
BRDA:303,45,1,0
BRDA:309,46,0,0
BRDA:309,46,1,0
BRDA:309,47,0,0
BRDA:309,47,1,0
BRDA:333,48,0,0
BRDA:333,48,1,0
BRDA:341,49,0,0
BRDA:341,49,1,0
BRDA:343,50,0,0
BRDA:343,50,1,0
BRDA:343,51,0,0
BRDA:343,51,1,0
BRDA:352,52,0,0
BRDA:352,52,1,0
BRDA:352,53,0,0
BRDA:352,53,1,0
BRDA:376,54,0,0
BRDA:377,55,0,0
BRDA:378,56,0,0
BRDA:391,57,0,0
BRDA:391,57,1,0
BRDA:391,58,0,0
BRDA:391,58,1,0
BRDA:398,59,0,0
BRDA:398,59,1,0
BRDA:398,60,0,0
BRDA:398,60,1,0
BRDA:404,61,0,0
BRDA:404,61,1,0
BRDA:410,62,0,0
BRDA:410,62,1,0
BRDA:420,63,0,0
BRDA:420,63,1,0
BRDA:428,64,0,0
BRDA:428,64,1,0
BRDA:452,65,0,0
BRDA:452,65,1,0
BRDA:458,66,0,0
BRDA:458,66,1,0
BRDA:481,67,0,0
BRDA:481,67,1,0
BRDA:489,68,0,0
BRDA:489,68,1,0
BRF:150
BRH:79
end_of_record
TN:
SF:src\features\prenotazioni\services\dao-campi.js
FN:17,(anonymous_0)
FN:47,(anonymous_1)
FN:55,(anonymous_2)
FN:56,(anonymous_3)
FN:72,(anonymous_4)
FN:79,(anonymous_5)
FN:80,(anonymous_6)
FN:101,(anonymous_7)
FN:120,(anonymous_8)
FN:121,(anonymous_9)
FN:140,(anonymous_10)
FN:148,(anonymous_11)
FN:152,(anonymous_12)
FN:172,(anonymous_13)
FN:175,(anonymous_14)
FN:179,(anonymous_15)
FN:203,(anonymous_16)
FN:229,(anonymous_17)
FN:230,(anonymous_18)
FN:248,(anonymous_19)
FN:250,(anonymous_20)
FN:251,(anonymous_21)
FN:269,(anonymous_22)
FN:275,(anonymous_23)
FN:291,(anonymous_24)
FN:309,(anonymous_25)
FN:315,(anonymous_26)
FN:316,(anonymous_27)
FN:325,(anonymous_28)
FN:326,(anonymous_29)
FN:344,(anonymous_30)
FN:346,(anonymous_31)
FN:347,(anonymous_32)
FN:365,(anonymous_33)
FN:374,(anonymous_34)
FN:375,(anonymous_35)
FNF:36
FNH:0
FNDA:0,(anonymous_0)
FNDA:0,(anonymous_1)
FNDA:0,(anonymous_2)
FNDA:0,(anonymous_3)
FNDA:0,(anonymous_4)
FNDA:0,(anonymous_5)
FNDA:0,(anonymous_6)
FNDA:0,(anonymous_7)
FNDA:0,(anonymous_8)
FNDA:0,(anonymous_9)
FNDA:0,(anonymous_10)
FNDA:0,(anonymous_11)
FNDA:0,(anonymous_12)
FNDA:0,(anonymous_13)
FNDA:0,(anonymous_14)
FNDA:0,(anonymous_15)
FNDA:0,(anonymous_16)
FNDA:0,(anonymous_17)
FNDA:0,(anonymous_18)
FNDA:0,(anonymous_19)
FNDA:0,(anonymous_20)
FNDA:0,(anonymous_21)
FNDA:0,(anonymous_22)
FNDA:0,(anonymous_23)
FNDA:0,(anonymous_24)
FNDA:0,(anonymous_25)
FNDA:0,(anonymous_26)
FNDA:0,(anonymous_27)
FNDA:0,(anonymous_28)
FNDA:0,(anonymous_29)
FNDA:0,(anonymous_30)
FNDA:0,(anonymous_31)
FNDA:0,(anonymous_32)
FNDA:0,(anonymous_33)
FNDA:0,(anonymous_34)
FNDA:0,(anonymous_35)
DA:9,3
DA:10,3
DA:17,3
DA:18,0
DA:47,3
DA:48,0
DA:55,0
DA:56,0
DA:57,0
DA:58,0
DA:59,0
DA:61,0
DA:72,3
DA:73,0
DA:79,0
DA:80,0
DA:81,0
DA:82,0
DA:83,0
DA:85,0
DA:86,0
DA:88,0
DA:101,3
DA:103,0
DA:104,0
DA:106,0
DA:115,0
DA:117,0
DA:120,0
DA:121,0
DA:122,0
DA:123,0
DA:124,0
DA:126,0
DA:140,3
DA:147,0
DA:148,0
DA:149,0
DA:153,0
DA:154,0
DA:155,0
DA:157,0
DA:172,3
DA:174,0
DA:175,0
DA:176,0
DA:180,0
DA:181,0
DA:182,0
DA:186,0
DA:187,0
DA:203,3
DA:204,0
DA:205,0
DA:207,0
DA:208,0
DA:209,0
DA:211,0
DA:212,0
DA:213,0
DA:215,0
DA:216,0
DA:217,0
DA:220,0
DA:221,0
DA:224,0
DA:225,0
DA:227,0
DA:229,0
DA:230,0
DA:231,0
DA:232,0
DA:233,0
DA:236,0
DA:237,0
DA:248,3
DA:249,0
DA:250,0
DA:251,0
DA:252,0
DA:253,0
DA:254,0
DA:257,0
DA:258,0
DA:269,3
DA:270,0
DA:275,0
DA:276,0
DA:292,0
DA:293,0
DA:294,0
DA:296,0
DA:309,3
DA:310,0
DA:311,0
DA:312,0
DA:315,0
DA:316,0
DA:317,0
DA:318,0
DA:320,0
DA:322,0
DA:324,0
DA:325,0
DA:326,0
DA:327,0
DA:328,0
DA:329,0
DA:332,0
DA:333,0
DA:344,3
DA:345,0
DA:346,0
DA:347,0
DA:348,0
DA:349,0
DA:350,0
DA:353,0
DA:354,0
DA:365,3
DA:366,0
DA:374,0
DA:375,0
DA:376,0
DA:377,0
DA:378,0
DA:380,0
LF:127
LH:14
BRDA:20,0,0,0
BRDA:20,0,1,0
BRDA:21,1,0,0
BRDA:21,1,1,0
BRDA:22,2,0,0
BRDA:22,2,1,0
BRDA:23,3,0,0
BRDA:23,3,1,0
BRDA:29,4,0,0
BRDA:29,4,1,0
BRDA:32,5,0,0
BRDA:32,5,1,0
BRDA:37,6,0,0
BRDA:37,6,1,0
BRDA:47,7,0,0
BRDA:52,8,0,0
BRDA:52,8,1,0
BRDA:57,9,0,0
BRDA:57,9,1,0
BRDA:61,10,0,0
BRDA:61,10,1,0
BRDA:81,11,0,0
BRDA:81,11,1,0
BRDA:85,12,0,0
BRDA:85,12,1,0
BRDA:101,13,0,0
BRDA:104,14,0,0
BRDA:104,14,1,0
BRDA:122,15,0,0
BRDA:122,15,1,0
BRDA:126,16,0,0
BRDA:126,16,1,0
BRDA:153,17,0,0
BRDA:153,17,1,0
BRDA:178,18,0,0
BRDA:178,18,1,0
BRDA:180,19,0,0
BRDA:180,19,1,0
BRDA:186,20,0,0
BRDA:186,20,1,0
BRDA:186,21,0,0
BRDA:186,21,1,0
BRDA:207,22,0,0
BRDA:207,22,1,0
BRDA:211,23,0,0
BRDA:211,23,1,0
BRDA:215,24,0,0
BRDA:215,24,1,0
BRDA:217,25,0,0
BRDA:217,25,1,0
BRDA:220,26,0,0
BRDA:220,26,1,0
BRDA:231,27,0,0
BRDA:231,27,1,0
BRDA:236,28,0,0
BRDA:236,28,1,0
BRDA:236,29,0,0
BRDA:236,29,1,0
BRDA:252,30,0,0
BRDA:252,30,1,0
BRDA:257,31,0,0
BRDA:257,31,1,0
BRDA:257,32,0,0
BRDA:257,32,1,0
BRDA:283,33,0,0
BRDA:283,33,1,0
BRDA:284,34,0,0
BRDA:284,34,1,0
BRDA:285,35,0,0
BRDA:285,35,1,0
BRDA:287,36,0,0
BRDA:287,36,1,0
BRDA:289,37,0,0
BRDA:289,37,1,0
BRDA:292,38,0,0
BRDA:292,38,1,0
BRDA:311,39,0,0
BRDA:311,39,1,0
BRDA:317,40,0,0
BRDA:317,40,1,0
BRDA:318,41,0,0
BRDA:318,41,1,0
BRDA:327,42,0,0
BRDA:327,42,1,0
BRDA:332,43,0,0
BRDA:332,43,1,0
BRDA:332,44,0,0
BRDA:332,44,1,0
BRDA:348,45,0,0
BRDA:348,45,1,0
BRDA:353,46,0,0
BRDA:353,46,1,0
BRDA:353,47,0,0
BRDA:353,47,1,0
BRDA:376,48,0,0
BRDA:376,48,1,0
BRDA:380,49,0,0
BRDA:380,49,1,0
BRF:98
BRH:0
end_of_record
TN:
SF:src\features\prenotazioni\services\dao-prenotazione.js
FN:14,(anonymous_0)
FN:18,(anonymous_1)
FN:34,(anonymous_2)
FN:58,(anonymous_3)
FN:80,(anonymous_4)
FN:94,(anonymous_5)
FN:104,(anonymous_6)
FN:105,(anonymous_7)
FN:106,(anonymous_8)
FN:110,(anonymous_9)
FN:113,(anonymous_10)
FN:117,(anonymous_11)
FN:148,(anonymous_12)
FN:173,(anonymous_13)
FN:181,(anonymous_14)
FN:204,(anonymous_15)
FN:207,(anonymous_16)
FN:210,(anonymous_17)
FN:214,toMin
FN:218,(anonymous_19)
FN:221,(anonymous_20)
FN:253,(anonymous_21)
FN:268,(anonymous_22)
FN:272,(anonymous_23)
FN:293,(anonymous_24)
FN:326,(anonymous_25)
FN:327,(anonymous_26)
FN:339,(anonymous_27)
FN:357,(anonymous_28)
FN:358,(anonymous_29)
FN:370,(anonymous_30)
FN:390,(anonymous_31)
FN:391,(anonymous_32)
FN:420,(anonymous_33)
FN:443,(anonymous_34)
FN:461,(anonymous_35)
FN:479,(anonymous_36)
FN:496,(anonymous_37)
FN:497,(anonymous_38)
FN:501,(anonymous_39)
FN:518,(anonymous_40)
FN:523,(anonymous_41)
FN:536,(anonymous_42)
FN:542,(anonymous_43)
FN:569,(anonymous_44)
FN:570,(anonymous_45)
FN:575,(anonymous_46)
FN:583,(anonymous_47)
FN:603,(anonymous_48)
FN:626,(anonymous_49)
FN:630,(anonymous_50)
FN:638,(anonymous_51)
FN:652,(anonymous_52)
FN:686,(anonymous_53)
FN:687,(anonymous_54)
FN:700,(anonymous_55)
FN:719,(anonymous_56)
FN:720,(anonymous_57)
FN:736,(anonymous_58)
FN:739,(anonymous_59)
FN:748,(anonymous_60)
FN:751,(anonymous_61)
FN:775,(anonymous_62)
FN:779,(anonymous_63)
FN:787,(anonymous_64)
FN:800,(anonymous_65)
FN:808,(anonymous_66)
FNF:67
FNH:36
FNDA:0,(anonymous_0)
FNDA:0,(anonymous_1)
FNDA:1,(anonymous_2)
FNDA:1,(anonymous_3)
FNDA:1,(anonymous_4)
FNDA:4,(anonymous_5)
FNDA:1,(anonymous_6)
FNDA:1,(anonymous_7)
FNDA:1,(anonymous_8)
FNDA:1,(anonymous_9)
FNDA:1,(anonymous_10)
FNDA:1,(anonymous_11)
FNDA:1,(anonymous_12)
FNDA:2,(anonymous_13)
FNDA:0,(anonymous_14)
FNDA:1,(anonymous_15)
FNDA:1,(anonymous_16)
FNDA:1,(anonymous_17)
FNDA:8,toMin
FNDA:2,(anonymous_19)
FNDA:2,(anonymous_20)
FNDA:3,(anonymous_21)
FNDA:3,(anonymous_22)
FNDA:3,(anonymous_23)
FNDA:2,(anonymous_24)
FNDA:0,(anonymous_25)
FNDA:0,(anonymous_26)
FNDA:0,(anonymous_27)
FNDA:0,(anonymous_28)
FNDA:0,(anonymous_29)
FNDA:0,(anonymous_30)
FNDA:2,(anonymous_31)
FNDA:2,(anonymous_32)
FNDA:2,(anonymous_33)
FNDA:0,(anonymous_34)
FNDA:0,(anonymous_35)
FNDA:0,(anonymous_36)
FNDA:0,(anonymous_37)
FNDA:0,(anonymous_38)
FNDA:0,(anonymous_39)
FNDA:0,(anonymous_40)
FNDA:0,(anonymous_41)
FNDA:0,(anonymous_42)
FNDA:0,(anonymous_43)
FNDA:1,(anonymous_44)
FNDA:1,(anonymous_45)
FNDA:1,(anonymous_46)
FNDA:1,(anonymous_47)
FNDA:1,(anonymous_48)
FNDA:0,(anonymous_49)
FNDA:0,(anonymous_50)
FNDA:0,(anonymous_51)
FNDA:0,(anonymous_52)
FNDA:0,(anonymous_53)
FNDA:0,(anonymous_54)
FNDA:0,(anonymous_55)
FNDA:1,(anonymous_56)
FNDA:1,(anonymous_57)
FNDA:1,(anonymous_58)
FNDA:2,(anonymous_59)
FNDA:2,(anonymous_60)
FNDA:1,(anonymous_61)
FNDA:0,(anonymous_62)
FNDA:0,(anonymous_63)
FNDA:0,(anonymous_64)
FNDA:0,(anonymous_65)
FNDA:0,(anonymous_66)
DA:11,2
DA:14,2
DA:15,0
DA:18,2
DA:19,0
DA:22,2
DA:23,2
DA:24,2
DA:25,2
DA:34,2
DA:35,1
DA:58,2
DA:59,1
DA:80,2
DA:81,1
DA:94,2
DA:96,4
DA:97,4
DA:98,3
DA:99,1
DA:100,1
DA:101,1
DA:104,2
DA:105,1
DA:106,1
DA:107,1
DA:109,1
DA:111,1
DA:113,1
DA:114,1
DA:118,1
DA:119,0
DA:120,0
DA:122,1
DA:125,1
DA:131,1
DA:148,2
DA:149,1
DA:151,1
DA:152,1
DA:157,1
DA:158,1
DA:159,1
DA:160,1
DA:164,1
DA:166,0
DA:170,0
DA:173,2
DA:179,1
DA:180,1
DA:181,0
DA:182,0
DA:184,0
DA:191,0
DA:197,1
DA:198,1
DA:199,1
DA:200,0
DA:204,1
DA:206,1
DA:207,1
DA:208,1
DA:209,1
DA:210,1
DA:215,8
DA:216,8
DA:218,1
DA:219,2
DA:220,2
DA:221,2
DA:222,2
DA:223,2
DA:224,2
DA:227,1
DA:228,1
DA:229,1
DA:230,1
DA:253,2
DA:267,3
DA:268,3
DA:269,3
DA:273,3
DA:274,3
DA:275,1
DA:277,2
DA:294,2
DA:296,1
DA:300,1
DA:304,0
DA:306,1
DA:326,2
DA:327,0
DA:328,0
DA:339,0
DA:340,0
DA:341,0
DA:345,0
DA:357,2
DA:358,0
DA:359,0
DA:370,0
DA:371,0
DA:372,0
DA:376,0
DA:390,2
DA:391,2
DA:392,2
DA:399,2
DA:400,1
DA:401,1
DA:402,1
DA:403,1
DA:405,1
DA:406,1
DA:407,1
DA:413,0
DA:416,0
DA:417,0
DA:420,2
DA:421,2
DA:422,0
DA:423,0
DA:426,2
DA:427,2
DA:430,2
DA:443,2
DA:460,0
DA:461,0
DA:462,0
DA:480,0
DA:482,0
DA:483,0
DA:496,2
DA:497,0
DA:498,0
DA:502,0
DA:504,0
DA:505,0
DA:518,2
DA:523,0
DA:525,0
DA:533,0
DA:537,0
DA:538,0
DA:542,0
DA:543,0
DA:544,0
DA:548,0
DA:551,0
DA:552,0
DA:555,0
DA:569,2
DA:570,1
DA:572,1
DA:576,1
DA:577,1
DA:581,1
DA:584,1
DA:585,0
DA:589,0
DA:592,1
DA:595,1
DA:600,1
DA:604,1
DA:605,1
DA:608,1
DA:626,2
DA:628,0
DA:630,0
DA:631,0
DA:638,0
DA:639,0
DA:640,0
DA:641,0
DA:645,0
DA:653,0
DA:654,0
DA:658,0
DA:662,0
DA:663,0
DA:667,0
DA:686,2
DA:687,0
DA:688,0
DA:700,0
DA:701,0
DA:702,0
DA:706,0
DA:719,2
DA:720,1
DA:722,1
DA:723,1
DA:724,1
DA:730,1
DA:736,1
DA:737,1
DA:739,2
DA:740,1
DA:741,0
DA:745,1
DA:748,2
DA:751,1
DA:752,1
DA:754,1
DA:755,1
DA:758,1
DA:775,2
DA:776,0
DA:779,0
DA:780,0
DA:788,0
DA:789,0
DA:794,0
DA:795,0
DA:800,0
DA:801,0
DA:809,0
DA:810,0
DA:815,0
DA:816,0
DA:824,0
DA:828,0
DA:832,2
LF:223
LH:133
BRDA:96,0,0,0
BRDA:96,0,1,4
BRDA:96,1,0,4
BRDA:96,1,1,4
BRDA:97,2,0,3
BRDA:97,2,1,1
BRDA:97,3,0,4
BRDA:97,3,1,3
BRDA:100,4,0,0
BRDA:100,4,1,1
BRDA:107,5,0,0
BRDA:107,5,1,1
BRDA:118,6,0,0
BRDA:118,6,1,1
BRDA:122,7,0,1
BRDA:122,7,1,0
BRDA:162,8,0,1
BRDA:162,8,1,0
BRDA:164,9,0,1
BRDA:164,9,1,0
BRDA:180,10,0,0
BRDA:180,10,1,1
BRDA:198,11,0,1
BRDA:198,11,1,0
BRDA:199,12,0,0
BRDA:199,12,1,1
BRDA:208,13,0,0
BRDA:208,13,1,1
BRDA:224,14,0,2
BRDA:224,14,1,1
BRDA:273,15,0,0
BRDA:273,15,1,3
BRDA:274,16,0,1
BRDA:274,16,1,2
BRDA:281,17,0,2
BRDA:281,17,1,2
BRDA:282,18,0,2
BRDA:282,18,1,2
BRDA:286,19,0,2
BRDA:286,19,1,2
BRDA:287,20,0,2
BRDA:287,20,1,2
BRDA:289,21,0,2
BRDA:289,21,1,2
BRDA:290,22,0,2
BRDA:290,22,1,2
BRDA:291,23,0,2
BRDA:291,23,1,2
BRDA:294,24,0,1
BRDA:294,24,1,1
BRDA:296,25,0,1
BRDA:296,25,1,0
BRDA:297,26,0,1
BRDA:297,26,1,0
BRDA:297,26,2,0
BRDA:340,27,0,0
BRDA:340,27,1,0
BRDA:345,28,0,0
BRDA:345,28,1,0
BRDA:371,29,0,0
BRDA:371,29,1,0
BRDA:390,30,0,1
BRDA:399,31,0,1
BRDA:399,31,1,1
BRDA:399,32,0,2
BRDA:399,32,1,1
BRDA:403,33,0,1
BRDA:403,33,1,0
BRDA:421,34,0,0
BRDA:421,34,1,2
BRDA:426,35,0,2
BRDA:426,35,1,0
BRDA:426,36,0,2
BRDA:426,36,1,2
BRDA:466,37,0,0
BRDA:466,37,1,0
BRDA:467,38,0,0
BRDA:467,38,1,0
BRDA:471,39,0,0
BRDA:471,39,1,0
BRDA:472,40,0,0
BRDA:472,40,1,0
BRDA:473,41,0,0
BRDA:473,41,1,0
BRDA:474,42,0,0
BRDA:474,42,1,0
BRDA:475,43,0,0
BRDA:475,43,1,0
BRDA:476,44,0,0
BRDA:476,44,1,0
BRDA:480,45,0,0
BRDA:480,45,1,0
BRDA:482,46,0,0
BRDA:482,46,1,0
BRDA:482,47,0,0
BRDA:482,47,1,0
BRDA:502,48,0,0
BRDA:502,48,1,0
BRDA:504,49,0,0
BRDA:504,49,1,0
BRDA:504,50,0,0
BRDA:504,50,1,0
BRDA:537,51,0,0
BRDA:537,51,1,0
BRDA:537,51,2,0
BRDA:543,52,0,0
BRDA:543,52,1,0
BRDA:551,53,0,0
BRDA:551,53,1,0
BRDA:551,54,0,0
BRDA:551,54,1,0
BRDA:576,55,0,1
BRDA:576,55,1,1
BRDA:576,55,2,0
BRDA:584,56,0,0
BRDA:584,56,1,1
BRDA:592,57,0,1
BRDA:592,57,1,0
BRDA:592,58,0,1
BRDA:592,58,1,1
BRDA:604,59,0,1
BRDA:604,59,1,1
BRDA:604,59,2,0
BRDA:626,60,0,0
BRDA:628,61,0,0
BRDA:628,61,1,0
BRDA:628,62,0,0
BRDA:628,62,1,0
BRDA:628,63,0,0
BRDA:628,63,1,0
BRDA:639,64,0,0
BRDA:639,64,1,0
BRDA:640,65,0,0
BRDA:640,65,1,0
BRDA:640,65,2,0
BRDA:653,66,0,0
BRDA:653,66,1,0
BRDA:662,67,0,0
BRDA:662,67,1,0
BRDA:662,68,0,0
BRDA:662,68,1,0
BRDA:701,69,0,0
BRDA:701,69,1,0
BRDA:706,70,0,0
BRDA:706,70,1,0
BRDA:737,71,0,0
BRDA:737,71,1,1
BRDA:740,72,0,0
BRDA:740,72,1,1
BRDA:752,73,0,0
BRDA:752,73,1,1
BRDA:754,74,0,1
BRDA:754,74,1,0
BRDA:754,75,0,1
BRDA:754,75,1,1
BRDA:788,76,0,0
BRDA:788,76,1,0
BRDA:794,77,0,0
BRDA:794,77,1,0
BRDA:809,78,0,0
BRDA:809,78,1,0
BRDA:815,79,0,0
BRDA:815,79,1,0
BRF:163
BRH:64
end_of_record
TN:
SF:src\features\recensioni\services\dao-recensioni.js
FN:17,(anonymous_0)
FN:41,(anonymous_1)
FN:42,(anonymous_2)
FN:56,(anonymous_3)
FN:60,(anonymous_4)
FN:61,(anonymous_5)
FN:84,(anonymous_6)
FN:89,(anonymous_7)
FN:93,(anonymous_8)
FN:109,(anonymous_9)
FN:126,(anonymous_10)
FN:127,(anonymous_11)
FN:146,(anonymous_12)
FN:151,(anonymous_13)
FN:155,(anonymous_14)
FN:174,(anonymous_15)
FN:177,(anonymous_16)
FN:178,(anonymous_17)
FN:194,(anonymous_18)
FN:216,(anonymous_19)
FN:217,(anonymous_20)
FN:232,(anonymous_21)
FN:249,(anonymous_22)
FN:250,(anonymous_23)
FN:266,(anonymous_24)
FN:269,(anonymous_25)
FN:270,(anonymous_26)
FN:289,(anonymous_27)
FN:292,(anonymous_28)
FN:293,(anonymous_29)
FNF:30
FNH:18
FNDA:1,(anonymous_0)
FNDA:1,(anonymous_1)
FNDA:1,(anonymous_2)
FNDA:1,(anonymous_3)
FNDA:1,(anonymous_4)
FNDA:1,(anonymous_5)
FNDA:1,(anonymous_6)
FNDA:1,(anonymous_7)
FNDA:1,(anonymous_8)
FNDA:0,(anonymous_9)
FNDA:0,(anonymous_10)
FNDA:0,(anonymous_11)
FNDA:1,(anonymous_12)
FNDA:1,(anonymous_13)
FNDA:1,(anonymous_14)
FNDA:1,(anonymous_15)
FNDA:1,(anonymous_16)
FNDA:1,(anonymous_17)
FNDA:0,(anonymous_18)
FNDA:0,(anonymous_19)
FNDA:0,(anonymous_20)
FNDA:0,(anonymous_21)
FNDA:0,(anonymous_22)
FNDA:0,(anonymous_23)
FNDA:0,(anonymous_24)
FNDA:0,(anonymous_25)
FNDA:0,(anonymous_26)
FNDA:1,(anonymous_27)
FNDA:1,(anonymous_28)
FNDA:1,(anonymous_29)
DA:10,3
DA:17,3
DA:18,1
DA:41,1
DA:42,1
DA:43,1
DA:44,0
DA:46,1
DA:56,3
DA:58,1
DA:60,1
DA:61,1
DA:62,1
DA:63,0
DA:67,1
DA:84,3
DA:87,1
DA:88,1
DA:89,1
DA:90,1
DA:94,1
DA:95,0
DA:97,1
DA:109,3
DA:110,0
DA:126,0
DA:127,0
DA:128,0
DA:129,0
DA:133,0
DA:146,3
DA:147,1
DA:148,1
DA:151,1
DA:152,1
DA:156,1
DA:157,0
DA:160,1
DA:161,1
DA:174,3
DA:175,1
DA:177,1
DA:178,1
DA:179,1
DA:180,0
DA:183,1
DA:184,1
DA:194,3
DA:195,0
DA:216,0
DA:217,0
DA:218,0
DA:219,0
DA:221,0
DA:232,3
DA:233,0
DA:249,0
DA:250,0
DA:251,0
DA:252,0
DA:254,0
DA:266,3
DA:267,0
DA:269,0
DA:270,0
DA:271,0
DA:272,0
DA:277,0
DA:278,0
DA:289,3
DA:290,1
DA:292,1
DA:293,1
DA:294,1
DA:295,0
DA:298,1
DA:299,1
LF:77
LH:46
BRDA:43,0,0,0
BRDA:43,0,1,1
BRDA:62,1,0,0
BRDA:62,1,1,1
BRDA:94,2,0,0
BRDA:94,2,1,1
BRDA:128,3,0,0
BRDA:128,3,1,0
BRDA:156,4,0,0
BRDA:156,4,1,1
BRDA:160,5,0,1
BRDA:160,5,1,0
BRDA:160,6,0,1
BRDA:160,6,1,1
BRDA:179,7,0,0
BRDA:179,7,1,1
BRDA:183,8,0,1
BRDA:183,8,1,0
BRDA:183,9,0,1
BRDA:183,9,1,1
BRDA:218,10,0,0
BRDA:218,10,1,0
BRDA:251,11,0,0
BRDA:251,11,1,0
BRDA:270,12,0,0
BRDA:270,12,1,0
BRDA:271,13,0,0
BRDA:271,13,1,0
BRDA:277,14,0,0
BRDA:277,14,1,0
BRDA:277,15,0,0
BRDA:277,15,1,0
BRDA:294,16,0,0
BRDA:294,16,1,1
BRDA:298,17,0,1
BRDA:298,17,1,0
BRDA:298,18,0,1
BRDA:298,18,1,1
BRF:38
BRH:15
end_of_record
TN:
SF:src\features\squadre\services\dao-dirigenti-squadre.js
FN:7,makeDirigenteSquadra
FN:25,(anonymous_1)
FN:26,(anonymous_2)
FN:34,(anonymous_3)
FN:50,(anonymous_4)
FN:76,(anonymous_5)
FN:77,(anonymous_6)
FN:89,(anonymous_7)
FN:108,(anonymous_8)
FN:109,(anonymous_9)
FN:117,(anonymous_10)
FN:127,(anonymous_11)
FN:128,(anonymous_12)
FN:151,(anonymous_13)
FN:184,(anonymous_14)
FN:218,(anonymous_15)
FN:255,(anonymous_16)
FN:256,(anonymous_17)
FN:258,(anonymous_18)
FN:273,(anonymous_19)
FN:274,(anonymous_20)
[...]
BRDA:160,23,0,0
BRDA:160,23,1,0
BRDA:160,23,2,0
BRDA:199,24,0,0
BRDA:199,24,1,0
BRDA:218,25,0,0
BRDA:218,25,1,0
BRDA:219,26,0,0
BRDA:219,26,1,0
BRDA:219,26,2,0
BRDA:219,26,3,0
BRDA:223,27,0,0
BRDA:223,27,1,0
BRDA:223,27,2,0
BRDA:223,27,3,0
BRDA:223,27,4,0
BRDA:260,28,0,0
BRDA:260,28,1,0
BRDA:261,29,0,0
BRDA:261,29,1,0
BRDA:261,29,2,0
BRDA:261,29,3,0
BRDA:291,30,0,0
BRDA:291,30,1,0
BRDA:291,30,2,0
BRDA:291,30,3,0
BRDA:297,31,0,0
BRDA:297,31,1,0
BRDA:322,32,0,0
BRDA:322,32,1,0
BRDA:323,33,0,0
BRDA:323,33,1,0
BRDA:323,33,2,0
BRDA:323,33,3,0
BRDA:335,34,0,0
BRDA:335,34,1,0
BRDA:335,34,2,0
BRDA:353,35,0,0
BRDA:353,35,1,0
BRDA:354,36,0,0
BRDA:354,36,1,0
BRDA:354,36,2,0
BRDA:354,36,3,0
BRDA:364,37,0,0
BRDA:365,38,0,0
BRDA:366,39,0,0
BRDA:367,40,0,0
BRDA:367,40,1,0
BRDA:385,41,0,0
BRDA:385,41,1,0
BRDA:386,42,0,0
BRDA:386,42,1,0
BRDA:386,42,2,0
BRDA:386,42,3,0
BRDA:390,43,0,0
BRDA:390,43,1,0
BRDA:390,43,2,0
BRDA:390,43,3,0
BRDA:390,43,4,0
BRDA:421,44,0,0
BRDA:421,44,1,0
BRDA:422,45,0,0
BRDA:422,45,1,0
BRDA:422,45,2,0
BRDA:422,45,3,0
BRDA:426,46,0,0
BRDA:426,46,1,0
BRDA:426,46,2,0
BRDA:426,46,3,0
BRDA:426,46,4,0
BRDA:436,47,0,0
BRDA:437,48,0,0
BRDA:438,49,0,0
BRDA:439,50,0,0
BRDA:439,50,1,0
BRDA:454,51,0,0
BRDA:454,51,1,0
BRDA:454,52,0,0
BRDA:454,52,1,0
BRDA:470,53,0,0
BRDA:470,53,1,0
BRDA:471,54,0,0
BRDA:471,54,1,0
BRDA:471,54,2,0
BRDA:471,54,3,0
BRDA:480,55,0,0
BRDA:481,56,0,0
BRDA:482,57,0,0
BRDA:483,58,0,0
BRDA:488,59,0,0
BRDA:488,59,1,0
BRDA:495,60,0,0
BRDA:495,60,1,0
BRDA:498,61,0,0
BRDA:498,61,1,0
BRF:155
BRH:0
end_of_record
TN:
SF:src\shared\routes\search.js
FN:10,(anonymous_0)
FNF:1
FNH:0
FNDA:0,(anonymous_0)
DA:2,0
DA:3,0
DA:4,0
DA:5,0
DA:6,0
DA:7,0
DA:10,0
DA:11,0
DA:12,0
DA:13,0
DA:15,0
DA:18,0
DA:19,0
DA:22,0
DA:23,0
DA:24,0
DA:25,0
DA:41,0
DA:44,0
DA:47,0
DA:49,0
DA:57,0
DA:64,0
DA:65,0
DA:74,0
LF:25
LH:0
BRDA:12,0,0,0
BRDA:12,0,1,0
BRDA:13,1,0,0
BRDA:13,1,1,0
BRDA:18,2,0,0
BRDA:18,2,1,0
BRDA:18,3,0,0
BRDA:18,3,1,0
BRDA:23,4,0,0
BRDA:23,4,1,0
BRDA:24,5,0,0
BRDA:24,5,1,0
BRDA:24,6,0,0
BRDA:24,6,1,0
BRDA:50,7,0,0
BRDA:50,7,1,0
BRDA:51,8,0,0
BRDA:51,8,1,0
BRDA:52,9,0,0
BRDA:52,9,1,0
BRDA:53,10,0,0
BRDA:53,10,1,0
BRDA:66,11,0,0
BRDA:66,11,1,0
BRDA:67,12,0,0
BRDA:67,12,1,0
BRF:26
BRH:0
end_of_record
TN:
SF:src\shared\routes\session.js
FN:11,(anonymous_0)
FN:12,(anonymous_1)
FN:30,(anonymous_2)
FN:34,(anonymous_3)
FN:54,(anonymous_4)
FN:67,doLogin
FN:68,(anonymous_6)
FN:96,(anonymous_7)
FN:112,(anonymous_8)
FN:116,(anonymous_9)
FN:131,(anonymous_10)
FN:142,(anonymous_11)
FN:200,(anonymous_12)
FNF:13
FNH:0
FNDA:0,(anonymous_0)
FNDA:0,(anonymous_1)
FNDA:0,(anonymous_2)
FNDA:0,(anonymous_3)
FNDA:0,(anonymous_4)
FNDA:0,doLogin
FNDA:0,(anonymous_6)
FNDA:0,(anonymous_7)
FNDA:0,(anonymous_8)
FNDA:0,(anonymous_9)
FNDA:0,(anonymous_10)
FNDA:0,(anonymous_11)
FNDA:0,(anonymous_12)
DA:3,1
DA:4,1
DA:5,1
DA:6,1
DA:7,1
DA:8,1
DA:11,1
DA:12,0
DA:13,0
DA:14,0
DA:15,0
DA:18,0
DA:19,0
DA:27,0
DA:29,0
DA:30,0
DA:32,0
DA:34,0
DA:35,0
DA:38,0
DA:40,0
DA:41,0
DA:44,0
DA:55,0
DA:56,0
DA:60,0
DA:68,0
DA:69,0
DA:72,0
DA:75,0
DA:76,0
DA:79,0
DA:80,0
DA:82,0
DA:91,0
DA:92,0
DA:93,0
DA:94,0
DA:95,0
DA:96,0
DA:99,0
DA:102,0
DA:112,1
DA:113,0
DA:114,0
DA:116,0
DA:117,0
DA:120,0
DA:121,0
DA:122,0
DA:125,0
DA:126,0
DA:131,1
DA:132,0
DA:135,1
DA:142,1
DA:143,0
DA:145,0
DA:146,0
DA:150,0
DA:152,0
DA:153,0
DA:156,0
DA:157,0
DA:158,0
DA:159,0
DA:160,0
DA:161,0
DA:162,0
DA:170,0
DA:177,0
DA:184,0
DA:188,0
DA:200,1
DA:201,0
DA:203,0
DA:204,0
DA:208,0
DA:210,0
DA:211,0
DA:219,0
DA:220,0
DA:223,0
DA:227,0
DA:233,0
DA:237,0
DA:244,1
LF:87
LH:13
BRDA:13,0,0,0
BRDA:13,0,1,0
BRDA:14,1,0,0
BRDA:14,1,1,0
BRDA:15,2,0,0
BRDA:15,2,1,0
BRDA:18,3,0,0
BRDA:18,3,1,0
BRDA:18,4,0,0
BRDA:18,4,1,0
BRDA:27,5,0,0
BRDA:27,5,1,0
BRDA:27,6,0,0
BRDA:27,6,1,0
BRDA:32,7,0,0
BRDA:32,7,1,0
BRDA:32,8,0,0
BRDA:32,8,1,0
BRDA:32,8,2,0
BRDA:41,9,0,0
BRDA:41,9,1,0
BRDA:41,10,0,0
BRDA:41,10,1,0
BRDA:48,11,0,0
BRDA:48,11,1,0
BRDA:48,11,2,0
BRDA:51,12,0,0
BRDA:51,12,1,0
BRDA:51,12,2,0
BRDA:69,13,0,0
BRDA:69,13,1,0
BRDA:79,14,0,0
BRDA:79,14,1,0
BRDA:114,15,0,0
BRDA:114,15,1,0
BRDA:117,16,0,0
BRDA:117,16,1,0
BRDA:145,17,0,0
BRDA:145,17,1,0
BRDA:145,18,0,0
BRDA:145,18,1,0
BRDA:160,19,0,0
BRDA:160,19,1,0
BRDA:164,20,0,0
BRDA:164,20,1,0
BRDA:166,21,0,0
BRDA:166,21,1,0
BRDA:203,22,0,0
BRDA:203,22,1,0
BRDA:203,23,0,0
BRDA:203,23,1,0
BRDA:210,24,0,0
BRDA:210,24,1,0
BRF:53
BRH:0
end_of_record
TN:
SF:src\shared\routes\sitemap.js
FN:22,(anonymous_0)
FN:58,(anonymous_1)
FN:78,(anonymous_2)
FN:101,(anonymous_3)
FN:120,(anonymous_4)
FNF:5
FNH:0
FNDA:0,(anonymous_0)
FNDA:0,(anonymous_1)
FNDA:0,(anonymous_2)
FNDA:0,(anonymous_3)
FNDA:0,(anonymous_4)
DA:8,1
DA:9,1
DA:10,1
DA:11,1
DA:14,1
DA:15,1
DA:16,1
DA:22,1
DA:23,0
DA:25,0
DA:28,0
DA:31,0
DA:35,0
DA:58,0
DA:59,0
DA:70,0
DA:71,0
DA:77,0
DA:78,0
DA:79,0
DA:92,0
DA:97,0
DA:98,0
DA:100,0
DA:101,0
DA:102,0
DA:111,0
DA:116,0
DA:117,0
DA:119,0
DA:120,0
DA:121,0
DA:130,0
DA:153,0
DA:156,0
DA:159,0
DA:165,0
DA:166,0
DA:170,1
LF:39
LH:9
BRDA:77,0,0,0
BRDA:77,0,1,0
BRDA:77,1,0,0
BRDA:77,1,1,0
BRDA:85,2,0,0
BRDA:85,2,1,0
BRDA:85,2,2,0
BRDA:100,3,0,0
BRDA:100,3,1,0
BRDA:100,4,0,0
BRDA:100,4,1,0
BRDA:106,5,0,0
BRDA:106,5,1,0
BRDA:119,6,0,0
BRDA:119,6,1,0
BRDA:119,7,0,0
BRDA:119,7,1,0
BRDA:125,8,0,0
BRDA:125,8,1,0
BRF:19
BRH:0
end_of_record
TN:
SF:src\shared\services\email-service.js
FN:76,verifyTransporter
FN:92,sendWithRetry
FN:172,(anonymous_2)
FN:185,sendViaSendGrid
FN:239,sendViaResend
FN:327,(anonymous_5)
FN:631,(anonymous_6)
FN:679,(anonymous_7)
FN:818,(anonymous_8)
FN:945,(anonymous_9)
FN:1060,(anonymous_10)
FN:1116,(anonymous_11)
FN:1285,(anonymous_12)
FN:1378,(anonymous_13)
FN:1481,(anonymous_14)
FNF:15
FNH:6
FNDA:6,verifyTransporter
FNDA:6,sendWithRetry
FNDA:1,(anonymous_2)
FNDA:0,sendViaSendGrid
FNDA:0,sendViaResend
FNDA:4,(anonymous_5)
FNDA:1,(anonymous_6)
FNDA:1,(anonymous_7)
FNDA:0,(anonymous_8)
FNDA:0,(anonymous_9)
FNDA:0,(anonymous_10)
FNDA:0,(anonymous_11)
FNDA:0,(anonymous_12)
FNDA:0,(anonymous_13)
FNDA:0,(anonymous_14)
DA:3,2
DA:4,2
DA:5,2
DA:8,2
DA:12,2
DA:13,2
DA:14,1
DA:16,1
DA:18,1
DA:19,1
DA:20,1
DA:21,1
DA:23,0
DA:27,0
DA:34,2
DA:35,2
DA:36,2
DA:39,2
DA:41,2
DA:47,2
DA:48,2
DA:49,0
DA:54,2
DA:77,6
DA:78,6
DA:79,6
DA:80,6
DA:82,0
DA:87,0
DA:93,6
DA:96,6
DA:97,0
DA:98,0
DA:102,0
DA:103,0
DA:104,0
DA:108,6
DA:109,0
DA:110,0
DA:111,0
DA:112,0
DA:113,0
DA:115,0
DA:122,6
DA:123,0
DA:124,0
DA:125,0
DA:126,0
DA:127,0
DA:129,0
DA:138,6
DA:139,6
DA:142,0
DA:143,0
DA:149,6
DA:150,7
DA:151,7
DA:152,7
DA:153,0
DA:154,7
DA:155,5
DA:156,0
DA:157,5
DA:159,2
DA:160,2
DA:162,2
DA:168,1
DA:169,1
DA:172,1
DA:173,1
DA:176,1
DA:180,0
DA:181,0
DA:186,0
DA:188,0
DA:199,0
DA:203,0
DA:204,0
DA:205,0
DA:206,0
DA:207,0
DA:214,0
DA:216,0
DA:227,0
DA:229,0
DA:230,0
DA:235,0
DA:240,0
DA:243,0
DA:246,0
DA:248,0
DA:255,0
DA:265,0
DA:269,0
DA:270,0
DA:271,0
DA:272,0
DA:273,0
DA:279,0
DA:280,0
DA:289,0
DA:291,0
DA:295,2
DA:299,2
DA:302,2
DA:304,2
DA:305,2
DA:310,1
DA:311,1
DA:312,1
DA:314,1
DA:315,1
DA:320,1
DA:322,1
DA:327,2
DA:335,4
DA:336,4
DA:338,4
DA:346,4
DA:595,4
DA:604,4
DA:605,4
DA:622,4
DA:623,3
DA:624,3
DA:626,1
DA:627,1
DA:631,2
DA:632,1
DA:633,1
DA:670,1
DA:671,1
DA:672,1
DA:674,0
DA:675,0
DA:679,2
DA:685,1
DA:686,1
DA:694,1
DA:809,1
DA:810,1
DA:811,1
DA:813,0
DA:814,0
DA:818,2
DA:819,0
DA:820,0
DA:936,0
DA:937,0
DA:938,0
DA:940,0
DA:941,0
DA:945,2
DA:946,0
DA:947,0
DA:1048,0
DA:1049,0
DA:1050,0
DA:1052,0
DA:1053,0
DA:1060,2
DA:1065,0
DA:1066,0
DA:1108,0
DA:1109,0
DA:1111,0
DA:1112,0
DA:1116,2
DA:1121,0
DA:1122,0
DA:1265,0
DA:1266,0
DA:1270,0
DA:1272,0
DA:1276,0
DA:1280,2
DA:1285,2
DA:1290,0
DA:1292,0
DA:1295,0
DA:1360,0
DA:1361,0
DA:1365,0
DA:1367,0
DA:1371,0
DA:1378,2
DA:1384,0
DA:1385,0
DA:1386,0
DA:1389,0
DA:1392,0
DA:1395,0
DA:1399,0
DA:1461,0
DA:1462,0
DA:1466,0
DA:1468,0
DA:1472,0
DA:1477,2
DA:1478,2
DA:1481,2
DA:1482,0
DA:1483,0
DA:1484,0
DA:1490,0
LF:205
LH:93
BRDA:13,0,0,1
BRDA:13,0,1,1
BRDA:18,1,0,1
BRDA:18,1,1,1
BRDA:18,1,2,0
BRDA:18,1,3,0
BRDA:20,2,0,1
BRDA:20,2,1,0
BRDA:25,3,0,0
BRDA:25,3,1,0
BRDA:34,4,0,2
BRDA:34,4,1,1
BRDA:35,5,0,2
BRDA:35,5,1,1
BRDA:36,6,0,2
BRDA:36,6,1,2
BRDA:39,7,0,2
BRDA:39,7,1,1
BRDA:39,8,0,2
BRDA:39,8,1,1
BRDA:39,8,2,1
BRDA:42,9,0,2
BRDA:42,9,1,1
BRDA:42,9,2,1
BRDA:47,10,0,2
BRDA:47,10,1,1
BRDA:48,11,0,0
BRDA:48,11,1,2
BRDA:48,12,0,2
BRDA:48,12,1,1
BRDA:58,13,0,1
BRDA:58,13,1,1
BRDA:58,14,0,2
BRDA:58,14,1,1
BRDA:64,15,0,2
BRDA:64,15,1,2
BRDA:67,16,0,2
BRDA:67,16,1,2
BRDA:68,17,0,2
BRDA:68,17,1,2
BRDA:79,18,0,0
BRDA:79,18,1,6
BRDA:84,19,0,0
BRDA:84,19,1,0
BRDA:84,20,0,0
BRDA:84,20,1,0
BRDA:92,21,0,6
BRDA:96,22,0,0
BRDA:96,22,1,6
BRDA:97,23,0,0
BRDA:97,23,1,0
BRDA:102,24,0,0
BRDA:102,24,1,0
BRDA:108,25,0,0
BRDA:108,25,1,6
BRDA:110,26,0,0
BRDA:110,26,1,0
BRDA:117,27,0,0
BRDA:117,27,1,0
BRDA:122,28,0,0
BRDA:122,28,1,6
BRDA:124,29,0,0
BRDA:124,29,1,0
BRDA:131,30,0,0
BRDA:131,30,1,0
BRDA:142,31,0,0
BRDA:142,31,1,0
BRDA:145,32,0,0
BRDA:145,32,1,0
BRDA:152,33,0,0
BRDA:152,33,1,7
BRDA:155,34,0,0
BRDA:155,34,1,5
BRDA:156,35,0,0
BRDA:156,35,1,0
BRDA:160,36,0,2
BRDA:160,36,1,2
BRDA:162,37,0,1
BRDA:162,37,1,1
BRDA:163,38,0,2
BRDA:163,38,1,1
BRDA:163,38,2,1
BRDA:163,38,3,1
BRDA:180,39,0,0
BRDA:180,39,1,0
BRDA:186,40,0,0
BRDA:186,40,1,0
BRDA:191,41,0,0
BRDA:191,41,1,0
BRDA:191,41,2,0
BRDA:199,42,0,0
BRDA:199,42,1,0
BRDA:200,43,0,0
BRDA:200,43,1,0
BRDA:205,44,0,0
BRDA:205,44,1,0
BRDA:205,45,0,0
BRDA:205,45,1,0
BRDA:209,46,0,0
BRDA:209,46,1,0
BRDA:210,47,0,0
BRDA:210,47,1,0
BRDA:212,48,0,0
BRDA:212,48,1,0
BRDA:214,49,0,0
BRDA:214,49,1,0
BRDA:218,50,0,0
BRDA:218,50,1,0
BRDA:219,51,0,0
BRDA:219,51,1,0
BRDA:221,52,0,0
BRDA:221,52,1,0
BRDA:229,53,0,0
BRDA:229,53,1,0
BRDA:229,54,0,0
BRDA:229,54,1,0
BRDA:229,54,2,0
BRDA:231,55,0,0
BRDA:231,55,1,0
BRDA:240,56,0,0
BRDA:240,56,1,0
BRDA:243,57,0,0
BRDA:243,57,1,0
BRDA:243,57,2,0
BRDA:246,58,0,0
BRDA:246,58,1,0
BRDA:259,59,0,0
BRDA:259,59,1,0
BRDA:260,60,0,0
BRDA:260,60,1,0
BRDA:265,61,0,0
BRDA:265,61,1,0
BRDA:266,62,0,0
BRDA:266,62,1,0
BRDA:271,63,0,0
BRDA:271,63,1,0
BRDA:271,64,0,0
BRDA:271,64,1,0
BRDA:274,65,0,0
BRDA:274,65,1,0
BRDA:275,66,0,0
BRDA:275,66,1,0
BRDA:279,67,0,0
BRDA:279,67,1,0
BRDA:281,68,0,0
BRDA:281,68,1,0
BRDA:282,69,0,0
BRDA:282,69,1,0
BRDA:291,70,0,0
BRDA:291,70,1,0
BRDA:299,71,0,1
BRDA:299,71,1,1
BRDA:299,72,0,2
BRDA:299,72,1,1
BRDA:304,73,0,2
BRDA:304,73,1,1
BRDA:305,74,0,1
BRDA:305,74,1,1
BRDA:306,75,0,2
BRDA:306,75,1,1
BRDA:306,75,2,1
BRDA:311,76,0,1
BRDA:311,76,1,0
BRDA:311,77,0,1
BRDA:311,77,1,0
BRDA:314,78,0,1
BRDA:314,78,1,0
BRDA:317,79,0,1
BRDA:317,79,1,1
BRDA:320,80,0,1
BRDA:320,80,1,1
BRDA:323,81,0,1
BRDA:323,81,1,1
BRDA:324,82,0,1
BRDA:324,82,1,1
BRDA:333,83,0,4
BRDA:338,84,0,4
BRDA:338,84,1,4
BRDA:567,85,0,4
BRDA:567,85,1,3
BRDA:595,86,0,1
BRDA:595,86,1,3
BRDA:595,87,0,4
BRDA:595,87,1,1
BRDA:597,88,0,3
BRDA:597,88,1,0
BRDA:604,89,0,4
BRDA:604,89,1,4
BRDA:611,90,0,0
BRDA:611,90,1,4
BRDA:623,91,0,3
BRDA:623,91,1,3
BRDA:634,92,0,1
BRDA:634,92,1,1
BRDA:671,93,0,1
BRDA:671,93,1,1
BRDA:695,94,0,1
BRDA:695,94,1,1
BRDA:810,95,0,1
BRDA:810,95,1,1
BRDA:821,96,0,0
BRDA:821,96,1,0
BRDA:937,97,0,0
BRDA:937,97,1,0
BRDA:948,98,0,0
BRDA:948,98,1,0
BRDA:1031,99,0,0
BRDA:1031,99,1,0
BRDA:1049,100,0,0
BRDA:1049,100,1,0
BRDA:1067,101,0,0
BRDA:1067,101,1,0
BRDA:1098,102,0,0
BRDA:1098,102,1,0
BRDA:1099,103,0,0
BRDA:1099,103,1,0
BRDA:1100,104,0,0
BRDA:1100,104,1,0
BRDA:1123,105,0,0
BRDA:1123,105,1,0
BRDA:1224,106,0,0
BRDA:1224,106,1,0
BRDA:1232,107,0,0
BRDA:1232,107,1,0
BRDA:1241,108,0,0
BRDA:1241,108,1,0
BRDA:1250,109,0,0
BRDA:1250,109,1,0
BRDA:1268,110,0,0
BRDA:1268,110,1,0
BRDA:1292,111,0,0
BRDA:1292,111,1,0
BRDA:1292,111,2,0
BRDA:1296,112,0,0
BRDA:1296,112,1,0
BRDA:1332,113,0,0
BRDA:1332,113,1,0
BRDA:1336,114,0,0
BRDA:1336,114,1,0
BRDA:1340,115,0,0
BRDA:1340,115,1,0
BRDA:1347,116,0,0
BRDA:1347,116,1,0
BRDA:1363,117,0,0
BRDA:1363,117,1,0
BRDA:1382,118,0,0
BRDA:1382,119,0,0
BRDA:1385,120,0,0
BRDA:1385,120,1,0
BRDA:1386,121,0,0
BRDA:1386,121,1,0
BRDA:1389,122,0,0
BRDA:1389,122,1,0
BRDA:1392,123,0,0
BRDA:1392,123,1,0
BRDA:1393,124,0,0
BRDA:1393,124,1,0
BRDA:1394,125,0,0
BRDA:1394,125,1,0
BRDA:1395,126,0,0
BRDA:1395,126,1,0
BRDA:1400,127,0,0
BRDA:1400,127,1,0
BRDA:1437,128,0,0
BRDA:1437,128,1,0
BRDA:1441,129,0,0
BRDA:1441,129,1,0
BRDA:1445,130,0,0
BRDA:1445,130,1,0
BRDA:1463,131,0,0
BRDA:1463,131,1,0
BRDA:1464,132,0,0
BRDA:1464,132,1,0
BRDA:1469,133,0,0
BRDA:1469,133,1,0
BRDA:1482,134,0,0
BRDA:1482,134,1,0
BRDA:1485,135,0,0
BRDA:1485,135,1,0
BRF:279
BRH:94
end_of_record
TN:
SF:src\shared\services\notifications.js
FN:17,queueNotificationForAdmins
FN:62,queueNotificationForUsers
FN:112,queueNotificationForAll
FN:157,getQueueStats
FNF:4
FNH:4
FNDA:3,queueNotificationForAdmins
FNDA:3,queueNotificationForUsers
FNDA:2,queueNotificationForAll
FNDA:2,getQueueStats
DA:6,2
DA:7,2
DA:9,2
DA:18,3
DA:20,3
DA:21,3
DA:31,3
DA:33,1
DA:36,1
DA:38,2
DA:41,2
DA:42,2
DA:43,2
DA:44,1
DA:46,1
DA:50,1
DA:63,3
DA:64,1
DA:65,1
DA:68,2
DA:70,2
DA:71,2
DA:82,2
DA:84,1
DA:87,1
DA:89,1
DA:92,1
DA:93,1
DA:94,1
DA:95,1
DA:97,0
DA:101,0
DA:113,2
DA:115,2
DA:116,2
DA:126,2
DA:128,1
DA:131,1
DA:133,1
DA:139,1
DA:140,1
DA:141,1
DA:142,1
DA:144,0
DA:148,0
DA:158,2
DA:159,2
DA:161,1
DA:169,1
DA:170,1
DA:174,2
LF:51
LH:47
BRDA:17,0,0,3
BRDA:18,1,0,3
BRDA:18,2,0,3
BRDA:62,3,0,3
BRDA:63,4,0,1
BRDA:63,4,1,2
BRDA:63,5,0,3
BRDA:63,5,1,3
BRDA:68,6,0,2
BRDA:68,7,0,2
BRDA:112,8,0,2
BRDA:113,9,0,2
BRDA:113,10,0,2
BRF:13
BRH:13
end_of_record
TN:
SF:src\shared\services\webpush.js
FN:38,loadSubscriptions
FN:48,(anonymous_1)
FN:75,addSubscription
FN:146,removeSubscription
FN:175,incrementErrorCount
FN:193,updateSuccessTimestamp
FN:212,getSubscriptionByEndpoint
FN:235,sendNotificationToUsers
FN:252,(anonymous_8)
FN:253,(anonymous_9)
FN:263,(anonymous_10)
FN:274,(anonymous_11)
FN:295,(anonymous_12)
FN:316,(anonymous_13)
FN:323,(anonymous_14)
FN:374,(anonymous_15)
FN:376,(anonymous_16)
FN:378,(anonymous_17)
FN:387,(anonymous_18)
FN:416,sendNotificationToAdmins
FN:427,(anonymous_20)
FN:432,(anonymous_21)
FN:449,(anonymous_22)
FN:468,(anonymous_23)
FN:489,(anonymous_24)
FN:496,(anonymous_25)
FN:540,(anonymous_26)
FN:542,(anonymous_27)
FN:544,(anonymous_28)
FN:552,(anonymous_29)
FN:581,sendNotificationToAll
FN:597,(anonymous_31)
FN:611,(anonymous_32)
FN:615,(anonymous_33)
FN:627,(anonymous_34)
FN:629,(anonymous_35)
FN:631,(anonymous_36)
FN:648,cleanupFailedSubscriptions
FNF:38
FNH:36
FNDA:2,loadSubscriptions
FNDA:1,(anonymous_1)
FNDA:4,addSubscription
FNDA:1,removeSubscription
FNDA:2,incrementErrorCount
FNDA:4,updateSuccessTimestamp
FNDA:2,getSubscriptionByEndpoint
FNDA:4,sendNotificationToUsers
FNDA:5,(anonymous_8)
FNDA:8,(anonymous_9)
FNDA:8,(anonymous_10)
FNDA:4,(anonymous_11)
FNDA:4,(anonymous_12)
FNDA:1,(anonymous_13)
FNDA:3,(anonymous_14)
FNDA:4,(anonymous_15)
FNDA:4,(anonymous_16)
FNDA:4,(anonymous_17)
FNDA:4,(anonymous_18)
FNDA:2,sendNotificationToAdmins
FNDA:3,(anonymous_20)
FNDA:1,(anonymous_21)
FNDA:1,(anonymous_22)
FNDA:1,(anonymous_23)
FNDA:1,(anonymous_24)
FNDA:0,(anonymous_25)
FNDA:1,(anonymous_26)
FNDA:1,(anonymous_27)
FNDA:1,(anonymous_28)
FNDA:1,(anonymous_29)
FNDA:1,sendNotificationToAll
FNDA:2,(anonymous_31)
FNDA:2,(anonymous_32)
FNDA:0,(anonymous_33)
FNDA:2,(anonymous_34)
FNDA:2,(anonymous_35)
FNDA:2,(anonymous_36)
FNDA:1,cleanupFailedSubscriptions
DA:3,2
DA:4,2
DA:7,2
DA:8,2
DA:9,2
DA:12,2
DA:13,1
DA:16,1
DA:20,1
DA:21,1
DA:22,1
DA:28,2
DA:39,2
DA:40,2
DA:48,1
DA:60,1
DA:64,1
DA:81,4
DA:83,4
DA:84,1
DA:87,3
DA:88,3
DA:90,3
DA:91,1
DA:95,2
DA:96,2
DA:97,2
DA:98,2
DA:102,2
DA:118,2
DA:119,2
DA:121,2
DA:122,1
DA:126,1
DA:130,2
DA:132,2
DA:134,2
DA:138,2
DA:147,1
DA:148,1
DA:153,1
DA:154,0
DA:158,1
DA:166,0
DA:167,0
DA:176,2
DA:177,2
DA:185,0
DA:194,4
DA:195,4
DA:203,0
DA:213,2
DA:214,2
DA:221,2
DA:222,1
DA:224,0
DA:225,0
DA:240,4
DA:241,4
DA:242,4
DA:243,4
DA:245,4
DA:246,4
DA:252,5
DA:253,4
DA:254,8
DA:256,4
DA:262,4
DA:263,8
DA:265,4
DA:266,0
DA:272,4
DA:273,3
DA:274,3
DA:275,4
DA:283,4
DA:284,1
DA:287,1
DA:290,1
DA:293,3
DA:294,3
DA:296,4
DA:303,4
DA:308,4
DA:317,1
DA:320,1
DA:321,1
DA:324,3
DA:328,3
DA:329,3
DA:332,3
DA:333,1
DA:336,1
DA:337,1
DA:338,2
DA:339,0
DA:342,0
DA:345,0
DA:346,0
DA:349,2
DA:350,0
DA:353,0
DA:354,2
DA:355,2
DA:358,2
DA:359,2
DA:363,0
DA:366,0
DA:367,0
DA:373,3
DA:374,4
DA:376,4
DA:377,3
DA:378,4
DA:381,3
DA:382,3
DA:383,3
DA:384,3
DA:387,3
DA:388,4
DA:389,2
DA:393,2
DA:394,2
DA:395,2
DA:396,2
DA:397,1
DA:404,3
DA:406,0
DA:407,0
DA:417,2
DA:418,2
DA:419,2
DA:421,2
DA:422,2
DA:427,3
DA:428,2
DA:431,2
DA:432,2
DA:436,2
DA:441,0
DA:447,2
DA:448,1
DA:449,1
DA:450,1
DA:458,2
DA:459,1
DA:460,1
DA:463,1
DA:466,1
DA:467,1
DA:469,1
DA:476,1
DA:481,1
DA:490,1
DA:493,1
DA:494,1
DA:497,0
DA:501,0
DA:502,0
DA:504,0
DA:505,0
DA:508,0
DA:509,0
DA:510,0
DA:511,0
DA:514,0
DA:515,0
DA:516,0
DA:517,0
DA:520,0
DA:523,0
DA:524,0
DA:527,0
DA:528,0
DA:532,0
DA:533,0
DA:539,1
DA:540,1
DA:542,1
DA:543,1
DA:544,1
DA:547,1
DA:548,1
DA:549,1
DA:550,1
DA:552,1
DA:553,1
DA:554,0
DA:558,0
DA:559,0
DA:560,0
DA:561,1
DA:562,0
DA:569,1
DA:571,0
DA:572,0
DA:582,1
DA:583,1
DA:585,1
DA:587,1
DA:588,0
DA:589,0
DA:592,1
DA:596,1
DA:598,2
DA:603,2
DA:612,2
DA:613,2
DA:616,0
DA:617,0
DA:618,0
DA:620,0
DA:621,0
DA:626,1
DA:627,2
DA:629,2
DA:630,1
DA:631,2
DA:634,1
DA:637,1
DA:639,0
DA:640,0
DA:649,1
DA:650,1
DA:655,1
DA:658,1
DA:660,0
DA:661,0
DA:665,2
LF:229
LH:171
BRDA:7,0,0,2
BRDA:7,0,1,1
BRDA:8,1,0,2
BRDA:8,1,1,1
BRDA:9,2,0,2
BRDA:9,2,1,1
BRDA:12,3,0,1
BRDA:12,3,1,1
BRDA:12,4,0,2
BRDA:12,4,1,1
BRDA:78,5,0,4
BRDA:79,6,0,4
BRDA:83,7,0,1
BRDA:83,7,1,3
BRDA:83,8,0,4
BRDA:83,8,1,4
BRDA:83,8,2,3
BRDA:90,9,0,1
BRDA:90,9,1,2
BRDA:90,10,0,3
BRDA:90,10,1,2
BRDA:96,11,0,2
BRDA:96,11,1,0
BRDA:96,12,0,2
BRDA:96,12,1,2
BRDA:98,13,0,2
BRDA:98,13,1,0
BRDA:121,14,0,1
BRDA:121,14,1,1
BRDA:153,15,0,0
BRDA:153,15,1,1
BRDA:221,16,0,1
BRDA:221,16,1,1
BRDA:221,17,0,2
BRDA:221,17,1,2
BRDA:238,18,0,0
BRDA:245,19,0,4
BRDA:245,19,1,0
BRDA:263,20,0,8
BRDA:263,20,1,8
BRDA:265,21,0,0
BRDA:265,21,1,4
BRDA:272,22,0,3
BRDA:272,22,1,1
BRDA:283,23,0,1
BRDA:283,23,1,3
BRDA:313,24,0,4
BRDA:313,24,1,4
BRDA:329,25,0,0
BRDA:329,25,1,3
BRDA:332,26,0,1
BRDA:332,26,1,2
BRDA:332,27,0,3
BRDA:332,27,1,2
BRDA:338,28,0,0
BRDA:338,28,1,2
BRDA:349,29,0,0
BRDA:349,29,1,2
BRDA:354,30,0,2
BRDA:354,30,1,0
BRDA:364,31,0,0
BRDA:364,31,1,0
BRDA:374,32,0,4
BRDA:374,32,1,2
BRDA:378,33,0,4
BRDA:378,33,1,2
BRDA:388,34,0,2
BRDA:388,34,1,2
BRDA:393,35,0,2
BRDA:393,35,1,0
BRDA:394,36,0,2
BRDA:394,36,1,0
BRDA:396,37,0,1
BRDA:396,37,1,1
BRDA:396,38,0,2
BRDA:396,38,1,2
BRDA:416,39,0,0
BRDA:421,40,0,2
BRDA:421,40,1,0
BRDA:434,41,0,1
BRDA:434,41,1,0
BRDA:443,42,0,0
BRDA:443,42,1,0
BRDA:447,43,0,1
BRDA:447,43,1,1
BRDA:458,44,0,1
BRDA:458,44,1,1
BRDA:486,45,0,1
BRDA:486,45,1,1
BRDA:502,46,0,0
BRDA:502,46,1,0
BRDA:504,47,0,0
BRDA:504,47,1,0
BRDA:504,48,0,0
BRDA:504,48,1,0
BRDA:510,49,0,0
BRDA:510,49,1,0
BRDA:516,50,0,0
BRDA:516,50,1,0
BRDA:523,51,0,0
BRDA:523,51,1,0
BRDA:540,52,0,1
BRDA:540,52,1,1
BRDA:544,53,0,1
BRDA:544,53,1,1
BRDA:553,54,0,0
BRDA:553,54,1,1
BRDA:558,55,0,0
BRDA:558,55,1,0
BRDA:559,56,0,0
BRDA:559,56,1,0
BRDA:561,57,0,0
BRDA:561,57,1,1
BRDA:561,58,0,1
BRDA:561,58,1,1
BRDA:581,59,0,0
BRDA:585,60,0,1
BRDA:585,60,1,0
BRDA:587,61,0,0
BRDA:587,61,1,1
BRDA:608,62,0,2
BRDA:608,62,1,2
BRDA:616,63,0,0
BRDA:616,63,1,0
BRDA:616,64,0,0
BRDA:616,64,1,0
BRDA:627,65,0,2
BRDA:627,65,1,2
BRDA:631,66,0,2
BRDA:631,66,1,2
BRDA:648,67,0,0
BRF:131
BRH:86
end_of_record
TN:
SF:src\shared\utils\file-helper.js
FN:14,deleteImageFile
FN:61,imageFileExists
FNF:2
FNH:2
FNDA:6,deleteImageFile
FNDA:3,imageFileExists
DA:6,2
DA:7,2
DA:15,6
DA:18,4
DA:21,4
DA:26,4
DA:34,4
DA:35,4
DA:36,10
DA:37,4
DA:38,4
DA:39,1
DA:40,1
DA:41,1
DA:43,3
DA:49,4
DA:50,3
DA:53,4
DA:62,3
DA:64,2
DA:66,2
DA:70,2
DA:77,2
DA:78,5
DA:79,5
DA:85,1
DA:88,2
LF:27
LH:27
BRDA:15,0,0,2
BRDA:15,0,1,4
BRDA:18,1,0,4
BRDA:18,1,1,0
BRDA:21,2,0,0
BRDA:21,2,1,4
BRDA:36,3,0,4
BRDA:36,3,1,6
BRDA:49,4,0,3
BRDA:49,4,1,1
BRDA:62,5,0,1
BRDA:62,5,1,2
BRDA:64,6,0,2
BRDA:64,6,1,0
BRDA:66,7,0,0
BRDA:66,7,1,2
BRDA:79,8,0,1
BRDA:79,8,1,4
BRF:18
BRH:14
end_of_record
